DEBUG - 2025-12-13 06:06:04 --> Session: Class initialized using 'CodeIgniter\Session\Handlers\FileHandler' driver.
DEBUG - 2025-12-13 04:24:24 --> Session: Class initialized using 'CodeIgniter\Session\Handlers\FileHandler' driver.
DEBUG - 2025-12-13 04:44:14 --> Session: Class initialized using 'CodeIgniter\Session\Handlers\FileHandler' driver.
DEBUG - 2025-12-13 10:34:36 --> Session: Class initialized using 'CodeIgniter\Session\Handlers\FileHandler' driver.
DEBUG - 2025-12-13 10:34:39 --> Session: Class initialized using 'CodeIgniter\Session\Handlers\FileHandler' driver.
DEBUG - 2025-12-13 10:34:39 --> Session: Class initialized using 'CodeIgniter\Session\Handlers\FileHandler' driver.
DEBUG - 2025-12-13 10:34:40 --> Session: Class initialized using 'CodeIgniter\Session\Handlers\FileHandler' driver.
DEBUG - 2025-12-13 10:34:44 --> Session: Class initialized using 'CodeIgniter\Session\Handlers\FileHandler' driver.
DEBUG - 2025-12-13 10:34:45 --> Session: Class initialized using 'CodeIgniter\Session\Handlers\FileHandler' driver.
DEBUG - 2025-12-13 10:35:07 --> Session: Class initialized using 'CodeIgniter\Session\Handlers\FileHandler' driver.
DEBUG - 2025-12-13 10:35:07 --> Session: Class initialized using 'CodeIgniter\Session\Handlers\FileHandler' driver.
INFO - 2025-12-13 10:35:07 --> Language filter: Set language to 'en' from request headers
INFO - 2025-12-13 10:35:07 --> Language filter: Set language to 'en' from request headers
ERROR - 2025-12-13 10:35:07 --> Xendit API key is not configured
ERROR - 2025-12-13 10:35:07 --> Xendit API key is not configured
DEBUG - 2025-12-13 10:35:07 --> Session: Class initialized using 'CodeIgniter\Session\Handlers\FileHandler' driver.
INFO - 2025-12-13 10:35:07 --> Language filter: Set language to 'en' from request headers
ERROR - 2025-12-13 10:35:07 --> Xendit API key is not configured
DEBUG - 2025-12-13 10:35:19 --> Session: Class initialized using 'CodeIgniter\Session\Handlers\FileHandler' driver.
DEBUG - 2025-12-13 10:35:19 --> Session: Class initialized using 'CodeIgniter\Session\Handlers\FileHandler' driver.
INFO - 2025-12-13 10:35:19 --> Language filter: Set language to 'en' from request headers
INFO - 2025-12-13 10:35:19 --> Language filter: Set language to 'en' from request headers
ERROR - 2025-12-13 10:35:19 --> Xendit API key is not configured
ERROR - 2025-12-13 10:35:19 --> Xendit API key is not configured
DEBUG - 2025-12-13 10:35:20 --> Session: Class initialized using 'CodeIgniter\Session\Handlers\FileHandler' driver.
INFO - 2025-12-13 10:35:20 --> Language filter: Set language to 'en' from request headers
ERROR - 2025-12-13 10:35:20 --> Xendit API key is not configured
DEBUG - 2025-12-13 10:35:55 --> Session: Class initialized using 'CodeIgniter\Session\Handlers\FileHandler' driver.
DEBUG - 2025-12-13 10:35:56 --> Session: Class initialized using 'CodeIgniter\Session\Handlers\FileHandler' driver.
DEBUG - 2025-12-13 10:35:56 --> Session: Class initialized using 'CodeIgniter\Session\Handlers\FileHandler' driver.
DEBUG - 2025-12-13 10:35:57 --> Session: Class initialized using 'CodeIgniter\Session\Handlers\FileHandler' driver.
DEBUG - 2025-12-13 10:36:01 --> Session: Class initialized using 'CodeIgniter\Session\Handlers\FileHandler' driver.
DEBUG - 2025-12-13 10:36:06 --> Session: Class initialized using 'CodeIgniter\Session\Handlers\FileHandler' driver.
DEBUG - 2025-12-13 10:36:07 --> Session: Class initialized using 'CodeIgniter\Session\Handlers\FileHandler' driver.
DEBUG - 2025-12-13 11:27:36 --> Session: Class initialized using 'CodeIgniter\Session\Handlers\FileHandler' driver.
DEBUG - 2025-12-13 11:27:36 --> Session: Class initialized using 'CodeIgniter\Session\Handlers\FileHandler' driver.
DEBUG - 2025-12-13 11:27:41 --> Session: Class initialized using 'CodeIgniter\Session\Handlers\FileHandler' driver.
DEBUG - 2025-12-13 11:27:42 --> Session: Class initialized using 'CodeIgniter\Session\Handlers\FileHandler' driver.
DEBUG - 2025-12-13 11:27:43 --> Session: Class initialized using 'CodeIgniter\Session\Handlers\FileHandler' driver.
DEBUG - 2025-12-13 11:28:22 --> Session: Class initialized using 'CodeIgniter\Session\Handlers\FileHandler' driver.
DEBUG - 2025-12-13 11:28:26 --> Session: Class initialized using 'CodeIgniter\Session\Handlers\FileHandler' driver.
DEBUG - 2025-12-13 11:28:37 --> Session: Class initialized using 'CodeIgniter\Session\Handlers\FileHandler' driver.
DEBUG - 2025-12-13 11:28:39 --> Session: Class initialized using 'CodeIgniter\Session\Handlers\FileHandler' driver.
DEBUG - 2025-12-13 11:28:40 --> Session: Class initialized using 'CodeIgniter\Session\Handlers\FileHandler' driver.
DEBUG - 2025-12-13 11:28:40 --> Session: Class initialized using 'CodeIgniter\Session\Handlers\FileHandler' driver.
DEBUG - 2025-12-13 11:29:02 --> Session: Class initialized using 'CodeIgniter\Session\Handlers\FileHandler' driver.
DEBUG - 2025-12-13 11:29:03 --> Session: Class initialized using 'CodeIgniter\Session\Handlers\FileHandler' driver.
DEBUG - 2025-12-13 11:29:03 --> Session: Class initialized using 'CodeIgniter\Session\Handlers\FileHandler' driver.
DEBUG - 2025-12-13 11:29:04 --> Session: Class initialized using 'CodeIgniter\Session\Handlers\FileHandler' driver.
DEBUG - 2025-12-13 11:29:19 --> Session: Class initialized using 'CodeIgniter\Session\Handlers\FileHandler' driver.
DEBUG - 2025-12-13 11:29:19 --> Session: Class initialized using 'CodeIgniter\Session\Handlers\FileHandler' driver.
INFO - 2025-12-13 11:29:19 --> Language filter: Set language to 'en' from request headers
INFO - 2025-12-13 11:29:19 --> Language filter: Set language to 'en' from request headers
ERROR - 2025-12-13 11:29:19 --> Xendit API key is not configured
ERROR - 2025-12-13 11:29:19 --> Xendit API key is not configured
DEBUG - 2025-12-13 11:29:20 --> Session: Class initialized using 'CodeIgniter\Session\Handlers\FileHandler' driver.
INFO - 2025-12-13 11:29:20 --> Language filter: Set language to 'en' from request headers
ERROR - 2025-12-13 11:29:20 --> Xendit API key is not configured
DEBUG - 2025-12-13 11:31:19 --> Session: Class initialized using 'CodeIgniter\Session\Handlers\FileHandler' driver.
INFO - 2025-12-13 11:31:19 --> Language filter: Set language to 'en' from request headers
ERROR - 2025-12-13 11:31:19 --> Xendit API key is not configured
DEBUG - 2025-12-13 11:31:20 --> Session: Class initialized using 'CodeIgniter\Session\Handlers\FileHandler' driver.
INFO - 2025-12-13 11:31:20 --> Language filter: Set language to 'en' from request headers
ERROR - 2025-12-13 11:31:20 --> Xendit API key is not configured
DEBUG - 2025-12-13 11:33:14 --> Session: Class initialized using 'CodeIgniter\Session\Handlers\FileHandler' driver.
DEBUG - 2025-12-13 11:33:14 --> Session: Class initialized using 'CodeIgniter\Session\Handlers\FileHandler' driver.
INFO - 2025-12-13 11:33:14 --> Language filter: Set language to 'en' from request headers
INFO - 2025-12-13 11:33:14 --> Language filter: Set language to 'en' from request headers
ERROR - 2025-12-13 11:33:14 --> Xendit API key is not configured
ERROR - 2025-12-13 11:33:14 --> Xendit API key is not configured
DEBUG - 2025-12-13 11:33:16 --> Session: Class initialized using 'CodeIgniter\Session\Handlers\FileHandler' driver.
INFO - 2025-12-13 11:33:16 --> Language filter: Set language to 'en' from request headers
ERROR - 2025-12-13 11:33:16 --> Xendit API key is not configured
DEBUG - 2025-12-13 11:33:18 --> Session: Class initialized using 'CodeIgniter\Session\Handlers\FileHandler' driver.
DEBUG - 2025-12-13 11:33:18 --> Session: Class initialized using 'CodeIgniter\Session\Handlers\FileHandler' driver.
INFO - 2025-12-13 11:33:18 --> Language filter: Set language to 'en' from request headers
INFO - 2025-12-13 11:33:18 --> Language filter: Set language to 'en' from request headers
ERROR - 2025-12-13 11:33:18 --> Xendit API key is not configured
ERROR - 2025-12-13 11:33:18 --> Xendit API key is not configured
DEBUG - 2025-12-13 11:33:18 --> Session: Class initialized using 'CodeIgniter\Session\Handlers\FileHandler' driver.
DEBUG - 2025-12-13 11:33:18 --> Session: Class initialized using 'CodeIgniter\Session\Handlers\FileHandler' driver.
INFO - 2025-12-13 11:33:18 --> Language filter: Set language to 'en' from request headers
INFO - 2025-12-13 11:33:18 --> Language filter: Set language to 'en' from request headers
ERROR - 2025-12-13 11:33:18 --> Xendit API key is not configured
ERROR - 2025-12-13 11:33:18 --> Xendit API key is not configured
DEBUG - 2025-12-13 11:33:18 --> Session: Class initialized using 'CodeIgniter\Session\Handlers\FileHandler' driver.
DEBUG - 2025-12-13 11:33:18 --> Session: Class initialized using 'CodeIgniter\Session\Handlers\FileHandler' driver.
INFO - 2025-12-13 11:33:18 --> Language filter: Set language to 'fr' from request headers
DEBUG - 2025-12-13 11:33:18 --> Session: Class initialized using 'CodeIgniter\Session\Handlers\FileHandler' driver.
INFO - 2025-12-13 11:33:18 --> Language filter: Set language to 'fr' from request headers
INFO - 2025-12-13 11:33:18 --> Language filter: Set language to 'fr' from request headers
ERROR - 2025-12-13 11:33:18 --> Xendit API key is not configured
ERROR - 2025-12-13 11:33:18 --> Xendit API key is not configured
ERROR - 2025-12-13 11:33:18 --> Xendit API key is not configured
DEBUG - 2025-12-13 11:33:20 --> Session: Class initialized using 'CodeIgniter\Session\Handlers\FileHandler' driver.
INFO - 2025-12-13 11:33:20 --> Language filter: Set language to 'fr' from request headers
ERROR - 2025-12-13 11:33:20 --> Xendit API key is not configured
DEBUG - 2025-12-13 11:33:20 --> Session: Class initialized using 'CodeIgniter\Session\Handlers\FileHandler' driver.
INFO - 2025-12-13 11:33:20 --> Language filter: Set language to 'fr' from request headers
ERROR - 2025-12-13 11:33:20 --> Xendit API key is not configured
DEBUG - 2025-12-13 11:33:20 --> Session: Class initialized using 'CodeIgniter\Session\Handlers\FileHandler' driver.
INFO - 2025-12-13 11:33:20 --> Language filter: Set language to 'fr' from request headers
ERROR - 2025-12-13 11:33:20 --> Xendit API key is not configured
DEBUG - 2025-12-13 11:33:25 --> Session: Class initialized using 'CodeIgniter\Session\Handlers\FileHandler' driver.
INFO - 2025-12-13 11:33:25 --> Language filter: Set language to 'fr' from request headers
ERROR - 2025-12-13 11:33:25 --> Xendit API key is not configured
DEBUG - 2025-12-13 11:33:28 --> Session: Class initialized using 'CodeIgniter\Session\Handlers\FileHandler' driver.
INFO - 2025-12-13 11:33:28 --> Language filter: Set language to 'fr' from request headers
ERROR - 2025-12-13 11:33:28 --> Xendit API key is not configured
DEBUG - 2025-12-13 11:33:29 --> Session: Class initialized using 'CodeIgniter\Session\Handlers\FileHandler' driver.
INFO - 2025-12-13 11:33:29 --> Language filter: Set language to 'fr' from request headers
ERROR - 2025-12-13 11:33:29 --> Xendit API key is not configured
DEBUG - 2025-12-13 11:33:41 --> Session: Class initialized using 'CodeIgniter\Session\Handlers\FileHandler' driver.
INFO - 2025-12-13 11:33:41 --> Language filter: Set language to 'fr' from request headers
ERROR - 2025-12-13 11:33:42 --> Xendit API key is not configured
DEBUG - 2025-12-13 11:35:47 --> Session: Class initialized using 'CodeIgniter\Session\Handlers\FileHandler' driver.
DEBUG - 2025-12-13 11:35:48 --> Session: Class initialized using 'CodeIgniter\Session\Handlers\FileHandler' driver.
DEBUG - 2025-12-13 11:35:49 --> Session: Class initialized using 'CodeIgniter\Session\Handlers\FileHandler' driver.
DEBUG - 2025-12-13 11:35:51 --> Session: Class initialized using 'CodeIgniter\Session\Handlers\FileHandler' driver.
DEBUG - 2025-12-13 11:35:55 --> Session: Class initialized using 'CodeIgniter\Session\Handlers\FileHandler' driver.
DEBUG - 2025-12-13 11:35:57 --> Session: Class initialized using 'CodeIgniter\Session\Handlers\FileHandler' driver.
DEBUG - 2025-12-13 11:35:57 --> Session: Class initialized using 'CodeIgniter\Session\Handlers\FileHandler' driver.
DEBUG - 2025-12-13 11:35:57 --> Session: Class initialized using 'CodeIgniter\Session\Handlers\FileHandler' driver.
DEBUG - 2025-12-13 11:35:57 --> Session: Class initialized using 'CodeIgniter\Session\Handlers\FileHandler' driver.
DEBUG - 2025-12-13 11:35:57 --> Session: Class initialized using 'CodeIgniter\Session\Handlers\FileHandler' driver.
DEBUG - 2025-12-13 11:35:57 --> Session: Class initialized using 'CodeIgniter\Session\Handlers\FileHandler' driver.
DEBUG - 2025-12-13 11:35:57 --> Session: Class initialized using 'CodeIgniter\Session\Handlers\FileHandler' driver.
DEBUG - 2025-12-13 11:42:03 --> Session: Class initialized using 'CodeIgniter\Session\Handlers\FileHandler' driver.
DEBUG - 2025-12-13 11:42:04 --> Session: Class initialized using 'CodeIgniter\Session\Handlers\FileHandler' driver.
DEBUG - 2025-12-13 11:42:07 --> Session: Class initialized using 'CodeIgniter\Session\Handlers\FileHandler' driver.
DEBUG - 2025-12-13 11:42:08 --> Session: Class initialized using 'CodeIgniter\Session\Handlers\FileHandler' driver.
DEBUG - 2025-12-13 11:42:15 --> Session: Class initialized using 'CodeIgniter\Session\Handlers\FileHandler' driver.
DEBUG - 2025-12-13 11:42:16 --> Session: Class initialized using 'CodeIgniter\Session\Handlers\FileHandler' driver.
DEBUG - 2025-12-13 11:42:21 --> Session: Class initialized using 'CodeIgniter\Session\Handlers\FileHandler' driver.
DEBUG - 2025-12-13 11:42:22 --> Session: Class initialized using 'CodeIgniter\Session\Handlers\FileHandler' driver.
DEBUG - 2025-12-13 11:42:22 --> Session: Class initialized using 'CodeIgniter\Session\Handlers\FileHandler' driver.
DEBUG - 2025-12-13 11:42:22 --> Session: Class initialized using 'CodeIgniter\Session\Handlers\FileHandler' driver.
DEBUG - 2025-12-13 11:42:22 --> Session: Class initialized using 'CodeIgniter\Session\Handlers\FileHandler' driver.
DEBUG - 2025-12-13 11:42:22 --> Session: Class initialized using 'CodeIgniter\Session\Handlers\FileHandler' driver.
DEBUG - 2025-12-13 11:42:22 --> Session: Class initialized using 'CodeIgniter\Session\Handlers\FileHandler' driver.
DEBUG - 2025-12-13 11:42:22 --> Session: Class initialized using 'CodeIgniter\Session\Handlers\FileHandler' driver.
DEBUG - 2025-12-13 11:42:31 --> Session: Class initialized using 'CodeIgniter\Session\Handlers\FileHandler' driver.
INFO - 2025-12-13 11:42:31 --> Language filter: Set language to 'en' from request headers
ERROR - 2025-12-13 11:42:31 --> Xendit API key is not configured
DEBUG - 2025-12-13 11:42:32 --> Session: Class initialized using 'CodeIgniter\Session\Handlers\FileHandler' driver.
INFO - 2025-12-13 11:42:32 --> Language filter: Set language to 'en' from request headers
ERROR - 2025-12-13 11:42:32 --> Xendit API key is not configured
DEBUG - 2025-12-13 11:42:36 --> Session: Class initialized using 'CodeIgniter\Session\Handlers\FileHandler' driver.
INFO - 2025-12-13 11:42:36 --> Language filter: Set language to 'en' from request headers
ERROR - 2025-12-13 11:42:36 --> Xendit API key is not configured
DEBUG - 2025-12-13 11:42:36 --> Session: Class initialized using 'CodeIgniter\Session\Handlers\FileHandler' driver.
INFO - 2025-12-13 11:42:36 --> Language filter: Set language to 'en' from request headers
ERROR - 2025-12-13 11:42:36 --> Xendit API key is not configured
DEBUG - 2025-12-13 11:42:38 --> Session: Class initialized using 'CodeIgniter\Session\Handlers\FileHandler' driver.
INFO - 2025-12-13 11:42:38 --> Language filter: Set language to 'en' from request headers
ERROR - 2025-12-13 11:42:38 --> Xendit API key is not configured
DEBUG - 2025-12-13 11:42:40 --> Session: Class initialized using 'CodeIgniter\Session\Handlers\FileHandler' driver.
INFO - 2025-12-13 11:42:40 --> Language filter: Set language to 'en' from request headers
ERROR - 2025-12-13 11:42:40 --> Xendit API key is not configured
DEBUG - 2025-12-13 11:42:40 --> Session: Class initialized using 'CodeIgniter\Session\Handlers\FileHandler' driver.
INFO - 2025-12-13 11:42:40 --> Language filter: Set language to 'en' from request headers
ERROR - 2025-12-13 11:42:40 --> Xendit API key is not configured
ERROR - 2025-12-13 18:42:41 --> 2025-12-13 18:42:41--> app/Controllers/api/V1.php - get_places_for_app()
At Line : -
User Token : Not provided
Base url : https://app.madwell.pro/api/v1/get_places_for_app
Method : GET
Params : {"input":"akwa d"}
DEBUG - 2025-12-13 11:42:41 --> Session: Class initialized using 'CodeIgniter\Session\Handlers\FileHandler' driver.
INFO - 2025-12-13 11:42:41 --> Language filter: Set language to 'en' from request headers
ERROR - 2025-12-13 11:42:41 --> Xendit API key is not configured
ERROR - 2025-12-13 18:42:41 --> 2025-12-13 18:42:41--> app/Controllers/api/V1.php - get_places_for_app()
At Line : -
User Token : Not provided
Base url : https://app.madwell.pro/api/v1/get_places_for_app
Method : GET
Params : {"input":"akwa doua"}
DEBUG - 2025-12-13 11:42:43 --> Session: Class initialized using 'CodeIgniter\Session\Handlers\FileHandler' driver.
INFO - 2025-12-13 11:42:43 --> Language filter: Set language to 'en' from request headers
ERROR - 2025-12-13 11:42:43 --> Xendit API key is not configured
ERROR - 2025-12-13 18:42:43 --> 2025-12-13 18:42:43--> app/Controllers/api/V1.php - get_places_for_app()
At Line : -
User Token : Not provided
Base url : https://app.madwell.pro/api/v1/get_places_for_app
Method : GET
Params : {"input":"akwa do"}
DEBUG - 2025-12-13 11:42:45 --> Session: Class initialized using 'CodeIgniter\Session\Handlers\FileHandler' driver.
INFO - 2025-12-13 11:42:45 --> Language filter: Set language to 'en' from request headers
ERROR - 2025-12-13 11:42:45 --> Xendit API key is not configured
DEBUG - 2025-12-13 11:42:46 --> Session: Class initialized using 'CodeIgniter\Session\Handlers\FileHandler' driver.
INFO - 2025-12-13 11:42:46 --> Language filter: Set language to 'en' from request headers
ERROR - 2025-12-13 11:42:46 --> Xendit API key is not configured
DEBUG - 2025-12-13 11:42:48 --> Session: Class initialized using 'CodeIgniter\Session\Handlers\FileHandler' driver.
INFO - 2025-12-13 11:42:48 --> Language filter: Set language to 'en' from request headers
ERROR - 2025-12-13 11:42:48 --> Xendit API key is not configured
DEBUG - 2025-12-13 11:42:49 --> Session: Class initialized using 'CodeIgniter\Session\Handlers\FileHandler' driver.
INFO - 2025-12-13 11:42:49 --> Language filter: Set language to 'en' from request headers
ERROR - 2025-12-13 11:42:49 --> Xendit API key is not configured
DEBUG - 2025-12-13 11:42:51 --> Session: Class initialized using 'CodeIgniter\Session\Handlers\FileHandler' driver.
INFO - 2025-12-13 11:42:51 --> Language filter: Set language to 'en' from request headers
ERROR - 2025-12-13 11:42:51 --> Xendit API key is not configured
DEBUG - 2025-12-13 11:44:06 --> Session: Class initialized using 'CodeIgniter\Session\Handlers\FileHandler' driver.
DEBUG - 2025-12-13 11:44:19 --> Session: Class initialized using 'CodeIgniter\Session\Handlers\FileHandler' driver.
DEBUG - 2025-12-13 11:44:19 --> Session: Class initialized using 'CodeIgniter\Session\Handlers\FileHandler' driver.
DEBUG - 2025-12-13 11:44:20 --> Session: Class initialized using 'CodeIgniter\Session\Handlers\FileHandler' driver.
DEBUG - 2025-12-13 11:44:20 --> Session: Class initialized using 'CodeIgniter\Session\Handlers\FileHandler' driver.
DEBUG - 2025-12-13 11:44:20 --> Session: Class initialized using 'CodeIgniter\Session\Handlers\FileHandler' driver.
DEBUG - 2025-12-13 11:44:20 --> Session: Class initialized using 'CodeIgniter\Session\Handlers\FileHandler' driver.
DEBUG - 2025-12-13 11:44:20 --> Session: Class initialized using 'CodeIgniter\Session\Handlers\FileHandler' driver.
DEBUG - 2025-12-13 11:44:20 --> Session: Class initialized using 'CodeIgniter\Session\Handlers\FileHandler' driver.
DEBUG - 2025-12-13 11:44:20 --> Session: Class initialized using 'CodeIgniter\Session\Handlers\FileHandler' driver.
DEBUG - 2025-12-13 11:44:38 --> Session: Class initialized using 'CodeIgniter\Session\Handlers\FileHandler' driver.
DEBUG - 2025-12-13 11:44:38 --> Session: Class initialized using 'CodeIgniter\Session\Handlers\FileHandler' driver.
INFO - 2025-12-13 11:44:38 --> Language filter: Set language to 'fr' from request headers
INFO - 2025-12-13 11:44:38 --> Language filter: Set language to 'fr' from request headers
ERROR - 2025-12-13 11:44:38 --> Xendit API key is not configured
ERROR - 2025-12-13 11:44:38 --> Xendit API key is not configured
DEBUG - 2025-12-13 11:44:38 --> Session: Class initialized using 'CodeIgniter\Session\Handlers\FileHandler' driver.
DEBUG - 2025-12-13 11:44:38 --> Session: Class initialized using 'CodeIgniter\Session\Handlers\FileHandler' driver.
INFO - 2025-12-13 11:44:38 --> Language filter: Set language to 'fr' from request headers
INFO - 2025-12-13 11:44:38 --> Language filter: Set language to 'fr' from request headers
ERROR - 2025-12-13 11:44:38 --> Xendit API key is not configured
ERROR - 2025-12-13 11:44:38 --> Xendit API key is not configured
DEBUG - 2025-12-13 11:44:38 --> Session: Class initialized using 'CodeIgniter\Session\Handlers\FileHandler' driver.
INFO - 2025-12-13 11:44:38 --> Language filter: Set language to 'fr' from request headers
DEBUG - 2025-12-13 11:44:38 --> Session: Class initialized using 'CodeIgniter\Session\Handlers\FileHandler' driver.
ERROR - 2025-12-13 11:44:38 --> Xendit API key is not configured
INFO - 2025-12-13 11:44:39 --> Language filter: Set language to 'fr' from request headers
ERROR - 2025-12-13 11:44:39 --> Xendit API key is not configured
DEBUG - 2025-12-13 11:44:53 --> Session: Class initialized using 'CodeIgniter\Session\Handlers\FileHandler' driver.
INFO - 2025-12-13 11:44:53 --> Language filter: Set language to 'fr' from request headers
ERROR - 2025-12-13 11:44:53 --> Xendit API key is not configured
DEBUG - 2025-12-13 11:44:56 --> Session: Class initialized using 'CodeIgniter\Session\Handlers\FileHandler' driver.
INFO - 2025-12-13 11:44:56 --> Language filter: Set language to 'fr' from request headers
ERROR - 2025-12-13 11:44:56 --> Xendit API key is not configured
DEBUG - 2025-12-13 11:44:57 --> Session: Class initialized using 'CodeIgniter\Session\Handlers\FileHandler' driver.
INFO - 2025-12-13 11:44:57 --> Language filter: Set language to 'fr' from request headers
ERROR - 2025-12-13 11:44:57 --> Xendit API key is not configured
DEBUG - 2025-12-13 11:44:59 --> Session: Class initialized using 'CodeIgniter\Session\Handlers\FileHandler' driver.
INFO - 2025-12-13 11:44:59 --> Language filter: Set language to 'fr' from request headers
ERROR - 2025-12-13 11:44:59 --> Xendit API key is not configured
DEBUG - 2025-12-13 11:45:01 --> Session: Class initialized using 'CodeIgniter\Session\Handlers\FileHandler' driver.
INFO - 2025-12-13 11:45:01 --> Language filter: Set language to 'fr' from request headers
ERROR - 2025-12-13 11:45:01 --> Xendit API key is not configured
DEBUG - 2025-12-13 11:45:03 --> Session: Class initialized using 'CodeIgniter\Session\Handlers\FileHandler' driver.
INFO - 2025-12-13 11:45:03 --> Language filter: Set language to 'fr' from request headers
ERROR - 2025-12-13 11:45:03 --> Xendit API key is not configured
DEBUG - 2025-12-13 11:45:16 --> Session: Class initialized using 'CodeIgniter\Session\Handlers\FileHandler' driver.
INFO - 2025-12-13 11:45:16 --> Language filter: Set language to 'fr' from request headers
ERROR - 2025-12-13 11:45:16 --> Xendit API key is not configured
DEBUG - 2025-12-13 11:45:17 --> Session: Class initialized using 'CodeIgniter\Session\Handlers\FileHandler' driver.
INFO - 2025-12-13 11:45:17 --> Language filter: Set language to 'fr' from request headers
ERROR - 2025-12-13 11:45:17 --> Xendit API key is not configured
DEBUG - 2025-12-13 11:45:18 --> Session: Class initialized using 'CodeIgniter\Session\Handlers\FileHandler' driver.
INFO - 2025-12-13 11:45:18 --> Language filter: Set language to 'fr' from request headers
ERROR - 2025-12-13 11:45:18 --> Xendit API key is not configured
DEBUG - 2025-12-13 11:45:19 --> Session: Class initialized using 'CodeIgniter\Session\Handlers\FileHandler' driver.
INFO - 2025-12-13 11:45:19 --> Language filter: Set language to 'fr' from request headers
ERROR - 2025-12-13 11:45:19 --> Xendit API key is not configured
DEBUG - 2025-12-13 11:45:41 --> Session: Class initialized using 'CodeIgniter\Session\Handlers\FileHandler' driver.
INFO - 2025-12-13 11:45:41 --> Language filter: Set language to 'fr' from request headers
ERROR - 2025-12-13 11:45:41 --> Xendit API key is not configured
DEBUG - 2025-12-13 11:45:44 --> Session: Class initialized using 'CodeIgniter\Session\Handlers\FileHandler' driver.
INFO - 2025-12-13 11:45:44 --> Language filter: Set language to 'fr' from request headers
ERROR - 2025-12-13 11:45:44 --> Xendit API key is not configured
DEBUG - 2025-12-13 11:45:45 --> Session: Class initialized using 'CodeIgniter\Session\Handlers\FileHandler' driver.
INFO - 2025-12-13 11:45:45 --> Language filter: Set language to 'fr' from request headers
ERROR - 2025-12-13 11:45:45 --> Xendit API key is not configured
DEBUG - 2025-12-13 11:46:00 --> Session: Class initialized using 'CodeIgniter\Session\Handlers\FileHandler' driver.
INFO - 2025-12-13 11:46:00 --> Language filter: Set language to 'en' from request headers
ERROR - 2025-12-13 11:46:00 --> Xendit API key is not configured
DEBUG - 2025-12-13 11:46:00 --> Session: Class initialized using 'CodeIgniter\Session\Handlers\FileHandler' driver.
INFO - 2025-12-13 11:46:00 --> Language filter: Set language to 'en' from request headers
ERROR - 2025-12-13 11:46:00 --> Xendit API key is not configured
DEBUG - 2025-12-13 11:46:00 --> Session: Class initialized using 'CodeIgniter\Session\Handlers\FileHandler' driver.
INFO - 2025-12-13 11:46:00 --> Language filter: Set language to 'en' from request headers
ERROR - 2025-12-13 11:46:00 --> Xendit API key is not configured
DEBUG - 2025-12-13 11:46:07 --> Session: Class initialized using 'CodeIgniter\Session\Handlers\FileHandler' driver.
INFO - 2025-12-13 11:46:07 --> Language filter: Set language to 'en' from request headers
ERROR - 2025-12-13 11:46:07 --> Xendit API key is not configured
DEBUG - 2025-12-13 11:46:09 --> Session: Class initialized using 'CodeIgniter\Session\Handlers\FileHandler' driver.
INFO - 2025-12-13 11:46:09 --> Language filter: Set language to 'en' from request headers
ERROR - 2025-12-13 11:46:09 --> Xendit API key is not configured
DEBUG - 2025-12-13 11:46:11 --> Session: Class initialized using 'CodeIgniter\Session\Handlers\FileHandler' driver.
INFO - 2025-12-13 11:46:11 --> Language filter: Set language to 'en' from request headers
DEBUG - 2025-12-13 11:46:11 --> Session: Class initialized using 'CodeIgniter\Session\Handlers\FileHandler' driver.
INFO - 2025-12-13 11:46:11 --> Language filter: Set language to 'en' from request headers
ERROR - 2025-12-13 11:46:11 --> Xendit API key is not configured
ERROR - 2025-12-13 11:46:11 --> Xendit API key is not configured
DEBUG - 2025-12-13 11:46:11 --> Session: Class initialized using 'CodeIgniter\Session\Handlers\FileHandler' driver.
INFO - 2025-12-13 11:46:11 --> Language filter: Set language to 'en' from request headers
ERROR - 2025-12-13 11:46:11 --> Xendit API key is not configured
DEBUG - 2025-12-13 11:46:15 --> Session: Class initialized using 'CodeIgniter\Session\Handlers\FileHandler' driver.
DEBUG - 2025-12-13 11:46:15 --> Session: Class initialized using 'CodeIgniter\Session\Handlers\FileHandler' driver.
INFO - 2025-12-13 11:46:15 --> Language filter: Set language to 'en' from request headers
INFO - 2025-12-13 11:46:15 --> Language filter: Set language to 'en' from request headers
ERROR - 2025-12-13 11:46:15 --> Xendit API key is not configured
ERROR - 2025-12-13 11:46:15 --> Xendit API key is not configured
DEBUG - 2025-12-13 11:46:15 --> Session: Class initialized using 'CodeIgniter\Session\Handlers\FileHandler' driver.
INFO - 2025-12-13 11:46:15 --> Language filter: Set language to 'en' from request headers
ERROR - 2025-12-13 11:46:15 --> Xendit API key is not configured
DEBUG - 2025-12-13 11:46:19 --> Session: Class initialized using 'CodeIgniter\Session\Handlers\FileHandler' driver.
INFO - 2025-12-13 11:46:19 --> Language filter: Set language to 'en' from request headers
ERROR - 2025-12-13 11:46:19 --> Xendit API key is not configured
DEBUG - 2025-12-13 11:46:19 --> Session: Class initialized using 'CodeIgniter\Session\Handlers\FileHandler' driver.
INFO - 2025-12-13 11:46:20 --> Language filter: Set language to 'en' from request headers
ERROR - 2025-12-13 11:46:20 --> Xendit API key is not configured
DEBUG - 2025-12-13 11:46:23 --> Session: Class initialized using 'CodeIgniter\Session\Handlers\FileHandler' driver.
INFO - 2025-12-13 11:46:23 --> Language filter: Set language to 'en' from request headers
ERROR - 2025-12-13 11:46:23 --> Xendit API key is not configured
DEBUG - 2025-12-13 11:46:25 --> Session: Class initialized using 'CodeIgniter\Session\Handlers\FileHandler' driver.
INFO - 2025-12-13 11:46:25 --> Language filter: Set language to 'en' from request headers
ERROR - 2025-12-13 11:46:25 --> Xendit API key is not configured
DEBUG - 2025-12-13 11:46:32 --> Session: Class initialized using 'CodeIgniter\Session\Handlers\FileHandler' driver.
DEBUG - 2025-12-13 11:46:32 --> Session: Class initialized using 'CodeIgniter\Session\Handlers\FileHandler' driver.
INFO - 2025-12-13 11:46:32 --> Language filter: Set language to 'en' from request headers
INFO - 2025-12-13 11:46:32 --> Language filter: Set language to 'en' from request headers
ERROR - 2025-12-13 11:46:32 --> Xendit API key is not configured
ERROR - 2025-12-13 11:46:32 --> Xendit API key is not configured
DEBUG - 2025-12-13 11:46:33 --> Session: Class initialized using 'CodeIgniter\Session\Handlers\FileHandler' driver.
INFO - 2025-12-13 11:46:33 --> Language filter: Set language to 'en' from request headers
ERROR - 2025-12-13 11:46:33 --> Xendit API key is not configured
DEBUG - 2025-12-13 11:46:53 --> Session: Class initialized using 'CodeIgniter\Session\Handlers\FileHandler' driver.
INFO - 2025-12-13 11:46:53 --> Language filter: Set language to 'en' from request headers
ERROR - 2025-12-13 11:46:53 --> Xendit API key is not configured
DEBUG - 2025-12-13 11:46:53 --> Session: Class initialized using 'CodeIgniter\Session\Handlers\FileHandler' driver.
INFO - 2025-12-13 11:46:53 --> Language filter: Set language to 'en' from request headers
ERROR - 2025-12-13 11:46:53 --> Xendit API key is not configured
DEBUG - 2025-12-13 11:46:58 --> Session: Class initialized using 'CodeIgniter\Session\Handlers\FileHandler' driver.
INFO - 2025-12-13 11:46:58 --> Language filter: Set language to 'en' from request headers
ERROR - 2025-12-13 11:46:58 --> Xendit API key is not configured
DEBUG - 2025-12-13 11:47:05 --> Session: Class initialized using 'CodeIgniter\Session\Handlers\FileHandler' driver.
INFO - 2025-12-13 11:47:05 --> Language filter: Set language to 'en' from request headers
ERROR - 2025-12-13 11:47:05 --> Xendit API key is not configured
DEBUG - 2025-12-13 11:47:06 --> Session: Class initialized using 'CodeIgniter\Session\Handlers\FileHandler' driver.
DEBUG - 2025-12-13 11:47:06 --> Session: Class initialized using 'CodeIgniter\Session\Handlers\FileHandler' driver.
INFO - 2025-12-13 11:47:06 --> Language filter: Set language to 'en' from request headers
INFO - 2025-12-13 11:47:06 --> Language filter: Set language to 'en' from request headers
ERROR - 2025-12-13 11:47:06 --> Xendit API key is not configured
ERROR - 2025-12-13 11:47:06 --> Xendit API key is not configured
DEBUG - 2025-12-13 11:47:07 --> Session: Class initialized using 'CodeIgniter\Session\Handlers\FileHandler' driver.
INFO - 2025-12-13 11:47:07 --> Language filter: Set language to 'en' from request headers
ERROR - 2025-12-13 11:47:07 --> Xendit API key is not configured
DEBUG - 2025-12-13 11:47:34 --> Session: Class initialized using 'CodeIgniter\Session\Handlers\FileHandler' driver.
INFO - 2025-12-13 11:47:34 --> Language filter: Set language to 'en' from request headers
ERROR - 2025-12-13 11:47:34 --> Xendit API key is not configured
DEBUG - 2025-12-13 11:47:34 --> Session: Class initialized using 'CodeIgniter\Session\Handlers\FileHandler' driver.
INFO - 2025-12-13 11:47:34 --> Language filter: Set language to 'en' from request headers
ERROR - 2025-12-13 11:47:34 --> Xendit API key is not configured
DEBUG - 2025-12-13 11:47:41 --> Session: Class initialized using 'CodeIgniter\Session\Handlers\FileHandler' driver.
INFO - 2025-12-13 11:47:41 --> Language filter: Set language to 'en' from request headers
ERROR - 2025-12-13 11:47:41 --> Xendit API key is not configured
DEBUG - 2025-12-13 11:47:42 --> Session: Class initialized using 'CodeIgniter\Session\Handlers\FileHandler' driver.
INFO - 2025-12-13 11:47:42 --> Language filter: Set language to 'en' from request headers
ERROR - 2025-12-13 11:47:42 --> Xendit API key is not configured
DEBUG - 2025-12-13 11:47:44 --> Session: Class initialized using 'CodeIgniter\Session\Handlers\FileHandler' driver.
DEBUG - 2025-12-13 11:47:44 --> Session: Class initialized using 'CodeIgniter\Session\Handlers\FileHandler' driver.
INFO - 2025-12-13 11:47:44 --> Language filter: Set language to 'en' from request headers
INFO - 2025-12-13 11:47:44 --> Language filter: Set language to 'en' from request headers
ERROR - 2025-12-13 11:47:44 --> Xendit API key is not configured
ERROR - 2025-12-13 11:47:44 --> Xendit API key is not configured
DEBUG - 2025-12-13 11:47:44 --> Session: Class initialized using 'CodeIgniter\Session\Handlers\FileHandler' driver.
INFO - 2025-12-13 11:47:44 --> Language filter: Set language to 'en' from request headers
ERROR - 2025-12-13 11:47:44 --> Xendit API key is not configured
DEBUG - 2025-12-13 11:50:15 --> Session: Class initialized using 'CodeIgniter\Session\Handlers\FileHandler' driver.
INFO - 2025-12-13 11:50:15 --> Language filter: Set language to 'en' from request headers
ERROR - 2025-12-13 11:50:15 --> Xendit API key is not configured
DEBUG - 2025-12-13 11:50:15 --> Session: Class initialized using 'CodeIgniter\Session\Handlers\FileHandler' driver.
INFO - 2025-12-13 11:50:15 --> Language filter: Set language to 'en' from request headers
ERROR - 2025-12-13 11:50:15 --> Xendit API key is not configured
DEBUG - 2025-12-13 11:51:47 --> Session: Class initialized using 'CodeIgniter\Session\Handlers\FileHandler' driver.
DEBUG - 2025-12-13 11:51:47 --> Session: Class initialized using 'CodeIgniter\Session\Handlers\FileHandler' driver.
INFO - 2025-12-13 11:51:47 --> Language filter: Set language to 'fr' from request headers
INFO - 2025-12-13 11:51:47 --> Language filter: Set language to 'fr' from request headers
ERROR - 2025-12-13 11:51:47 --> Xendit API key is not configured
ERROR - 2025-12-13 11:51:47 --> Xendit API key is not configured
DEBUG - 2025-12-13 11:51:47 --> Session: Class initialized using 'CodeIgniter\Session\Handlers\FileHandler' driver.
INFO - 2025-12-13 11:51:47 --> Language filter: Set language to 'fr' from request headers
ERROR - 2025-12-13 11:51:47 --> Xendit API key is not configured
DEBUG - 2025-12-13 11:51:52 --> Session: Class initialized using 'CodeIgniter\Session\Handlers\FileHandler' driver.
INFO - 2025-12-13 11:51:52 --> Language filter: Set language to 'fr' from request headers
DEBUG - 2025-12-13 11:51:52 --> Session: Class initialized using 'CodeIgniter\Session\Handlers\FileHandler' driver.
ERROR - 2025-12-13 11:51:52 --> Xendit API key is not configured
INFO - 2025-12-13 11:51:52 --> Language filter: Set language to 'fr' from request headers
ERROR - 2025-12-13 11:51:52 --> Xendit API key is not configured
DEBUG - 2025-12-13 11:51:53 --> Session: Class initialized using 'CodeIgniter\Session\Handlers\FileHandler' driver.
INFO - 2025-12-13 11:51:53 --> Language filter: Set language to 'fr' from request headers
ERROR - 2025-12-13 11:51:53 --> Xendit API key is not configured
DEBUG - 2025-12-13 11:51:57 --> Session: Class initialized using 'CodeIgniter\Session\Handlers\FileHandler' driver.
INFO - 2025-12-13 11:51:57 --> Language filter: Set language to 'fr' from request headers
ERROR - 2025-12-13 11:51:57 --> Xendit API key is not configured
DEBUG - 2025-12-13 11:51:57 --> Session: Class initialized using 'CodeIgniter\Session\Handlers\FileHandler' driver.
DEBUG - 2025-12-13 11:51:57 --> Session: Class initialized using 'CodeIgniter\Session\Handlers\FileHandler' driver.
INFO - 2025-12-13 11:51:57 --> Language filter: Set language to 'en' from request headers
INFO - 2025-12-13 11:51:57 --> Language filter: Set language to 'en' from request headers
ERROR - 2025-12-13 11:51:57 --> Xendit API key is not configured
ERROR - 2025-12-13 11:51:57 --> Xendit API key is not configured
DEBUG - 2025-12-13 11:51:57 --> Session: Class initialized using 'CodeIgniter\Session\Handlers\FileHandler' driver.
INFO - 2025-12-13 11:51:57 --> Language filter: Set language to 'en' from request headers
ERROR - 2025-12-13 11:51:57 --> Xendit API key is not configured
DEBUG - 2025-12-13 11:51:57 --> Session: Class initialized using 'CodeIgniter\Session\Handlers\FileHandler' driver.
INFO - 2025-12-13 11:51:57 --> Language filter: Set language to 'en' from request headers
ERROR - 2025-12-13 11:51:57 --> Xendit API key is not configured
DEBUG - 2025-12-13 11:52:05 --> Session: Class initialized using 'CodeIgniter\Session\Handlers\FileHandler' driver.
DEBUG - 2025-12-13 11:52:05 --> Session: Class initialized using 'CodeIgniter\Session\Handlers\FileHandler' driver.
INFO - 2025-12-13 11:52:05 --> Language filter: Set language to 'en' from request headers
INFO - 2025-12-13 11:52:05 --> Language filter: Set language to 'en' from request headers
ERROR - 2025-12-13 11:52:05 --> Xendit API key is not configured
ERROR - 2025-12-13 11:52:05 --> Xendit API key is not configured
DEBUG - 2025-12-13 11:52:06 --> Session: Class initialized using 'CodeIgniter\Session\Handlers\FileHandler' driver.
INFO - 2025-12-13 11:52:06 --> Language filter: Set language to 'en' from request headers
ERROR - 2025-12-13 11:52:06 --> Xendit API key is not configured
DEBUG - 2025-12-13 11:52:12 --> Session: Class initialized using 'CodeIgniter\Session\Handlers\FileHandler' driver.
DEBUG - 2025-12-13 11:52:12 --> Session: Class initialized using 'CodeIgniter\Session\Handlers\FileHandler' driver.
INFO - 2025-12-13 11:52:12 --> Language filter: Set language to 'en' from request headers
INFO - 2025-12-13 11:52:12 --> Language filter: Set language to 'en' from request headers
ERROR - 2025-12-13 11:52:12 --> Xendit API key is not configured
ERROR - 2025-12-13 11:52:12 --> Xendit API key is not configured
DEBUG - 2025-12-13 11:52:12 --> Session: Class initialized using 'CodeIgniter\Session\Handlers\FileHandler' driver.
INFO - 2025-12-13 11:52:12 --> Language filter: Set language to 'en' from request headers
ERROR - 2025-12-13 11:52:12 --> Xendit API key is not configured
DEBUG - 2025-12-13 11:52:21 --> Session: Class initialized using 'CodeIgniter\Session\Handlers\FileHandler' driver.
INFO - 2025-12-13 11:52:21 --> Language filter: Set language to 'en' from request headers
DEBUG - 2025-12-13 11:52:21 --> Session: Class initialized using 'CodeIgniter\Session\Handlers\FileHandler' driver.
INFO - 2025-12-13 11:52:21 --> Language filter: Set language to 'en' from request headers
ERROR - 2025-12-13 11:52:21 --> Xendit API key is not configured
ERROR - 2025-12-13 11:52:21 --> Xendit API key is not configured
DEBUG - 2025-12-13 11:52:22 --> Session: Class initialized using 'CodeIgniter\Session\Handlers\FileHandler' driver.
INFO - 2025-12-13 11:52:22 --> Language filter: Set language to 'en' from request headers
ERROR - 2025-12-13 11:52:22 --> Xendit API key is not configured
DEBUG - 2025-12-13 11:52:37 --> Session: Class initialized using 'CodeIgniter\Session\Handlers\FileHandler' driver.
INFO - 2025-12-13 11:52:37 --> Language filter: Set language to 'en' from request headers
ERROR - 2025-12-13 11:52:37 --> Xendit API key is not configured
DEBUG - 2025-12-13 11:52:38 --> Session: Class initialized using 'CodeIgniter\Session\Handlers\FileHandler' driver.
INFO - 2025-12-13 11:52:38 --> Language filter: Set language to 'en' from request headers
ERROR - 2025-12-13 11:52:38 --> Xendit API key is not configured
DEBUG - 2025-12-13 11:52:38 --> Session: Class initialized using 'CodeIgniter\Session\Handlers\FileHandler' driver.
INFO - 2025-12-13 11:52:38 --> Language filter: Set language to 'en' from request headers
ERROR - 2025-12-13 11:52:38 --> Xendit API key is not configured
DEBUG - 2025-12-13 11:52:38 --> Session: Class initialized using 'CodeIgniter\Session\Handlers\FileHandler' driver.
INFO - 2025-12-13 11:52:38 --> Language filter: Set language to 'fr' from request headers
ERROR - 2025-12-13 11:52:38 --> Xendit API key is not configured
DEBUG - 2025-12-13 11:52:38 --> Session: Class initialized using 'CodeIgniter\Session\Handlers\FileHandler' driver.
INFO - 2025-12-13 11:52:38 --> Language filter: Set language to 'fr' from request headers
ERROR - 2025-12-13 11:52:38 --> Xendit API key is not configured
DEBUG - 2025-12-13 11:52:40 --> Session: Class initialized using 'CodeIgniter\Session\Handlers\FileHandler' driver.
INFO - 2025-12-13 11:52:40 --> Language filter: Set language to 'fr' from request headers
ERROR - 2025-12-13 11:52:40 --> Xendit API key is not configured
DEBUG - 2025-12-13 11:52:41 --> Session: Class initialized using 'CodeIgniter\Session\Handlers\FileHandler' driver.
INFO - 2025-12-13 11:52:41 --> Language filter: Set language to 'fr' from request headers
ERROR - 2025-12-13 11:52:41 --> Xendit API key is not configured
DEBUG - 2025-12-13 11:52:41 --> Session: Class initialized using 'CodeIgniter\Session\Handlers\FileHandler' driver.
INFO - 2025-12-13 11:52:41 --> Language filter: Set language to 'fr' from request headers
ERROR - 2025-12-13 11:52:41 --> Xendit API key is not configured
DEBUG - 2025-12-13 11:52:44 --> Session: Class initialized using 'CodeIgniter\Session\Handlers\FileHandler' driver.
INFO - 2025-12-13 11:52:44 --> Language filter: Set language to 'fr' from request headers
ERROR - 2025-12-13 11:52:44 --> Xendit API key is not configured
DEBUG - 2025-12-13 11:52:45 --> Session: Class initialized using 'CodeIgniter\Session\Handlers\FileHandler' driver.
INFO - 2025-12-13 11:52:45 --> Language filter: Set language to 'fr' from request headers
ERROR - 2025-12-13 11:52:45 --> Xendit API key is not configured
DEBUG - 2025-12-13 11:52:46 --> Session: Class initialized using 'CodeIgniter\Session\Handlers\FileHandler' driver.
INFO - 2025-12-13 11:52:46 --> Language filter: Set language to 'fr' from request headers
ERROR - 2025-12-13 11:52:47 --> Xendit API key is not configured
DEBUG - 2025-12-13 11:52:54 --> Session: Class initialized using 'CodeIgniter\Session\Handlers\FileHandler' driver.
INFO - 2025-12-13 11:52:54 --> Language filter: Set language to 'fr' from request headers
ERROR - 2025-12-13 11:52:54 --> Xendit API key is not configured
DEBUG - 2025-12-13 11:53:26 --> Session: Class initialized using 'CodeIgniter\Session\Handlers\FileHandler' driver.
INFO - 2025-12-13 11:53:26 --> Language filter: Set language to 'fr' from request headers
ERROR - 2025-12-13 11:53:26 --> Xendit API key is not configured
DEBUG - 2025-12-13 11:53:26 --> Session: Class initialized using 'CodeIgniter\Session\Handlers\FileHandler' driver.
INFO - 2025-12-13 11:53:26 --> Language filter: Set language to 'fr' from request headers
ERROR - 2025-12-13 11:53:26 --> Xendit API key is not configured
DEBUG - 2025-12-13 11:54:05 --> Session: Class initialized using 'CodeIgniter\Session\Handlers\FileHandler' driver.
INFO - 2025-12-13 11:54:05 --> Language filter: Set language to 'fr' from request headers
ERROR - 2025-12-13 11:54:06 --> Xendit API key is not configured
DEBUG - 2025-12-13 11:54:07 --> Session: Class initialized using 'CodeIgniter\Session\Handlers\FileHandler' driver.
INFO - 2025-12-13 11:54:07 --> Language filter: Set language to 'fr' from request headers
ERROR - 2025-12-13 11:54:07 --> Xendit API key is not configured
DEBUG - 2025-12-13 11:54:08 --> Session: Class initialized using 'CodeIgniter\Session\Handlers\FileHandler' driver.
INFO - 2025-12-13 11:54:08 --> Language filter: Set language to 'fr' from request headers
ERROR - 2025-12-13 11:54:08 --> Xendit API key is not configured
DEBUG - 2025-12-13 11:54:54 --> Session: Class initialized using 'CodeIgniter\Session\Handlers\FileHandler' driver.
DEBUG - 2025-12-13 11:54:56 --> Session: Class initialized using 'CodeIgniter\Session\Handlers\FileHandler' driver.
DEBUG - 2025-12-13 11:54:57 --> Session: Class initialized using 'CodeIgniter\Session\Handlers\FileHandler' driver.
DEBUG - 2025-12-13 11:55:19 --> Session: Class initialized using 'CodeIgniter\Session\Handlers\FileHandler' driver.
DEBUG - 2025-12-13 11:55:19 --> Session: Class initialized using 'CodeIgniter\Session\Handlers\FileHandler' driver.
DEBUG - 2025-12-13 11:55:19 --> Session: Class initialized using 'CodeIgniter\Session\Handlers\FileHandler' driver.
DEBUG - 2025-12-13 11:55:20 --> Session: Class initialized using 'CodeIgniter\Session\Handlers\FileHandler' driver.
DEBUG - 2025-12-13 11:55:20 --> Session: Class initialized using 'CodeIgniter\Session\Handlers\FileHandler' driver.
DEBUG - 2025-12-13 11:55:20 --> Session: Class initialized using 'CodeIgniter\Session\Handlers\FileHandler' driver.
DEBUG - 2025-12-13 11:55:20 --> Session: Class initialized using 'CodeIgniter\Session\Handlers\FileHandler' driver.
DEBUG - 2025-12-13 11:55:20 --> Session: Class initialized using 'CodeIgniter\Session\Handlers\FileHandler' driver.
DEBUG - 2025-12-13 11:55:20 --> Session: Class initialized using 'CodeIgniter\Session\Handlers\FileHandler' driver.
DEBUG - 2025-12-13 11:55:21 --> Session: Class initialized using 'CodeIgniter\Session\Handlers\FileHandler' driver.
DEBUG - 2025-12-13 11:55:21 --> Session: Class initialized using 'CodeIgniter\Session\Handlers\FileHandler' driver.
DEBUG - 2025-12-13 11:55:22 --> Session: Class initialized using 'CodeIgniter\Session\Handlers\FileHandler' driver.
DEBUG - 2025-12-13 11:55:22 --> Session: Class initialized using 'CodeIgniter\Session\Handlers\FileHandler' driver.
DEBUG - 2025-12-13 11:55:22 --> Session: Class initialized using 'CodeIgniter\Session\Handlers\FileHandler' driver.
DEBUG - 2025-12-13 11:55:23 --> Session: Class initialized using 'CodeIgniter\Session\Handlers\FileHandler' driver.
DEBUG - 2025-12-13 11:55:23 --> Session: Class initialized using 'CodeIgniter\Session\Handlers\FileHandler' driver.
DEBUG - 2025-12-13 11:55:23 --> Session: Class initialized using 'CodeIgniter\Session\Handlers\FileHandler' driver.
DEBUG - 2025-12-13 11:55:24 --> Session: Class initialized using 'CodeIgniter\Session\Handlers\FileHandler' driver.
DEBUG - 2025-12-13 11:55:24 --> Session: Class initialized using 'CodeIgniter\Session\Handlers\FileHandler' driver.
DEBUG - 2025-12-13 11:55:25 --> Session: Class initialized using 'CodeIgniter\Session\Handlers\FileHandler' driver.
DEBUG - 2025-12-13 11:55:26 --> Session: Class initialized using 'CodeIgniter\Session\Handlers\FileHandler' driver.
DEBUG - 2025-12-13 11:55:34 --> Session: Class initialized using 'CodeIgniter\Session\Handlers\FileHandler' driver.
DEBUG - 2025-12-13 11:55:35 --> Session: Class initialized using 'CodeIgniter\Session\Handlers\FileHandler' driver.
DEBUG - 2025-12-13 11:55:35 --> Session: Class initialized using 'CodeIgniter\Session\Handlers\FileHandler' driver.
DEBUG - 2025-12-13 11:55:37 --> Session: Class initialized using 'CodeIgniter\Session\Handlers\FileHandler' driver.
INFO - 2025-12-13 11:55:37 --> Language filter: Set language to 'fr' from request headers
ERROR - 2025-12-13 11:55:37 --> Xendit API key is not configured
DEBUG - 2025-12-13 11:55:38 --> Session: Class initialized using 'CodeIgniter\Session\Handlers\FileHandler' driver.
INFO - 2025-12-13 11:55:38 --> Language filter: Set language to 'fr' from request headers
ERROR - 2025-12-13 11:55:38 --> Xendit API key is not configured
DEBUG - 2025-12-13 11:55:38 --> Session: Class initialized using 'CodeIgniter\Session\Handlers\FileHandler' driver.
INFO - 2025-12-13 11:55:38 --> Language filter: Set language to 'fr' from request headers
ERROR - 2025-12-13 11:55:38 --> Xendit API key is not configured
DEBUG - 2025-12-13 11:55:43 --> Session: Class initialized using 'CodeIgniter\Session\Handlers\FileHandler' driver.
INFO - 2025-12-13 11:55:43 --> Language filter: Set language to 'fr' from request headers
ERROR - 2025-12-13 11:55:43 --> Xendit API key is not configured
DEBUG - 2025-12-13 11:55:44 --> Session: Class initialized using 'CodeIgniter\Session\Handlers\FileHandler' driver.
INFO - 2025-12-13 11:55:44 --> Language filter: Set language to 'fr' from request headers
ERROR - 2025-12-13 11:55:44 --> Xendit API key is not configured
DEBUG - 2025-12-13 11:55:46 --> Session: Class initialized using 'CodeIgniter\Session\Handlers\FileHandler' driver.
INFO - 2025-12-13 11:55:46 --> Language filter: Set language to 'fr' from request headers
ERROR - 2025-12-13 11:55:46 --> Xendit API key is not configured
DEBUG - 2025-12-13 11:55:52 --> Session: Class initialized using 'CodeIgniter\Session\Handlers\FileHandler' driver.
INFO - 2025-12-13 11:55:52 --> Language filter: Set language to 'fr' from request headers
ERROR - 2025-12-13 11:55:52 --> Xendit API key is not configured
DEBUG - 2025-12-13 11:55:52 --> Session: Class initialized using 'CodeIgniter\Session\Handlers\FileHandler' driver.
INFO - 2025-12-13 11:55:52 --> Language filter: Set language to 'fr' from request headers
ERROR - 2025-12-13 11:55:52 --> Xendit API key is not configured
DEBUG - 2025-12-13 11:55:54 --> Session: Class initialized using 'CodeIgniter\Session\Handlers\FileHandler' driver.
INFO - 2025-12-13 11:55:54 --> Language filter: Set language to 'fr' from request headers
ERROR - 2025-12-13 11:55:54 --> Xendit API key is not configured
DEBUG - 2025-12-13 11:55:56 --> Session: Class initialized using 'CodeIgniter\Session\Handlers\FileHandler' driver.
INFO - 2025-12-13 11:55:56 --> Language filter: Set language to 'fr' from request headers
ERROR - 2025-12-13 11:55:56 --> Xendit API key is not configured
DEBUG - 2025-12-13 11:56:00 --> Session: Class initialized using 'CodeIgniter\Session\Handlers\FileHandler' driver.
INFO - 2025-12-13 11:56:00 --> Language filter: Set language to 'fr' from request headers
ERROR - 2025-12-13 11:56:00 --> Xendit API key is not configured
DEBUG - 2025-12-13 11:56:02 --> Session: Class initialized using 'CodeIgniter\Session\Handlers\FileHandler' driver.
INFO - 2025-12-13 11:56:02 --> Language filter: Set language to 'fr' from request headers
ERROR - 2025-12-13 11:56:02 --> Xendit API key is not configured
DEBUG - 2025-12-13 11:56:02 --> Session: Class initialized using 'CodeIgniter\Session\Handlers\FileHandler' driver.
INFO - 2025-12-13 11:56:02 --> Language filter: Set language to 'fr' from request headers
ERROR - 2025-12-13 11:56:03 --> Xendit API key is not configured
DEBUG - 2025-12-13 11:56:05 --> Session: Class initialized using 'CodeIgniter\Session\Handlers\FileHandler' driver.
INFO - 2025-12-13 11:56:05 --> Language filter: Set language to 'fr' from request headers
ERROR - 2025-12-13 11:56:05 --> Xendit API key is not configured
DEBUG - 2025-12-13 11:56:07 --> Session: Class initialized using 'CodeIgniter\Session\Handlers\FileHandler' driver.
INFO - 2025-12-13 11:56:07 --> Language filter: Set language to 'fr' from request headers
ERROR - 2025-12-13 11:56:07 --> Xendit API key is not configured
DEBUG - 2025-12-13 11:56:08 --> Session: Class initialized using 'CodeIgniter\Session\Handlers\FileHandler' driver.
INFO - 2025-12-13 11:56:08 --> Language filter: Set language to 'fr' from request headers
ERROR - 2025-12-13 11:56:08 --> Xendit API key is not configured
DEBUG - 2025-12-13 12:03:03 --> Session: Class initialized using 'CodeIgniter\Session\Handlers\FileHandler' driver.
INFO - 2025-12-13 12:03:03 --> Language filter: Set language to 'fr' from request headers
ERROR - 2025-12-13 12:03:03 --> Xendit API key is not configured
DEBUG - 2025-12-13 12:03:04 --> Session: Class initialized using 'CodeIgniter\Session\Handlers\FileHandler' driver.
INFO - 2025-12-13 12:03:04 --> Language filter: Set language to 'fr' from request headers
DEBUG - 2025-12-13 12:03:04 --> Session: Class initialized using 'CodeIgniter\Session\Handlers\FileHandler' driver.
ERROR - 2025-12-13 12:03:04 --> Xendit API key is not configured
INFO - 2025-12-13 12:03:04 --> Language filter: Set language to 'fr' from request headers
ERROR - 2025-12-13 12:03:04 --> Xendit API key is not configured
DEBUG - 2025-12-13 12:03:05 --> Session: Class initialized using 'CodeIgniter\Session\Handlers\FileHandler' driver.
INFO - 2025-12-13 12:03:05 --> Language filter: Set language to 'fr' from request headers
ERROR - 2025-12-13 12:03:05 --> Xendit API key is not configured
DEBUG - 2025-12-13 12:08:56 --> Session: Class initialized using 'CodeIgniter\Session\Handlers\FileHandler' driver.
INFO - 2025-12-13 12:08:56 --> Language filter: Set language to 'en' from request headers
DEBUG - 2025-12-13 12:08:56 --> Session: Class initialized using 'CodeIgniter\Session\Handlers\FileHandler' driver.
INFO - 2025-12-13 12:08:56 --> Language filter: Set language to 'en' from request headers
ERROR - 2025-12-13 12:08:56 --> Xendit API key is not configured
ERROR - 2025-12-13 12:08:56 --> Xendit API key is not configured
DEBUG - 2025-12-13 12:08:57 --> Session: Class initialized using 'CodeIgniter\Session\Handlers\FileHandler' driver.
INFO - 2025-12-13 12:08:57 --> Language filter: Set language to 'en' from request headers
ERROR - 2025-12-13 12:08:57 --> Xendit API key is not configured
DEBUG - 2025-12-13 12:08:57 --> Session: Class initialized using 'CodeIgniter\Session\Handlers\FileHandler' driver.
DEBUG - 2025-12-13 12:08:57 --> Session: Class initialized using 'CodeIgniter\Session\Handlers\FileHandler' driver.
INFO - 2025-12-13 12:08:57 --> Language filter: Set language to 'fr' from request headers
INFO - 2025-12-13 12:08:57 --> Language filter: Set language to 'fr' from request headers
ERROR - 2025-12-13 12:08:57 --> Xendit API key is not configured
ERROR - 2025-12-13 12:08:57 --> Xendit API key is not configured
DEBUG - 2025-12-13 12:08:59 --> Session: Class initialized using 'CodeIgniter\Session\Handlers\FileHandler' driver.
INFO - 2025-12-13 12:08:59 --> Language filter: Set language to 'fr' from request headers
ERROR - 2025-12-13 12:08:59 --> Xendit API key is not configured
DEBUG - 2025-12-13 12:09:00 --> Session: Class initialized using 'CodeIgniter\Session\Handlers\FileHandler' driver.
INFO - 2025-12-13 12:09:00 --> Language filter: Set language to 'fr' from request headers
ERROR - 2025-12-13 12:09:00 --> Xendit API key is not configured
DEBUG - 2025-12-13 12:09:00 --> Session: Class initialized using 'CodeIgniter\Session\Handlers\FileHandler' driver.
INFO - 2025-12-13 12:09:00 --> Language filter: Set language to 'fr' from request headers
ERROR - 2025-12-13 12:09:00 --> Xendit API key is not configured
DEBUG - 2025-12-13 12:09:01 --> Session: Class initialized using 'CodeIgniter\Session\Handlers\FileHandler' driver.
INFO - 2025-12-13 12:09:01 --> Language filter: Set language to 'fr' from request headers
ERROR - 2025-12-13 12:09:01 --> Xendit API key is not configured
DEBUG - 2025-12-13 12:09:04 --> Session: Class initialized using 'CodeIgniter\Session\Handlers\FileHandler' driver.
INFO - 2025-12-13 12:09:04 --> Language filter: Set language to 'fr' from request headers
ERROR - 2025-12-13 12:09:04 --> Xendit API key is not configured
DEBUG - 2025-12-13 12:09:05 --> Session: Class initialized using 'CodeIgniter\Session\Handlers\FileHandler' driver.
INFO - 2025-12-13 12:09:05 --> Language filter: Set language to 'fr' from request headers
ERROR - 2025-12-13 12:09:05 --> Xendit API key is not configured
DEBUG - 2025-12-13 12:09:07 --> Session: Class initialized using 'CodeIgniter\Session\Handlers\FileHandler' driver.
INFO - 2025-12-13 12:09:07 --> Language filter: Set language to 'fr' from request headers
ERROR - 2025-12-13 12:09:07 --> Xendit API key is not configured
DEBUG - 2025-12-13 12:09:13 --> Session: Class initialized using 'CodeIgniter\Session\Handlers\FileHandler' driver.
INFO - 2025-12-13 12:09:13 --> Language filter: Set language to 'fr' from request headers
ERROR - 2025-12-13 12:09:13 --> Xendit API key is not configured
DEBUG - 2025-12-13 12:09:43 --> Session: Class initialized using 'CodeIgniter\Session\Handlers\FileHandler' driver.
INFO - 2025-12-13 12:09:43 --> Language filter: Set language to 'fr' from request headers
ERROR - 2025-12-13 12:09:43 --> Xendit API key is not configured
DEBUG - 2025-12-13 12:09:56 --> Session: Class initialized using 'CodeIgniter\Session\Handlers\FileHandler' driver.
INFO - 2025-12-13 12:09:56 --> Language filter: Set language to 'fr' from request headers
ERROR - 2025-12-13 12:09:56 --> Xendit API key is not configured
DEBUG - 2025-12-13 12:10:41 --> Session: Class initialized using 'CodeIgniter\Session\Handlers\FileHandler' driver.
INFO - 2025-12-13 12:10:41 --> Language filter: Set language to 'fr' from request headers
ERROR - 2025-12-13 12:10:41 --> Xendit API key is not configured
DEBUG - 2025-12-13 12:10:42 --> Session: Class initialized using 'CodeIgniter\Session\Handlers\FileHandler' driver.
INFO - 2025-12-13 12:10:42 --> Language filter: Set language to 'fr' from request headers
DEBUG - 2025-12-13 12:10:42 --> Session: Class initialized using 'CodeIgniter\Session\Handlers\FileHandler' driver.
INFO - 2025-12-13 12:10:42 --> Language filter: Set language to 'fr' from request headers
ERROR - 2025-12-13 12:10:42 --> Xendit API key is not configured
ERROR - 2025-12-13 12:10:42 --> Xendit API key is not configured
DEBUG - 2025-12-13 12:10:43 --> Session: Class initialized using 'CodeIgniter\Session\Handlers\FileHandler' driver.
INFO - 2025-12-13 12:10:43 --> Language filter: Set language to 'fr' from request headers
ERROR - 2025-12-13 12:10:43 --> Xendit API key is not configured
DEBUG - 2025-12-13 13:08:15 --> Session: Class initialized using 'CodeIgniter\Session\Handlers\FileHandler' driver.
DEBUG - 2025-12-13 13:08:15 --> Session: Class initialized using 'CodeIgniter\Session\Handlers\FileHandler' driver.
DEBUG - 2025-12-13 16:37:35 --> Session: Class initialized using 'CodeIgniter\Session\Handlers\FileHandler' driver.
DEBUG - 2025-12-13 16:37:36 --> Session: Class initialized using 'CodeIgniter\Session\Handlers\FileHandler' driver.
DEBUG - 2025-12-13 17:21:29 --> Session: Class initialized using 'CodeIgniter\Session\Handlers\FileHandler' driver.
DEBUG - 2025-12-13 17:21:30 --> Session: Class initialized using 'CodeIgniter\Session\Handlers\FileHandler' driver.
