ERROR - 2025-04-25 02:44:46 --> mysqli_sql_exception: MySQL server has gone away in /home/c2581019c/public_html/staging/admin/vendor/codeigniter4/framework/system/Database/MySQLi/Connection.php:312
Stack trace:
#0 /home/c2581019c/public_html/staging/admin/vendor/codeigniter4/framework/system/Database/MySQLi/Connection.php(312): mysqli->query()
#1 /home/c2581019c/public_html/staging/admin/vendor/codeigniter4/framework/system/Database/BaseConnection.php(734): CodeIgniter\Database\MySQLi\Connection->execute()
#2 /home/c2581019c/public_html/staging/admin/vendor/codeigniter4/framework/system/Database/BaseConnection.php(648): CodeIgniter\Database\BaseConnection->simpleQuery()
#3 /home/c2581019c/public_html/staging/admin/vendor/codeigniter4/framework/system/Database/BaseBuilder.php(1644): CodeIgniter\Database\BaseConnection->query()
#4 /home/c2581019c/public_html/staging/admin/app/Models/Partners_model.php(218): CodeIgniter\Database\BaseBuilder->get()
#5 /home/c2581019c/public_html/staging/admin/app/Controllers/admin/Dashboard.php(181): App\Models\Partners_model->list()
#6 /home/c2581019c/public_html/staging/admin/vendor/codeigniter4/framework/system/CodeIgniter.php(933): App\Controllers\admin\Dashboard->index()
#7 /home/c2581019c/public_html/staging/admin/vendor/codeigniter4/framework/system/CodeIgniter.php(509): CodeIgniter\CodeIgniter->runController()
#8 /home/c2581019c/public_html/staging/admin/vendor/codeigniter4/framework/system/CodeIgniter.php(355): CodeIgniter\CodeIgniter->handleRequest()
#9 /home/c2581019c/public_html/staging/admin/vendor/codeigniter4/framework/system/Boot.php(334): CodeIgniter\CodeIgniter->run()
#10 /home/c2581019c/public_html/staging/admin/vendor/codeigniter4/framework/system/Boot.php(67): CodeIgniter\Boot::runCodeIgniter()
#11 /home/c2581019c/public_html/staging/admin/index.php(58): CodeIgniter\Boot::bootWeb()
#12 {main}
ERROR - 2025-04-25 02:44:46 --> mysqli_sql_exception: MySQL server has gone away in /home/c2581019c/public_html/staging/admin/vendor/codeigniter4/framework/system/Database/MySQLi/Connection.php:312
Stack trace:
#0 /home/c2581019c/public_html/staging/admin/vendor/codeigniter4/framework/system/Database/MySQLi/Connection.php(312): mysqli->query()
#1 /home/c2581019c/public_html/staging/admin/vendor/codeigniter4/framework/system/Database/BaseConnection.php(734): CodeIgniter\Database\MySQLi\Connection->execute()
#2 /home/c2581019c/public_html/staging/admin/vendor/codeigniter4/framework/system/Database/BaseConnection.php(648): CodeIgniter\Database\BaseConnection->simpleQuery()
#3 /home/c2581019c/public_html/staging/admin/vendor/codeigniter4/framework/system/Database/BaseBuilder.php(1644): CodeIgniter\Database\BaseConnection->query()
#4 /home/c2581019c/public_html/staging/admin/app/Models/Partners_model.php(218): CodeIgniter\Database\BaseBuilder->get()
#5 /home/c2581019c/public_html/staging/admin/app/Controllers/admin/Dashboard.php(181): App\Models\Partners_model->list()
#6 /home/c2581019c/public_html/staging/admin/vendor/codeigniter4/framework/system/CodeIgniter.php(933): App\Controllers\admin\Dashboard->index()
#7 /home/c2581019c/public_html/staging/admin/vendor/codeigniter4/framework/system/CodeIgniter.php(509): CodeIgniter\CodeIgniter->runController()
#8 /home/c2581019c/public_html/staging/admin/vendor/codeigniter4/framework/system/CodeIgniter.php(355): CodeIgniter\CodeIgniter->handleRequest()
#9 /home/c2581019c/public_html/staging/admin/vendor/codeigniter4/framework/system/Boot.php(334): CodeIgniter\CodeIgniter->run()
#10 /home/c2581019c/public_html/staging/admin/vendor/codeigniter4/framework/system/Boot.php(67): CodeIgniter\Boot::runCodeIgniter()
#11 /home/c2581019c/public_html/staging/admin/index.php(58): CodeIgniter\Boot::bootWeb()
#12 {main}

Next CodeIgniter\Database\Exceptions\DatabaseException: MySQL server has gone away in /home/c2581019c/public_html/staging/admin/vendor/codeigniter4/framework/system/Database/MySQLi/Connection.php:317
Stack trace:
#0 /home/c2581019c/public_html/staging/admin/vendor/codeigniter4/framework/system/Database/BaseConnection.php(734): CodeIgniter\Database\MySQLi\Connection->execute()
#1 /home/c2581019c/public_html/staging/admin/vendor/codeigniter4/framework/system/Database/BaseConnection.php(648): CodeIgniter\Database\BaseConnection->simpleQuery()
#2 /home/c2581019c/public_html/staging/admin/vendor/codeigniter4/framework/system/Database/BaseBuilder.php(1644): CodeIgniter\Database\BaseConnection->query()
#3 /home/c2581019c/public_html/staging/admin/app/Models/Partners_model.php(218): CodeIgniter\Database\BaseBuilder->get()
#4 /home/c2581019c/public_html/staging/admin/app/Controllers/admin/Dashboard.php(181): App\Models\Partners_model->list()
#5 /home/c2581019c/public_html/staging/admin/vendor/codeigniter4/framework/system/CodeIgniter.php(933): App\Controllers\admin\Dashboard->index()
#6 /home/c2581019c/public_html/staging/admin/vendor/codeigniter4/framework/system/CodeIgniter.php(509): CodeIgniter\CodeIgniter->runController()
#7 /home/c2581019c/public_html/staging/admin/vendor/codeigniter4/framework/system/CodeIgniter.php(355): CodeIgniter\CodeIgniter->handleRequest()
#8 /home/c2581019c/public_html/staging/admin/vendor/codeigniter4/framework/system/Boot.php(334): CodeIgniter\CodeIgniter->run()
#9 /home/c2581019c/public_html/staging/admin/vendor/codeigniter4/framework/system/Boot.php(67): CodeIgniter\Boot::runCodeIgniter()
#10 /home/c2581019c/public_html/staging/admin/index.php(58): CodeIgniter\Boot::bootWeb()
#11 {main}

Next CodeIgniter\Database\Exceptions\DatabaseException: MySQL server has gone away in /home/c2581019c/public_html/staging/admin/vendor/codeigniter4/framework/system/Database/BaseConnection.php:688
Stack trace:
#0 /home/c2581019c/public_html/staging/admin/vendor/codeigniter4/framework/system/Database/BaseBuilder.php(1644): CodeIgniter\Database\BaseConnection->query()
#1 /home/c2581019c/public_html/staging/admin/app/Models/Partners_model.php(218): CodeIgniter\Database\BaseBuilder->get()
#2 /home/c2581019c/public_html/staging/admin/app/Controllers/admin/Dashboard.php(181): App\Models\Partners_model->list()
#3 /home/c2581019c/public_html/staging/admin/vendor/codeigniter4/framework/system/CodeIgniter.php(933): App\Controllers\admin\Dashboard->index()
#4 /home/c2581019c/public_html/staging/admin/vendor/codeigniter4/framework/system/CodeIgniter.php(509): CodeIgniter\CodeIgniter->runController()
#5 /home/c2581019c/public_html/staging/admin/vendor/codeigniter4/framework/system/CodeIgniter.php(355): CodeIgniter\CodeIgniter->handleRequest()
#6 /home/c2581019c/public_html/staging/admin/vendor/codeigniter4/framework/system/Boot.php(334): CodeIgniter\CodeIgniter->run()
#7 /home/c2581019c/public_html/staging/admin/vendor/codeigniter4/framework/system/Boot.php(67): CodeIgniter\Boot::runCodeIgniter()
#8 /home/c2581019c/public_html/staging/admin/index.php(58): CodeIgniter\Boot::bootWeb()
#9 {main}- at 2025-04-25 02:44:46--> app/Controllers/admin/Dashboard.php - index()
