ERROR - 2025-12-15 02:48:40 --> mysqli_sql_exception: Expression #1 of SELECT list is not in GROUP BY clause and contains nonaggregated column 'madwell_db.pd.id' which is not functionally dependent on columns in GROUP BY clause; this is incompatible with sql_mode=only_full_group_by in /var/www/html/vendor/codeigniter4/framework/system/Database/MySQLi/Connection.php:312
Stack trace:
#0 /var/www/html/vendor/codeigniter4/framework/system/Database/MySQLi/Connection.php(312): mysqli->query('SELECT `pd`.*, ...', 0)
#1 /var/www/html/vendor/codeigniter4/framework/system/Database/BaseConnection.php(734): CodeIgniter\Database\MySQLi\Connection->execute('SELECT `pd`.*, ...')
#2 /var/www/html/vendor/codeigniter4/framework/system/Database/BaseConnection.php(648): CodeIgniter\Database\BaseConnection->simpleQuery('SELECT `pd`.*, ...')
#3 /var/www/html/vendor/codeigniter4/framework/system/Database/BaseBuilder.php(1644): CodeIgniter\Database\BaseConnection->query('SELECT `pd`.*, ...', Array, false)
#4 /var/www/html/app/Models/Partners_model.php(567): CodeIgniter\Database\BaseBuilder->get()
#5 /var/www/html/app/Controllers/admin/Dashboard.php(254): App\Models\Partners_model->list(true, '', 5, 0, 'number_of_order...', 'desc', Array, 'partner_id', Array, '')
#6 /var/www/html/vendor/codeigniter4/framework/system/CodeIgniter.php(933): App\Controllers\admin\Dashboard->index()
#7 /var/www/html/vendor/codeigniter4/framework/system/CodeIgniter.php(509): CodeIgniter\CodeIgniter->runController(Object(App\Controllers\admin\Dashboard))
#8 /var/www/html/vendor/codeigniter4/framework/system/CodeIgniter.php(355): CodeIgniter\CodeIgniter->handleRequest(NULL, Object(Config\Cache), false)
#9 /var/www/html/vendor/codeigniter4/framework/system/Boot.php(334): CodeIgniter\CodeIgniter->run()
#10 /var/www/html/vendor/codeigniter4/framework/system/Boot.php(67): CodeIgniter\Boot::runCodeIgniter(Object(CodeIgniter\CodeIgniter))
#11 /var/www/html/public/index.php(58): CodeIgniter\Boot::bootWeb(Object(Config\Paths))
#12 {main}
ERROR - 2025-12-15 03:04:08 --> mysqli_sql_exception: Expression #1 of SELECT list is not in GROUP BY clause and contains nonaggregated column 'madwell_db.pd.id' which is not functionally dependent on columns in GROUP BY clause; this is incompatible with sql_mode=only_full_group_by in /var/www/html/vendor/codeigniter4/framework/system/Database/MySQLi/Connection.php:312
Stack trace:
#0 /var/www/html/vendor/codeigniter4/framework/system/Database/MySQLi/Connection.php(312): mysqli->query('SELECT `pd`.*, ...', 0)
#1 /var/www/html/vendor/codeigniter4/framework/system/Database/BaseConnection.php(734): CodeIgniter\Database\MySQLi\Connection->execute('SELECT `pd`.*, ...')
#2 /var/www/html/vendor/codeigniter4/framework/system/Database/BaseConnection.php(648): CodeIgniter\Database\BaseConnection->simpleQuery('SELECT `pd`.*, ...')
#3 /var/www/html/vendor/codeigniter4/framework/system/Database/BaseBuilder.php(1644): CodeIgniter\Database\BaseConnection->query('SELECT `pd`.*, ...', Array, false)
#4 /var/www/html/app/Models/Partners_model.php(567): CodeIgniter\Database\BaseBuilder->get()
#5 /var/www/html/app/Controllers/admin/Dashboard.php(254): App\Models\Partners_model->list(true, '', 5, 0, 'number_of_order...', 'desc', Array, 'partner_id', Array, '')
#6 /var/www/html/vendor/codeigniter4/framework/system/CodeIgniter.php(933): App\Controllers\admin\Dashboard->index()
#7 /var/www/html/vendor/codeigniter4/framework/system/CodeIgniter.php(509): CodeIgniter\CodeIgniter->runController(Object(App\Controllers\admin\Dashboard))
#8 /var/www/html/vendor/codeigniter4/framework/system/CodeIgniter.php(355): CodeIgniter\CodeIgniter->handleRequest(NULL, Object(Config\Cache), false)
#9 /var/www/html/vendor/codeigniter4/framework/system/Boot.php(334): CodeIgniter\CodeIgniter->run()
#10 /var/www/html/vendor/codeigniter4/framework/system/Boot.php(67): CodeIgniter\Boot::runCodeIgniter(Object(CodeIgniter\CodeIgniter))
#11 /var/www/html/public/index.php(58): CodeIgniter\Boot::bootWeb(Object(Config\Paths))
#12 {main}
ERROR - 2025-12-15 03:05:21 --> mysqli_sql_exception: Expression #1 of SELECT list is not in GROUP BY clause and contains nonaggregated column 'madwell_db.pd.id' which is not functionally dependent on columns in GROUP BY clause; this is incompatible with sql_mode=only_full_group_by in /var/www/html/vendor/codeigniter4/framework/system/Database/MySQLi/Connection.php:312
Stack trace:
#0 /var/www/html/vendor/codeigniter4/framework/system/Database/MySQLi/Connection.php(312): mysqli->query('SELECT `pd`.*, ...', 0)
#1 /var/www/html/vendor/codeigniter4/framework/system/Database/BaseConnection.php(734): CodeIgniter\Database\MySQLi\Connection->execute('SELECT `pd`.*, ...')
#2 /var/www/html/vendor/codeigniter4/framework/system/Database/BaseConnection.php(648): CodeIgniter\Database\BaseConnection->simpleQuery('SELECT `pd`.*, ...')
#3 /var/www/html/vendor/codeigniter4/framework/system/Database/BaseBuilder.php(1644): CodeIgniter\Database\BaseConnection->query('SELECT `pd`.*, ...', Array, false)
#4 /var/www/html/app/Models/Partners_model.php(567): CodeIgniter\Database\BaseBuilder->get()
#5 /var/www/html/app/Controllers/admin/Dashboard.php(254): App\Models\Partners_model->list(true, '', 5, 0, 'number_of_order...', 'desc', Array, 'partner_id', Array, '')
#6 /var/www/html/vendor/codeigniter4/framework/system/CodeIgniter.php(933): App\Controllers\admin\Dashboard->index()
#7 /var/www/html/vendor/codeigniter4/framework/system/CodeIgniter.php(509): CodeIgniter\CodeIgniter->runController(Object(App\Controllers\admin\Dashboard))
#8 /var/www/html/vendor/codeigniter4/framework/system/CodeIgniter.php(355): CodeIgniter\CodeIgniter->handleRequest(NULL, Object(Config\Cache), false)
#9 /var/www/html/vendor/codeigniter4/framework/system/Boot.php(334): CodeIgniter\CodeIgniter->run()
#10 /var/www/html/vendor/codeigniter4/framework/system/Boot.php(67): CodeIgniter\Boot::runCodeIgniter(Object(CodeIgniter\CodeIgniter))
#11 /var/www/html/public/index.php(58): CodeIgniter\Boot::bootWeb(Object(Config\Paths))
#12 {main}
ERROR - 2025-12-15 03:05:26 --> mysqli_sql_exception: Expression #1 of SELECT list is not in GROUP BY clause and contains nonaggregated column 'madwell_db.pd.id' which is not functionally dependent on columns in GROUP BY clause; this is incompatible with sql_mode=only_full_group_by in /var/www/html/vendor/codeigniter4/framework/system/Database/MySQLi/Connection.php:312
Stack trace:
#0 /var/www/html/vendor/codeigniter4/framework/system/Database/MySQLi/Connection.php(312): mysqli->query('SELECT `pd`.*, ...', 0)
#1 /var/www/html/vendor/codeigniter4/framework/system/Database/BaseConnection.php(734): CodeIgniter\Database\MySQLi\Connection->execute('SELECT `pd`.*, ...')
#2 /var/www/html/vendor/codeigniter4/framework/system/Database/BaseConnection.php(648): CodeIgniter\Database\BaseConnection->simpleQuery('SELECT `pd`.*, ...')
#3 /var/www/html/vendor/codeigniter4/framework/system/Database/BaseBuilder.php(1644): CodeIgniter\Database\BaseConnection->query('SELECT `pd`.*, ...', Array, false)
#4 /var/www/html/app/Models/Partners_model.php(567): CodeIgniter\Database\BaseBuilder->get()
#5 /var/www/html/app/Controllers/admin/Dashboard.php(254): App\Models\Partners_model->list(true, '', 5, 0, 'number_of_order...', 'desc', Array, 'partner_id', Array, '')
#6 /var/www/html/vendor/codeigniter4/framework/system/CodeIgniter.php(933): App\Controllers\admin\Dashboard->index()
#7 /var/www/html/vendor/codeigniter4/framework/system/CodeIgniter.php(509): CodeIgniter\CodeIgniter->runController(Object(App\Controllers\admin\Dashboard))
#8 /var/www/html/vendor/codeigniter4/framework/system/CodeIgniter.php(355): CodeIgniter\CodeIgniter->handleRequest(NULL, Object(Config\Cache), false)
#9 /var/www/html/vendor/codeigniter4/framework/system/Boot.php(334): CodeIgniter\CodeIgniter->run()
#10 /var/www/html/vendor/codeigniter4/framework/system/Boot.php(67): CodeIgniter\Boot::runCodeIgniter(Object(CodeIgniter\CodeIgniter))
#11 /var/www/html/public/index.php(58): CodeIgniter\Boot::bootWeb(Object(Config\Paths))
#12 {main}
ERROR - 2025-12-15 03:05:31 --> mysqli_sql_exception: Expression #1 of SELECT list is not in GROUP BY clause and contains nonaggregated column 'madwell_db.pd.id' which is not functionally dependent on columns in GROUP BY clause; this is incompatible with sql_mode=only_full_group_by in /var/www/html/vendor/codeigniter4/framework/system/Database/MySQLi/Connection.php:312
Stack trace:
#0 /var/www/html/vendor/codeigniter4/framework/system/Database/MySQLi/Connection.php(312): mysqli->query('SELECT `pd`.*, ...', 0)
#1 /var/www/html/vendor/codeigniter4/framework/system/Database/BaseConnection.php(734): CodeIgniter\Database\MySQLi\Connection->execute('SELECT `pd`.*, ...')
#2 /var/www/html/vendor/codeigniter4/framework/system/Database/BaseConnection.php(648): CodeIgniter\Database\BaseConnection->simpleQuery('SELECT `pd`.*, ...')
#3 /var/www/html/vendor/codeigniter4/framework/system/Database/BaseBuilder.php(1644): CodeIgniter\Database\BaseConnection->query('SELECT `pd`.*, ...', Array, false)
#4 /var/www/html/app/Models/Partners_model.php(567): CodeIgniter\Database\BaseBuilder->get()
#5 /var/www/html/app/Controllers/admin/Dashboard.php(254): App\Models\Partners_model->list(true, '', 5, 0, 'number_of_order...', 'desc', Array, 'partner_id', Array, '')
#6 /var/www/html/vendor/codeigniter4/framework/system/CodeIgniter.php(933): App\Controllers\admin\Dashboard->index()
#7 /var/www/html/vendor/codeigniter4/framework/system/CodeIgniter.php(509): CodeIgniter\CodeIgniter->runController(Object(App\Controllers\admin\Dashboard))
#8 /var/www/html/vendor/codeigniter4/framework/system/CodeIgniter.php(355): CodeIgniter\CodeIgniter->handleRequest(NULL, Object(Config\Cache), false)
#9 /var/www/html/vendor/codeigniter4/framework/system/Boot.php(334): CodeIgniter\CodeIgniter->run()
#10 /var/www/html/vendor/codeigniter4/framework/system/Boot.php(67): CodeIgniter\Boot::runCodeIgniter(Object(CodeIgniter\CodeIgniter))
#11 /var/www/html/public/index.php(58): CodeIgniter\Boot::bootWeb(Object(Config\Paths))
#12 {main}
