ERROR - 2025-05-09 17:23:50 -->    Params passed :: {"uid":"mN2Pama94SdvAvPAT4VLcAJOK7R2","latitude":"46.8792332","longitude":"-71.2775071","loginType":"google","fcm_id":"fOHpa3tCTti8mh5_6fuOB8:APA91bECJCBjy8lk51reP4aB-MFll-A6qaR-9dDtxdQCrMmh8ZEoPk3xfMLtyyiB-ZxKthvM4MzpRXttTjth2Ui7UoT7z9nmXnQvw4MtjfQucR5VV-MqDak","platform":"android"} Responce => eyJ0eXAiOiJKV1QiLCJhbGciOiJIUzI1NiJ9.eyJpYXQiOjE3NDY4MDc4MzAsImlzcyI6ImVkZW1hbmQiLCJleHAiOjE3NzgzNDM4MzAsInN1YiI6ImVkZW1hbmRfYXV0aGVudGljYXRpb24iLCJ1c2VyX2lkIjoiMiJ9.hxRIctt4pDhOBuawhYzdEMc5sZHCh01jrqsAm6b6uCs- at 2025-05-09 17:23:50--> app/Controllers/api/V1.php - manage_user()
ERROR - 2025-05-09 20:30:32 --> mysqli_sql_exception: Table 'c2581019c_production.settings' doesn't exist in /home/c2581019c/public_html/production/app/vendor/codeigniter4/framework/system/Database/MySQLi/Connection.php:312
Stack trace:
#0 /home/c2581019c/public_html/production/app/vendor/codeigniter4/framework/system/Database/MySQLi/Connection.php(312): mysqli->query()
#1 /home/c2581019c/public_html/production/app/vendor/codeigniter4/framework/system/Database/BaseConnection.php(734): CodeIgniter\Database\MySQLi\Connection->execute()
#2 /home/c2581019c/public_html/production/app/vendor/codeigniter4/framework/system/Database/BaseConnection.php(648): CodeIgniter\Database\BaseConnection->simpleQuery()
#3 /home/c2581019c/public_html/production/app/vendor/codeigniter4/framework/system/Database/BaseBuilder.php(1644): CodeIgniter\Database\BaseConnection->query()
#4 /home/c2581019c/public_html/production/app/app/Helpers/function_helper.php(1399): CodeIgniter\Database\BaseBuilder->get()
#5 /home/c2581019c/public_html/production/app/app/Config/Email.php(17): get_settings()
#6 /home/c2581019c/public_html/production/app/vendor/codeigniter4/framework/system/Config/Factories.php(235): Config\Email->__construct()
#7 /home/c2581019c/public_html/production/app/vendor/codeigniter4/framework/system/Config/Factories.php(169): CodeIgniter\Config\Factories::createInstance()
#8 /home/c2581019c/public_html/production/app/vendor/codeigniter4/framework/system/Config/Factories.php(188): CodeIgniter\Config\Factories::__callStatic()
#9 /home/c2581019c/public_html/production/app/vendor/codeigniter4/framework/system/Common.php(208): CodeIgniter\Config\Factories::get()
#10 /home/c2581019c/public_html/production/app/vendor/codeigniter4/framework/system/Config/Services.php(234): config()
#11 /home/c2581019c/public_html/production/app/vendor/codeigniter4/framework/system/Config/BaseService.php(312): CodeIgniter\Config\Services::email()
#12 /home/c2581019c/public_html/production/app/vendor/codeigniter4/framework/system/Config/BaseService.php(251): CodeIgniter\Config\BaseService::__callStatic()
#13 /home/c2581019c/public_html/production/app/vendor/codeigniter4/framework/system/Config/Services.php(230): CodeIgniter\Config\BaseService::getSharedInstance()
#14 /home/c2581019c/public_html/production/app/vendor/codeigniter4/framework/system/Config/BaseService.php(321): CodeIgniter\Config\Services::email()
#15 /home/c2581019c/public_html/production/app/vendor/benedmunds/codeigniter-ion-auth/Libraries/IonAuth.php(67): CodeIgniter\Config\BaseService::__callStatic()
#16 /home/c2581019c/public_html/production/app/app/Controllers/admin/Admin.php(10): IonAuth\Libraries\IonAuth->__construct()
#17 /home/c2581019c/public_html/production/app/app/Controllers/admin/Dashboard.php(17): App\Controllers\admin\Admin->__construct()
#18 /home/c2581019c/public_html/production/app/vendor/codeigniter4/framework/system/CodeIgniter.php(903): App\Controllers\admin\Dashboard->__construct()
#19 /home/c2581019c/public_html/production/app/vendor/codeigniter4/framework/system/CodeIgniter.php(500): CodeIgniter\CodeIgniter->createController()
#20 /home/c2581019c/public_html/production/app/vendor/codeigniter4/framework/system/CodeIgniter.php(355): CodeIgniter\CodeIgniter->handleRequest()
#21 /home/c2581019c/public_html/production/app/vendor/codeigniter4/framework/system/Boot.php(334): CodeIgniter\CodeIgniter->run()
#22 /home/c2581019c/public_html/production/app/vendor/codeigniter4/framework/system/Boot.php(67): CodeIgniter\Boot::runCodeIgniter()
#23 /home/c2581019c/public_html/production/app/index.php(58): CodeIgniter\Boot::bootWeb()
#24 {main}
CRITICAL - 2025-05-09 20:30:32 --> CodeIgniter\Database\Exceptions\DatabaseException: Table 'c2581019c_production.settings' doesn't exist
[Method: GET, Route: /]
in SYSTEMPATH/Database/BaseConnection.php on line 688.
 1 SYSTEMPATH/Database/BaseBuilder.php(1644): CodeIgniter\Database\BaseConnection->query()
 2 APPPATH/Helpers/function_helper.php(1399): CodeIgniter\Database\BaseBuilder->get()
 3 APPPATH/Config/Email.php(17): get_settings()
 4 SYSTEMPATH/Config/Factories.php(235): Config\Email->__construct()
 5 SYSTEMPATH/Config/Factories.php(169): CodeIgniter\Config\Factories::createInstance()
 6 SYSTEMPATH/Config/Factories.php(188): CodeIgniter\Config\Factories::__callStatic()
 7 SYSTEMPATH/Common.php(208): CodeIgniter\Config\Factories::get()
 8 SYSTEMPATH/Config/Services.php(234): config()
 9 SYSTEMPATH/Config/BaseService.php(312): CodeIgniter\Config\Services::email()
10 SYSTEMPATH/Config/BaseService.php(251): CodeIgniter\Config\BaseService::__callStatic()
11 SYSTEMPATH/Config/Services.php(230): CodeIgniter\Config\BaseService::getSharedInstance()
12 SYSTEMPATH/Config/BaseService.php(321): CodeIgniter\Config\Services::email()
13 FCPATH/vendor/benedmunds/codeigniter-ion-auth/Libraries/IonAuth.php(67): CodeIgniter\Config\BaseService::__callStatic()
14 APPPATH/Controllers/admin/Admin.php(10): IonAuth\Libraries\IonAuth->__construct()
15 APPPATH/Controllers/admin/Dashboard.php(17): App\Controllers\admin\Admin->__construct()
16 SYSTEMPATH/CodeIgniter.php(903): App\Controllers\admin\Dashboard->__construct()
17 SYSTEMPATH/CodeIgniter.php(500): CodeIgniter\CodeIgniter->createController()
18 SYSTEMPATH/CodeIgniter.php(355): CodeIgniter\CodeIgniter->handleRequest()
19 SYSTEMPATH/Boot.php(334): CodeIgniter\CodeIgniter->run()
20 SYSTEMPATH/Boot.php(67): CodeIgniter\Boot::runCodeIgniter()
21 FCPATH/index.php(58): CodeIgniter\Boot::bootWeb()
CRITICAL - 2025-05-09 20:30:32 --> [Caused by] CodeIgniter\Database\Exceptions\DatabaseException: Table 'c2581019c_production.settings' doesn't exist
in SYSTEMPATH/Database/MySQLi/Connection.php on line 317.
 1 SYSTEMPATH/Database/BaseConnection.php(734): CodeIgniter\Database\MySQLi\Connection->execute()
 2 SYSTEMPATH/Database/BaseConnection.php(648): CodeIgniter\Database\BaseConnection->simpleQuery()
 3 SYSTEMPATH/Database/BaseBuilder.php(1644): CodeIgniter\Database\BaseConnection->query()
 4 APPPATH/Helpers/function_helper.php(1399): CodeIgniter\Database\BaseBuilder->get()
 5 APPPATH/Config/Email.php(17): get_settings()
 6 SYSTEMPATH/Config/Factories.php(235): Config\Email->__construct()
 7 SYSTEMPATH/Config/Factories.php(169): CodeIgniter\Config\Factories::createInstance()
 8 SYSTEMPATH/Config/Factories.php(188): CodeIgniter\Config\Factories::__callStatic()
 9 SYSTEMPATH/Common.php(208): CodeIgniter\Config\Factories::get()
10 SYSTEMPATH/Config/Services.php(234): config()
11 SYSTEMPATH/Config/BaseService.php(312): CodeIgniter\Config\Services::email()
12 SYSTEMPATH/Config/BaseService.php(251): CodeIgniter\Config\BaseService::__callStatic()
13 SYSTEMPATH/Config/Services.php(230): CodeIgniter\Config\BaseService::getSharedInstance()
14 SYSTEMPATH/Config/BaseService.php(321): CodeIgniter\Config\Services::email()
15 FCPATH/vendor/benedmunds/codeigniter-ion-auth/Libraries/IonAuth.php(67): CodeIgniter\Config\BaseService::__callStatic()
16 APPPATH/Controllers/admin/Admin.php(10): IonAuth\Libraries\IonAuth->__construct()
17 APPPATH/Controllers/admin/Dashboard.php(17): App\Controllers\admin\Admin->__construct()
18 SYSTEMPATH/CodeIgniter.php(903): App\Controllers\admin\Dashboard->__construct()
19 SYSTEMPATH/CodeIgniter.php(500): CodeIgniter\CodeIgniter->createController()
20 SYSTEMPATH/CodeIgniter.php(355): CodeIgniter\CodeIgniter->handleRequest()
21 SYSTEMPATH/Boot.php(334): CodeIgniter\CodeIgniter->run()
22 SYSTEMPATH/Boot.php(67): CodeIgniter\Boot::runCodeIgniter()
23 FCPATH/index.php(58): CodeIgniter\Boot::bootWeb()
CRITICAL - 2025-05-09 20:30:32 --> [Caused by] mysqli_sql_exception: Table 'c2581019c_production.settings' doesn't exist
in SYSTEMPATH/Database/MySQLi/Connection.php on line 312.
 1 SYSTEMPATH/Database/MySQLi/Connection.php(312): mysqli->query()
 2 SYSTEMPATH/Database/BaseConnection.php(734): CodeIgniter\Database\MySQLi\Connection->execute()
 3 SYSTEMPATH/Database/BaseConnection.php(648): CodeIgniter\Database\BaseConnection->simpleQuery()
 4 SYSTEMPATH/Database/BaseBuilder.php(1644): CodeIgniter\Database\BaseConnection->query()
 5 APPPATH/Helpers/function_helper.php(1399): CodeIgniter\Database\BaseBuilder->get()
 6 APPPATH/Config/Email.php(17): get_settings()
 7 SYSTEMPATH/Config/Factories.php(235): Config\Email->__construct()
 8 SYSTEMPATH/Config/Factories.php(169): CodeIgniter\Config\Factories::createInstance()
 9 SYSTEMPATH/Config/Factories.php(188): CodeIgniter\Config\Factories::__callStatic()
10 SYSTEMPATH/Common.php(208): CodeIgniter\Config\Factories::get()
11 SYSTEMPATH/Config/Services.php(234): config()
12 SYSTEMPATH/Config/BaseService.php(312): CodeIgniter\Config\Services::email()
13 SYSTEMPATH/Config/BaseService.php(251): CodeIgniter\Config\BaseService::__callStatic()
14 SYSTEMPATH/Config/Services.php(230): CodeIgniter\Config\BaseService::getSharedInstance()
15 SYSTEMPATH/Config/BaseService.php(321): CodeIgniter\Config\Services::email()
16 FCPATH/vendor/benedmunds/codeigniter-ion-auth/Libraries/IonAuth.php(67): CodeIgniter\Config\BaseService::__callStatic()
17 APPPATH/Controllers/admin/Admin.php(10): IonAuth\Libraries\IonAuth->__construct()
18 APPPATH/Controllers/admin/Dashboard.php(17): App\Controllers\admin\Admin->__construct()
19 SYSTEMPATH/CodeIgniter.php(903): App\Controllers\admin\Dashboard->__construct()
20 SYSTEMPATH/CodeIgniter.php(500): CodeIgniter\CodeIgniter->createController()
21 SYSTEMPATH/CodeIgniter.php(355): CodeIgniter\CodeIgniter->handleRequest()
22 SYSTEMPATH/Boot.php(334): CodeIgniter\CodeIgniter->run()
23 SYSTEMPATH/Boot.php(67): CodeIgniter\Boot::runCodeIgniter()
24 FCPATH/index.php(58): CodeIgniter\Boot::bootWeb()
CRITICAL - 2025-05-09 20:30:33 --> ErrorException: Uncaught Error: Cannot access protected property CodeIgniter\HTTP\IncomingRequest::$uri in /home/c2581019c/public_html/production/app/app/Views/errors/html/error_exception.php:201
Stack trace:
#0 /home/c2581019c/public_html/production/app/vendor/codeigniter4/framework/system/Debug/Exceptions.php(330): include()
#1 /home/c2581019c/public_html/production/app/vendor/codeigniter4/framework/system/Debug/Exceptions.php(333): CodeIgniter\Debug\Exceptions->CodeIgniter\Debug\{closure}()
#2 /home/c2581019c/public_html/production/app/vendor/codeigniter4/framework/system/Debug/Exceptions.php(194): CodeIgniter\Debug\Exceptions->render()
#3 [internal function]: CodeIgniter\Debug\Exceptions->exceptionHandler()
#4 {main}
  thrown
【Previous Exception】
CodeIgniter\Database\Exceptions\DatabaseException
Table 'c2581019c_production.settings' doesn't exist
#0 /home/c2581019c/public_html/production/app/vendor/codeigniter4/framework/system/Database/BaseBuilder.php(1644): CodeIgniter\Database\BaseConnection->query()
#1 /home/c2581019c/public_html/production/app/app/Helpers/function_helper.php(1399): CodeIgniter\Database\BaseBuilder->get()
#2 /home/c2581019c/public_html/production/app/app/Config/Email.php(17): get_settings()
#3 /home/c2581019c/public_html/production/app/vendor/codeigniter4/framework/system/Config/Factories.php(235): Config\Email->__construct()
#4 /home/c2581019c/public_html/production/app/vendor/codeigniter4/framework/system/Config/Factories.php(169): CodeIgniter\Config\Factories::createInstance()
#5 /home/c2581019c/public_html/production/app/vendor/codeigniter4/framework/system/Config/Factories.php(188): CodeIgniter\Config\Factories::__callStatic()
#6 /home/c2581019c/public_html/production/app/vendor/codeigniter4/framework/system/Common.php(208): CodeIgniter\Config\Factories::get()
#7 /home/c2581019c/public_html/production/app/vendor/codeigniter4/framework/system/Config/Services.php(234): config()
#8 /home/c2581019c/public_html/production/app/vendor/codeigniter4/framework/system/Config/BaseService.php(312): CodeIgniter\Config\Services::email()
#9 /home/c2581019c/public_html/production/app/vendor/codeigniter4/framework/system/Config/BaseService.php(251): CodeIgniter\Config\BaseService::__callStatic()
#10 /home/c2581019c/public_html/production/app/vendor/codeigniter4/framework/system/Config/Services.php(230): CodeIgniter\Config\BaseService::getSharedInstance()
#11 /home/c2581019c/public_html/production/app/vendor/codeigniter4/framework/system/Config/BaseService.php(321): CodeIgniter\Config\Services::email()
#12 /home/c2581019c/public_html/production/app/vendor/benedmunds/codeigniter-ion-auth/Libraries/IonAuth.php(67): CodeIgniter\Config\BaseService::__callStatic()
#13 /home/c2581019c/public_html/production/app/app/Controllers/admin/Admin.php(10): IonAuth\Libraries\IonAuth->__construct()
#14 /home/c2581019c/public_html/production/app/app/Controllers/admin/Dashboard.php(17): App\Controllers\admin\Admin->__construct()
#15 /home/c2581019c/public_html/production/app/vendor/codeigniter4/framework/system/CodeIgniter.php(903): App\Controllers\admin\Dashboard->__construct()
#16 /home/c2581019c/public_html/production/app/vendor/codeigniter4/framework/system/CodeIgniter.php(500): CodeIgniter\CodeIgniter->createController()
#17 /home/c2581019c/public_html/production/app/vendor/codeigniter4/framework/system/CodeIgniter.php(355): CodeIgniter\CodeIgniter->handleRequest()
#18 /home/c2581019c/public_html/production/app/vendor/codeigniter4/framework/system/Boot.php(334): CodeIgniter\CodeIgniter->run()
#19 /home/c2581019c/public_html/production/app/vendor/codeigniter4/framework/system/Boot.php(67): CodeIgniter\Boot::runCodeIgniter()
#20 /home/c2581019c/public_html/production/app/index.php(58): CodeIgniter\Boot::bootWeb()
#21 {main}
[Method: GET, Route: /]
in APPPATH/Views/errors/html/error_exception.php on line 201.
 1 [internal function]: CodeIgniter\Debug\Exceptions->shutdownHandler()
ERROR - 2025-05-09 20:30:33 --> mysqli_sql_exception: Table 'c2581019c_production.settings' doesn't exist in /home/c2581019c/public_html/production/app/vendor/codeigniter4/framework/system/Database/MySQLi/Connection.php:312
Stack trace:
#0 /home/c2581019c/public_html/production/app/vendor/codeigniter4/framework/system/Database/MySQLi/Connection.php(312): mysqli->query()
#1 /home/c2581019c/public_html/production/app/vendor/codeigniter4/framework/system/Database/BaseConnection.php(734): CodeIgniter\Database\MySQLi\Connection->execute()
#2 /home/c2581019c/public_html/production/app/vendor/codeigniter4/framework/system/Database/BaseConnection.php(648): CodeIgniter\Database\BaseConnection->simpleQuery()
#3 /home/c2581019c/public_html/production/app/vendor/codeigniter4/framework/system/Database/BaseBuilder.php(1644): CodeIgniter\Database\BaseConnection->query()
#4 /home/c2581019c/public_html/production/app/app/Helpers/function_helper.php(1399): CodeIgniter\Database\BaseBuilder->get()
#5 /home/c2581019c/public_html/production/app/app/Views/frontend/retro/template.php(5): get_settings()
#6 /home/c2581019c/public_html/production/app/vendor/codeigniter4/framework/system/View/View.php(234): include('/home/c2581019c...')
#7 /home/c2581019c/public_html/production/app/vendor/codeigniter4/framework/system/View/View.php(237): CodeIgniter\View\View->CodeIgniter\View\{closure}()
#8 /home/c2581019c/public_html/production/app/vendor/codeigniter4/framework/system/Common.php(1171): CodeIgniter\View\View->render()
#9 /home/c2581019c/public_html/production/app/app/Config/Routes.php(26): view()
#10 /home/c2581019c/public_html/production/app/vendor/codeigniter4/framework/system/CodeIgniter.php(955): CodeIgniter\Router\RouteCollection->Config\{closure}()
#11 /home/c2581019c/public_html/production/app/vendor/codeigniter4/framework/system/CodeIgniter.php(364): CodeIgniter\CodeIgniter->display404errors()
#12 /home/c2581019c/public_html/production/app/vendor/codeigniter4/framework/system/Boot.php(334): CodeIgniter\CodeIgniter->run()
#13 /home/c2581019c/public_html/production/app/vendor/codeigniter4/framework/system/Boot.php(67): CodeIgniter\Boot::runCodeIgniter()
#14 /home/c2581019c/public_html/production/app/index.php(58): CodeIgniter\Boot::bootWeb()
#15 {main}
CRITICAL - 2025-05-09 20:30:33 --> CodeIgniter\Database\Exceptions\DatabaseException: Table 'c2581019c_production.settings' doesn't exist
[Method: GET, Route: favicon.ico]
in SYSTEMPATH/Database/BaseConnection.php on line 688.
 1 SYSTEMPATH/Database/BaseBuilder.php(1644): CodeIgniter\Database\BaseConnection->query()
 2 APPPATH/Helpers/function_helper.php(1399): CodeIgniter\Database\BaseBuilder->get()
 3 APPPATH/Views/frontend/retro/template.php(5): get_settings()
 4 SYSTEMPATH/View/View.php(234): include('/home/c2581019c/public_html/production/app/app/Views/frontend/retro/template.php')
 5 SYSTEMPATH/View/View.php(237): CodeIgniter\View\View->CodeIgniter\View\{closure}()
 6 SYSTEMPATH/Common.php(1171): CodeIgniter\View\View->render()
 7 APPPATH/Config/Routes.php(26): view()
 8 SYSTEMPATH/CodeIgniter.php(955): CodeIgniter\Router\RouteCollection->Config\{closure}()
 9 SYSTEMPATH/CodeIgniter.php(364): CodeIgniter\CodeIgniter->display404errors()
10 SYSTEMPATH/Boot.php(334): CodeIgniter\CodeIgniter->run()
11 SYSTEMPATH/Boot.php(67): CodeIgniter\Boot::runCodeIgniter()
12 FCPATH/index.php(58): CodeIgniter\Boot::bootWeb()
CRITICAL - 2025-05-09 20:30:33 --> [Caused by] CodeIgniter\Database\Exceptions\DatabaseException: Table 'c2581019c_production.settings' doesn't exist
in SYSTEMPATH/Database/MySQLi/Connection.php on line 317.
 1 SYSTEMPATH/Database/BaseConnection.php(734): CodeIgniter\Database\MySQLi\Connection->execute()
 2 SYSTEMPATH/Database/BaseConnection.php(648): CodeIgniter\Database\BaseConnection->simpleQuery()
 3 SYSTEMPATH/Database/BaseBuilder.php(1644): CodeIgniter\Database\BaseConnection->query()
 4 APPPATH/Helpers/function_helper.php(1399): CodeIgniter\Database\BaseBuilder->get()
 5 APPPATH/Views/frontend/retro/template.php(5): get_settings()
 6 SYSTEMPATH/View/View.php(234): include('/home/c2581019c/public_html/production/app/app/Views/frontend/retro/template.php')
 7 SYSTEMPATH/View/View.php(237): CodeIgniter\View\View->CodeIgniter\View\{closure}()
 8 SYSTEMPATH/Common.php(1171): CodeIgniter\View\View->render()
 9 APPPATH/Config/Routes.php(26): view()
10 SYSTEMPATH/CodeIgniter.php(955): CodeIgniter\Router\RouteCollection->Config\{closure}()
11 SYSTEMPATH/CodeIgniter.php(364): CodeIgniter\CodeIgniter->display404errors()
12 SYSTEMPATH/Boot.php(334): CodeIgniter\CodeIgniter->run()
13 SYSTEMPATH/Boot.php(67): CodeIgniter\Boot::runCodeIgniter()
14 FCPATH/index.php(58): CodeIgniter\Boot::bootWeb()
CRITICAL - 2025-05-09 20:30:33 --> [Caused by] mysqli_sql_exception: Table 'c2581019c_production.settings' doesn't exist
in SYSTEMPATH/Database/MySQLi/Connection.php on line 312.
 1 SYSTEMPATH/Database/MySQLi/Connection.php(312): mysqli->query()
 2 SYSTEMPATH/Database/BaseConnection.php(734): CodeIgniter\Database\MySQLi\Connection->execute()
 3 SYSTEMPATH/Database/BaseConnection.php(648): CodeIgniter\Database\BaseConnection->simpleQuery()
 4 SYSTEMPATH/Database/BaseBuilder.php(1644): CodeIgniter\Database\BaseConnection->query()
 5 APPPATH/Helpers/function_helper.php(1399): CodeIgniter\Database\BaseBuilder->get()
 6 APPPATH/Views/frontend/retro/template.php(5): get_settings()
 7 SYSTEMPATH/View/View.php(234): include('/home/c2581019c/public_html/production/app/app/Views/frontend/retro/template.php')
 8 SYSTEMPATH/View/View.php(237): CodeIgniter\View\View->CodeIgniter\View\{closure}()
 9 SYSTEMPATH/Common.php(1171): CodeIgniter\View\View->render()
10 APPPATH/Config/Routes.php(26): view()
11 SYSTEMPATH/CodeIgniter.php(955): CodeIgniter\Router\RouteCollection->Config\{closure}()
12 SYSTEMPATH/CodeIgniter.php(364): CodeIgniter\CodeIgniter->display404errors()
13 SYSTEMPATH/Boot.php(334): CodeIgniter\CodeIgniter->run()
14 SYSTEMPATH/Boot.php(67): CodeIgniter\Boot::runCodeIgniter()
15 FCPATH/index.php(58): CodeIgniter\Boot::bootWeb()
