ERROR - 2025-04-30 20:56:29 --> mysqli_sql_exception: MySQL server has gone away in /home/c2581019c/public_html/staging/app/vendor/codeigniter4/framework/system/Database/MySQLi/Connection.php:312
Stack trace:
#0 /home/c2581019c/public_html/staging/app/vendor/codeigniter4/framework/system/Database/MySQLi/Connection.php(312): mysqli->query()
#1 /home/c2581019c/public_html/staging/app/vendor/codeigniter4/framework/system/Database/BaseConnection.php(734): CodeIgniter\Database\MySQLi\Connection->execute()
#2 /home/c2581019c/public_html/staging/app/vendor/codeigniter4/framework/system/Database/BaseConnection.php(648): CodeIgniter\Database\BaseConnection->simpleQuery()
#3 /home/c2581019c/public_html/staging/app/vendor/codeigniter4/framework/system/Database/BaseBuilder.php(1644): CodeIgniter\Database\BaseConnection->query()
#4 /home/c2581019c/public_html/staging/app/vendor/benedmunds/codeigniter-ion-auth/Models/IonAuthModel.php(1565): CodeIgniter\Database\BaseBuilder->get()
#5 /home/c2581019c/public_html/staging/app/vendor/benedmunds/codeigniter-ion-auth/Models/IonAuthModel.php(1589): IonAuth\Models\IonAuthModel->users()
#6 [internal function]: IonAuth\Models\IonAuthModel->user()
#7 /home/c2581019c/public_html/staging/app/vendor/benedmunds/codeigniter-ion-auth/Libraries/IonAuth.php(109): call_user_func_array()
#8 /home/c2581019c/public_html/staging/app/app/Controllers/BaseController.php(103): IonAuth\Libraries\IonAuth->__call()
#9 /home/c2581019c/public_html/staging/app/app/Controllers/admin/Admin.php(12): App\Controllers\BaseController->updateUser()
#10 /home/c2581019c/public_html/staging/app/app/Controllers/admin/DatabaseOperations.php(10): App\Controllers\admin\Admin->__construct()
#11 /home/c2581019c/public_html/staging/app/vendor/codeigniter4/framework/system/CodeIgniter.php(903): App\Controllers\admin\DatabaseOperations->__construct()
#12 /home/c2581019c/public_html/staging/app/vendor/codeigniter4/framework/system/CodeIgniter.php(500): CodeIgniter\CodeIgniter->createController()
#13 /home/c2581019c/public_html/staging/app/vendor/codeigniter4/framework/system/CodeIgniter.php(355): CodeIgniter\CodeIgniter->handleRequest()
#14 /home/c2581019c/public_html/staging/app/vendor/codeigniter4/framework/system/Boot.php(334): CodeIgniter\CodeIgniter->run()
#15 /home/c2581019c/public_html/staging/app/vendor/codeigniter4/framework/system/Boot.php(67): CodeIgniter\Boot::runCodeIgniter()
#16 /home/c2581019c/public_html/staging/app/index.php(58): CodeIgniter\Boot::bootWeb()
#17 {main}
CRITICAL - 2025-04-30 20:56:29 --> CodeIgniter\Database\Exceptions\DatabaseException: MySQL server has gone away
[Method: GET, Route: admin/database_backup]
in SYSTEMPATH/Database/BaseConnection.php on line 688.
 1 SYSTEMPATH/Database/BaseBuilder.php(1644): CodeIgniter\Database\BaseConnection->query()
 2 FCPATH/vendor/benedmunds/codeigniter-ion-auth/Models/IonAuthModel.php(1565): CodeIgniter\Database\BaseBuilder->get()
 3 FCPATH/vendor/benedmunds/codeigniter-ion-auth/Models/IonAuthModel.php(1589): IonAuth\Models\IonAuthModel->users()
 4 [internal function]: IonAuth\Models\IonAuthModel->user()
 5 FCPATH/vendor/benedmunds/codeigniter-ion-auth/Libraries/IonAuth.php(109): call_user_func_array()
 6 APPPATH/Controllers/BaseController.php(103): IonAuth\Libraries\IonAuth->__call()
 7 APPPATH/Controllers/admin/Admin.php(12): App\Controllers\BaseController->updateUser()
 8 APPPATH/Controllers/admin/DatabaseOperations.php(10): App\Controllers\admin\Admin->__construct()
 9 SYSTEMPATH/CodeIgniter.php(903): App\Controllers\admin\DatabaseOperations->__construct()
10 SYSTEMPATH/CodeIgniter.php(500): CodeIgniter\CodeIgniter->createController()
11 SYSTEMPATH/CodeIgniter.php(355): CodeIgniter\CodeIgniter->handleRequest()
12 SYSTEMPATH/Boot.php(334): CodeIgniter\CodeIgniter->run()
13 SYSTEMPATH/Boot.php(67): CodeIgniter\Boot::runCodeIgniter()
14 FCPATH/index.php(58): CodeIgniter\Boot::bootWeb()
CRITICAL - 2025-04-30 20:56:29 --> [Caused by] CodeIgniter\Database\Exceptions\DatabaseException: MySQL server has gone away
in SYSTEMPATH/Database/MySQLi/Connection.php on line 317.
 1 SYSTEMPATH/Database/BaseConnection.php(734): CodeIgniter\Database\MySQLi\Connection->execute()
 2 SYSTEMPATH/Database/BaseConnection.php(648): CodeIgniter\Database\BaseConnection->simpleQuery()
 3 SYSTEMPATH/Database/BaseBuilder.php(1644): CodeIgniter\Database\BaseConnection->query()
 4 FCPATH/vendor/benedmunds/codeigniter-ion-auth/Models/IonAuthModel.php(1565): CodeIgniter\Database\BaseBuilder->get()
 5 FCPATH/vendor/benedmunds/codeigniter-ion-auth/Models/IonAuthModel.php(1589): IonAuth\Models\IonAuthModel->users()
 6 [internal function]: IonAuth\Models\IonAuthModel->user()
 7 FCPATH/vendor/benedmunds/codeigniter-ion-auth/Libraries/IonAuth.php(109): call_user_func_array()
 8 APPPATH/Controllers/BaseController.php(103): IonAuth\Libraries\IonAuth->__call()
 9 APPPATH/Controllers/admin/Admin.php(12): App\Controllers\BaseController->updateUser()
10 APPPATH/Controllers/admin/DatabaseOperations.php(10): App\Controllers\admin\Admin->__construct()
11 SYSTEMPATH/CodeIgniter.php(903): App\Controllers\admin\DatabaseOperations->__construct()
12 SYSTEMPATH/CodeIgniter.php(500): CodeIgniter\CodeIgniter->createController()
13 SYSTEMPATH/CodeIgniter.php(355): CodeIgniter\CodeIgniter->handleRequest()
14 SYSTEMPATH/Boot.php(334): CodeIgniter\CodeIgniter->run()
15 SYSTEMPATH/Boot.php(67): CodeIgniter\Boot::runCodeIgniter()
16 FCPATH/index.php(58): CodeIgniter\Boot::bootWeb()
CRITICAL - 2025-04-30 20:56:29 --> [Caused by] mysqli_sql_exception: MySQL server has gone away
in SYSTEMPATH/Database/MySQLi/Connection.php on line 312.
 1 SYSTEMPATH/Database/MySQLi/Connection.php(312): mysqli->query()
 2 SYSTEMPATH/Database/BaseConnection.php(734): CodeIgniter\Database\MySQLi\Connection->execute()
 3 SYSTEMPATH/Database/BaseConnection.php(648): CodeIgniter\Database\BaseConnection->simpleQuery()
 4 SYSTEMPATH/Database/BaseBuilder.php(1644): CodeIgniter\Database\BaseConnection->query()
 5 FCPATH/vendor/benedmunds/codeigniter-ion-auth/Models/IonAuthModel.php(1565): CodeIgniter\Database\BaseBuilder->get()
 6 FCPATH/vendor/benedmunds/codeigniter-ion-auth/Models/IonAuthModel.php(1589): IonAuth\Models\IonAuthModel->users()
 7 [internal function]: IonAuth\Models\IonAuthModel->user()
 8 FCPATH/vendor/benedmunds/codeigniter-ion-auth/Libraries/IonAuth.php(109): call_user_func_array()
 9 APPPATH/Controllers/BaseController.php(103): IonAuth\Libraries\IonAuth->__call()
10 APPPATH/Controllers/admin/Admin.php(12): App\Controllers\BaseController->updateUser()
11 APPPATH/Controllers/admin/DatabaseOperations.php(10): App\Controllers\admin\Admin->__construct()
12 SYSTEMPATH/CodeIgniter.php(903): App\Controllers\admin\DatabaseOperations->__construct()
13 SYSTEMPATH/CodeIgniter.php(500): CodeIgniter\CodeIgniter->createController()
14 SYSTEMPATH/CodeIgniter.php(355): CodeIgniter\CodeIgniter->handleRequest()
15 SYSTEMPATH/Boot.php(334): CodeIgniter\CodeIgniter->run()
16 SYSTEMPATH/Boot.php(67): CodeIgniter\Boot::runCodeIgniter()
17 FCPATH/index.php(58): CodeIgniter\Boot::bootWeb()
CRITICAL - 2025-04-30 20:56:29 --> ErrorException: Uncaught Error: Cannot access protected property CodeIgniter\HTTP\IncomingRequest::$uri in /home/c2581019c/public_html/staging/app/app/Views/errors/html/error_exception.php:201
Stack trace:
#0 /home/c2581019c/public_html/staging/app/vendor/codeigniter4/framework/system/Debug/Exceptions.php(330): include()
#1 /home/c2581019c/public_html/staging/app/vendor/codeigniter4/framework/system/Debug/Exceptions.php(333): CodeIgniter\Debug\Exceptions->CodeIgniter\Debug\{closure}()
#2 /home/c2581019c/public_html/staging/app/vendor/codeigniter4/framework/system/Debug/Exceptions.php(194): CodeIgniter\Debug\Exceptions->render()
#3 [internal function]: CodeIgniter\Debug\Exceptions->exceptionHandler()
#4 {main}
  thrown
【Previous Exception】
CodeIgniter\Database\Exceptions\DatabaseException
MySQL server has gone away
#0 /home/c2581019c/public_html/staging/app/vendor/codeigniter4/framework/system/Database/BaseBuilder.php(1644): CodeIgniter\Database\BaseConnection->query()
#1 /home/c2581019c/public_html/staging/app/vendor/benedmunds/codeigniter-ion-auth/Models/IonAuthModel.php(1565): CodeIgniter\Database\BaseBuilder->get()
#2 /home/c2581019c/public_html/staging/app/vendor/benedmunds/codeigniter-ion-auth/Models/IonAuthModel.php(1589): IonAuth\Models\IonAuthModel->users()
#3 [internal function]: IonAuth\Models\IonAuthModel->user()
#4 /home/c2581019c/public_html/staging/app/vendor/benedmunds/codeigniter-ion-auth/Libraries/IonAuth.php(109): call_user_func_array()
#5 /home/c2581019c/public_html/staging/app/app/Controllers/BaseController.php(103): IonAuth\Libraries\IonAuth->__call()
#6 /home/c2581019c/public_html/staging/app/app/Controllers/admin/Admin.php(12): App\Controllers\BaseController->updateUser()
#7 /home/c2581019c/public_html/staging/app/app/Controllers/admin/DatabaseOperations.php(10): App\Controllers\admin\Admin->__construct()
#8 /home/c2581019c/public_html/staging/app/vendor/codeigniter4/framework/system/CodeIgniter.php(903): App\Controllers\admin\DatabaseOperations->__construct()
#9 /home/c2581019c/public_html/staging/app/vendor/codeigniter4/framework/system/CodeIgniter.php(500): CodeIgniter\CodeIgniter->createController()
#10 /home/c2581019c/public_html/staging/app/vendor/codeigniter4/framework/system/CodeIgniter.php(355): CodeIgniter\CodeIgniter->handleRequest()
#11 /home/c2581019c/public_html/staging/app/vendor/codeigniter4/framework/system/Boot.php(334): CodeIgniter\CodeIgniter->run()
#12 /home/c2581019c/public_html/staging/app/vendor/codeigniter4/framework/system/Boot.php(67): CodeIgniter\Boot::runCodeIgniter()
#13 /home/c2581019c/public_html/staging/app/index.php(58): CodeIgniter\Boot::bootWeb()
#14 {main}
[Method: GET, Route: admin/database_backup]
in APPPATH/Views/errors/html/error_exception.php on line 201.
 1 [internal function]: CodeIgniter\Debug\Exceptions->shutdownHandler()
