DEBUG - 2025-12-16 16:21:36 --> Session: Class initialized using 'CodeIgniter\Session\Handlers\FileHandler' driver.
DEBUG - 2025-12-16 16:23:49 --> Session: Class initialized using 'CodeIgniter\Session\Handlers\FileHandler' driver.
DEBUG - 2025-12-16 16:23:56 --> Session: Class initialized using 'CodeIgniter\Session\Handlers\FileHandler' driver.
DEBUG - 2025-12-16 16:24:42 --> Session: Class initialized using 'CodeIgniter\Session\Handlers\FileHandler' driver.
INFO - 2025-12-16 16:24:43 --> Language filter: Set language to 'en' from request headers
ERROR - 2025-12-16 16:24:45 --> Xendit API key is not configured
DEBUG - 2025-12-16 16:24:49 --> Session: Class initialized using 'CodeIgniter\Session\Handlers\FileHandler' driver.
INFO - 2025-12-16 16:24:49 --> Language filter: Set language to 'en' from request headers
ERROR - 2025-12-16 16:24:50 --> Xendit API key is not configured
DEBUG - 2025-12-16 16:25:13 --> Session: Class initialized using 'CodeIgniter\Session\Handlers\FileHandler' driver.
DEBUG - 2025-12-16 16:25:13 --> Session: Class initialized using 'CodeIgniter\Session\Handlers\FileHandler' driver.
INFO - 2025-12-16 16:25:13 --> Language filter: Set language to 'en' from request headers
INFO - 2025-12-16 16:25:13 --> Language filter: Set language to 'en' from request headers
ERROR - 2025-12-16 16:25:15 --> Xendit API key is not configured
ERROR - 2025-12-16 16:25:16 --> Xendit API key is not configured
DEBUG - 2025-12-16 16:25:18 --> Session: Class initialized using 'CodeIgniter\Session\Handlers\FileHandler' driver.
INFO - 2025-12-16 16:25:18 --> Language filter: Set language to 'en' from request headers
DEBUG - 2025-12-16 16:25:20 --> Session: Class initialized using 'CodeIgniter\Session\Handlers\FileHandler' driver.
DEBUG - 2025-12-16 16:25:20 --> Session: Class initialized using 'CodeIgniter\Session\Handlers\FileHandler' driver.
INFO - 2025-12-16 16:25:20 --> Language filter: Set language to 'en' from request headers
ERROR - 2025-12-16 16:25:20 --> Xendit API key is not configured
INFO - 2025-12-16 16:25:20 --> Language filter: Set language to 'en' from request headers
ERROR - 2025-12-16 16:25:22 --> Xendit API key is not configured
ERROR - 2025-12-16 16:25:22 --> Xendit API key is not configured
DEBUG - 2025-12-16 16:25:25 --> Session: Class initialized using 'CodeIgniter\Session\Handlers\FileHandler' driver.
DEBUG - 2025-12-16 16:25:25 --> Session: Class initialized using 'CodeIgniter\Session\Handlers\FileHandler' driver.
INFO - 2025-12-16 16:25:25 --> Language filter: Set language to 'en' from request headers
INFO - 2025-12-16 16:25:25 --> Language filter: Set language to 'en' from request headers
ERROR - 2025-12-16 16:25:26 --> Xendit API key is not configured
ERROR - 2025-12-16 16:25:26 --> Xendit API key is not configured
DEBUG - 2025-12-16 16:25:29 --> Session: Class initialized using 'CodeIgniter\Session\Handlers\FileHandler' driver.
DEBUG - 2025-12-16 16:25:29 --> Session: Class initialized using 'CodeIgniter\Session\Handlers\FileHandler' driver.
INFO - 2025-12-16 16:25:29 --> Language filter: Set language to 'fr' from request headers
INFO - 2025-12-16 16:25:29 --> Language filter: Set language to 'fr' from request headers
DEBUG - 2025-12-16 16:25:29 --> Session: Class initialized using 'CodeIgniter\Session\Handlers\FileHandler' driver.
INFO - 2025-12-16 16:25:30 --> Language filter: Set language to 'fr' from request headers
ERROR - 2025-12-16 16:25:31 --> Xendit API key is not configured
ERROR - 2025-12-16 16:25:31 --> Xendit API key is not configured
ERROR - 2025-12-16 16:25:31 --> Xendit API key is not configured
DEBUG - 2025-12-16 16:25:46 --> Session: Class initialized using 'CodeIgniter\Session\Handlers\FileHandler' driver.
INFO - 2025-12-16 16:25:46 --> Language filter: Set language to 'fr' from request headers
ERROR - 2025-12-16 16:25:48 --> Xendit API key is not configured
DEBUG - 2025-12-16 16:25:53 --> Session: Class initialized using 'CodeIgniter\Session\Handlers\FileHandler' driver.
INFO - 2025-12-16 16:25:53 --> Language filter: Set language to 'fr' from request headers
ERROR - 2025-12-16 16:25:55 --> Xendit API key is not configured
DEBUG - 2025-12-16 16:26:00 --> Session: Class initialized using 'CodeIgniter\Session\Handlers\FileHandler' driver.
INFO - 2025-12-16 16:26:00 --> Language filter: Set language to 'fr' from request headers
ERROR - 2025-12-16 16:26:02 --> Xendit API key is not configured
DEBUG - 2025-12-16 16:26:05 --> Session: Class initialized using 'CodeIgniter\Session\Handlers\FileHandler' driver.
DEBUG - 2025-12-16 16:26:05 --> Session: Class initialized using 'CodeIgniter\Session\Handlers\FileHandler' driver.
DEBUG - 2025-12-16 16:26:05 --> Session: Class initialized using 'CodeIgniter\Session\Handlers\FileHandler' driver.
INFO - 2025-12-16 16:26:05 --> Language filter: Set language to 'fr' from request headers
INFO - 2025-12-16 16:26:05 --> Language filter: Set language to 'fr' from request headers
INFO - 2025-12-16 16:26:05 --> Language filter: Set language to 'fr' from request headers
DEBUG - 2025-12-16 16:26:06 --> Session: Class initialized using 'CodeIgniter\Session\Handlers\FileHandler' driver.
INFO - 2025-12-16 16:26:06 --> Language filter: Set language to 'fr' from request headers
ERROR - 2025-12-16 16:26:06 --> Xendit API key is not configured
ERROR - 2025-12-16 16:26:06 --> Xendit API key is not configured
ERROR - 2025-12-16 16:26:06 --> Xendit API key is not configured
ERROR - 2025-12-16 16:26:08 --> Xendit API key is not configured
DEBUG - 2025-12-16 16:27:30 --> Session: Class initialized using 'CodeIgniter\Session\Handlers\FileHandler' driver.
DEBUG - 2025-12-16 16:27:30 --> Session: Class initialized using 'CodeIgniter\Session\Handlers\FileHandler' driver.
INFO - 2025-12-16 16:27:30 --> Language filter: Set language to 'fr' from request headers
INFO - 2025-12-16 16:27:30 --> Language filter: Set language to 'fr' from request headers
DEBUG - 2025-12-16 16:27:30 --> Session: Class initialized using 'CodeIgniter\Session\Handlers\FileHandler' driver.
INFO - 2025-12-16 16:27:30 --> Language filter: Set language to 'fr' from request headers
ERROR - 2025-12-16 16:27:32 --> Xendit API key is not configured
DEBUG - 2025-12-16 16:27:32 --> Session: Class initialized using 'CodeIgniter\Session\Handlers\FileHandler' driver.
ERROR - 2025-12-16 16:27:32 --> Xendit API key is not configured
INFO - 2025-12-16 16:27:32 --> Language filter: Set language to 'fr' from request headers
ERROR - 2025-12-16 16:27:32 --> Xendit API key is not configured
ERROR - 2025-12-16 16:27:33 --> Xendit API key is not configured
DEBUG - 2025-12-16 16:27:46 --> Session: Class initialized using 'CodeIgniter\Session\Handlers\FileHandler' driver.
DEBUG - 2025-12-16 16:27:46 --> Session: Class initialized using 'CodeIgniter\Session\Handlers\FileHandler' driver.
INFO - 2025-12-16 16:27:46 --> Language filter: Set language to 'fr' from request headers
INFO - 2025-12-16 16:27:46 --> Language filter: Set language to 'fr' from request headers
DEBUG - 2025-12-16 16:27:46 --> Session: Class initialized using 'CodeIgniter\Session\Handlers\FileHandler' driver.
INFO - 2025-12-16 16:27:47 --> Language filter: Set language to 'fr' from request headers
ERROR - 2025-12-16 16:27:48 --> Xendit API key is not configured
ERROR - 2025-12-16 16:27:48 --> Xendit API key is not configured
DEBUG - 2025-12-16 16:27:48 --> Session: Class initialized using 'CodeIgniter\Session\Handlers\FileHandler' driver.
INFO - 2025-12-16 16:27:48 --> Language filter: Set language to 'fr' from request headers
ERROR - 2025-12-16 16:27:48 --> Xendit API key is not configured
ERROR - 2025-12-16 16:27:50 --> Xendit API key is not configured
DEBUG - 2025-12-16 16:28:17 --> Session: Class initialized using 'CodeIgniter\Session\Handlers\FileHandler' driver.
DEBUG - 2025-12-16 16:28:17 --> Session: Class initialized using 'CodeIgniter\Session\Handlers\FileHandler' driver.
INFO - 2025-12-16 16:28:17 --> Language filter: Set language to 'en' from request headers
INFO - 2025-12-16 16:28:17 --> Language filter: Set language to 'en' from request headers
ERROR - 2025-12-16 16:28:18 --> Xendit API key is not configured
ERROR - 2025-12-16 16:28:18 --> Xendit API key is not configured
DEBUG - 2025-12-16 16:28:20 --> Session: Class initialized using 'CodeIgniter\Session\Handlers\FileHandler' driver.
DEBUG - 2025-12-16 16:28:20 --> Session: Class initialized using 'CodeIgniter\Session\Handlers\FileHandler' driver.
INFO - 2025-12-16 16:28:20 --> Language filter: Set language to 'en' from request headers
INFO - 2025-12-16 16:28:20 --> Language filter: Set language to 'en' from request headers
ERROR - 2025-12-16 16:28:21 --> Xendit API key is not configured
ERROR - 2025-12-16 16:28:21 --> Xendit API key is not configured
DEBUG - 2025-12-16 16:28:24 --> Session: Class initialized using 'CodeIgniter\Session\Handlers\FileHandler' driver.
DEBUG - 2025-12-16 16:28:24 --> Session: Class initialized using 'CodeIgniter\Session\Handlers\FileHandler' driver.
INFO - 2025-12-16 16:28:24 --> Language filter: Set language to 'en' from request headers
INFO - 2025-12-16 16:28:24 --> Language filter: Set language to 'en' from request headers
DEBUG - 2025-12-16 16:28:24 --> Session: Class initialized using 'CodeIgniter\Session\Handlers\FileHandler' driver.
INFO - 2025-12-16 16:28:24 --> Language filter: Set language to 'en' from request headers
ERROR - 2025-12-16 16:28:25 --> Xendit API key is not configured
ERROR - 2025-12-16 16:28:25 --> Xendit API key is not configured
ERROR - 2025-12-16 16:28:26 --> Xendit API key is not configured
DEBUG - 2025-12-16 16:28:28 --> Session: Class initialized using 'CodeIgniter\Session\Handlers\FileHandler' driver.
DEBUG - 2025-12-16 16:28:28 --> Session: Class initialized using 'CodeIgniter\Session\Handlers\FileHandler' driver.
INFO - 2025-12-16 16:28:28 --> Language filter: Set language to 'fr' from request headers
INFO - 2025-12-16 16:28:28 --> Language filter: Set language to 'fr' from request headers
DEBUG - 2025-12-16 16:28:28 --> Session: Class initialized using 'CodeIgniter\Session\Handlers\FileHandler' driver.
INFO - 2025-12-16 16:28:28 --> Language filter: Set language to 'fr' from request headers
ERROR - 2025-12-16 16:28:30 --> Xendit API key is not configured
ERROR - 2025-12-16 16:28:30 --> Xendit API key is not configured
ERROR - 2025-12-16 16:28:30 --> Xendit API key is not configured
DEBUG - 2025-12-16 16:28:31 --> Session: Class initialized using 'CodeIgniter\Session\Handlers\FileHandler' driver.
INFO - 2025-12-16 16:28:31 --> Language filter: Set language to 'fr' from request headers
ERROR - 2025-12-16 16:28:32 --> Xendit API key is not configured
DEBUG - 2025-12-16 16:30:26 --> Session: Class initialized using 'CodeIgniter\Session\Handlers\FileHandler' driver.
INFO - 2025-12-16 16:30:26 --> Language filter: Set language to 'fr' from request headers
ERROR - 2025-12-16 16:30:28 --> Xendit API key is not configured
DEBUG - 2025-12-16 16:30:35 --> Session: Class initialized using 'CodeIgniter\Session\Handlers\FileHandler' driver.
INFO - 2025-12-16 16:30:36 --> Language filter: Set language to 'fr' from request headers
ERROR - 2025-12-16 16:30:37 --> Xendit API key is not configured
DEBUG - 2025-12-16 16:32:03 --> Session: Class initialized using 'CodeIgniter\Session\Handlers\FileHandler' driver.
INFO - 2025-12-16 16:32:03 --> Language filter: Set language to 'fr' from request headers
DEBUG - 2025-12-16 16:32:58 --> Session: Class initialized using 'CodeIgniter\Session\Handlers\FileHandler' driver.
INFO - 2025-12-16 16:32:59 --> Language filter: Set language to 'fr' from request headers
ERROR - 2025-12-16 16:33:00 --> Xendit API key is not configured
DEBUG - 2025-12-16 16:36:08 --> Session: Class initialized using 'CodeIgniter\Session\Handlers\FileHandler' driver.
INFO - 2025-12-16 16:36:08 --> Language filter: Set language to 'fr' from request headers
ERROR - 2025-12-16 16:36:09 --> Xendit API key is not configured
DEBUG - 2025-12-16 16:36:42 --> Session: Class initialized using 'CodeIgniter\Session\Handlers\FileHandler' driver.
DEBUG - 2025-12-16 16:36:47 --> Session: Class initialized using 'CodeIgniter\Session\Handlers\FileHandler' driver.
DEBUG - 2025-12-16 16:39:24 --> Session: Class initialized using 'CodeIgniter\Session\Handlers\FileHandler' driver.
INFO - 2025-12-16 16:39:24 --> Language filter: Set language to 'fr' from request headers
ERROR - 2025-12-16 16:39:25 --> Xendit API key is not configured
DEBUG - 2025-12-16 16:39:28 --> Session: Class initialized using 'CodeIgniter\Session\Handlers\FileHandler' driver.
DEBUG - 2025-12-16 16:39:28 --> Session: Class initialized using 'CodeIgniter\Session\Handlers\FileHandler' driver.
DEBUG - 2025-12-16 16:39:28 --> Session: Class initialized using 'CodeIgniter\Session\Handlers\FileHandler' driver.
INFO - 2025-12-16 16:39:28 --> Language filter: Set language to 'fr' from request headers
INFO - 2025-12-16 16:39:28 --> Language filter: Set language to 'fr' from request headers
INFO - 2025-12-16 16:39:28 --> Language filter: Set language to 'fr' from request headers
DEBUG - 2025-12-16 16:39:30 --> Session: Class initialized using 'CodeIgniter\Session\Handlers\FileHandler' driver.
INFO - 2025-12-16 16:39:30 --> Language filter: Set language to 'fr' from request headers
ERROR - 2025-12-16 16:39:30 --> Xendit API key is not configured
ERROR - 2025-12-16 16:39:30 --> Xendit API key is not configured
ERROR - 2025-12-16 16:39:30 --> Xendit API key is not configured
ERROR - 2025-12-16 16:39:32 --> Xendit API key is not configured
DEBUG - 2025-12-16 16:48:54 --> Session: Class initialized using 'CodeIgniter\Session\Handlers\FileHandler' driver.
DEBUG - 2025-12-16 16:48:54 --> Session: Class initialized using 'CodeIgniter\Session\Handlers\FileHandler' driver.
DEBUG - 2025-12-16 16:49:49 --> Session: Class initialized using 'CodeIgniter\Session\Handlers\FileHandler' driver.
ERROR - 2025-12-16 16:49:49 --> Error connecting to the database: mysqli_sql_exception: Access denied for user 'user'@'%' to database 'new_db' in /var/www/html/vendor/codeigniter4/framework/system/Database/MySQLi/Connection.php:201
Stack trace:
#0 /var/www/html/vendor/codeigniter4/framework/system/Database/MySQLi/Connection.php(201): mysqli->real_connect('db', 'user', Object(SensitiveParameterValue), 'new_db', 3306, '', 0)
#1 /var/www/html/vendor/codeigniter4/framework/system/Database/BaseConnection.php(421): CodeIgniter\Database\MySQLi\Connection->connect(false)
#2 /var/www/html/vendor/codeigniter4/framework/system/Database/BaseConnection.php(620): CodeIgniter\Database\BaseConnection->initialize()
#3 /var/www/html/vendor/codeigniter4/framework/system/Database/BaseBuilder.php(1649): CodeIgniter\Database\BaseConnection->query('SELECT *\nFROM `...', Array, false)
#4 /var/www/html/app/Helpers/function_helper.php(2757): CodeIgniter\Database\BaseBuilder->get()
#5 /var/www/html/app/Config/Events.php(93): get_settings('general_setting...', true)
#6 /var/www/html/app/Config/Events.php(67): Config\set_system_timezone()
#7 /var/www/html/vendor/codeigniter4/framework/system/Events/Events.php(155): CodeIgniter\Events\Events::Config\{closure}()
#8 /var/www/html/app/Controllers/BaseController.php(71): CodeIgniter\Events\Events::trigger('post_controller...')
#9 /var/www/html/vendor/codeigniter4/framework/system/CodeIgniter.php(904): App\Controllers\BaseController->initController(Object(CodeIgniter\HTTP\IncomingRequest), Object(CodeIgniter\HTTP\Response), Object(CodeIgniter\Log\Logger))
#10 /var/www/html/vendor/codeigniter4/framework/system/CodeIgniter.php(498): CodeIgniter\CodeIgniter->createController()
#11 /var/www/html/vendor/codeigniter4/framework/system/CodeIgniter.php(354): CodeIgniter\CodeIgniter->handleRequest(NULL, Object(Config\Cache), false)
#12 /var/www/html/vendor/codeigniter4/framework/system/Boot.php(334): CodeIgniter\CodeIgniter->run()
#13 /var/www/html/vendor/codeigniter4/framework/system/Boot.php(67): CodeIgniter\Boot::runCodeIgniter(Object(CodeIgniter\CodeIgniter))
#14 /var/www/html/public/index.php(58): CodeIgniter\Boot::bootWeb(Object(Config\Paths))
#15 {main}

Next CodeIgniter\Database\Exceptions\DatabaseException: Access denied for **** '****'@'%' to database 'new_db' in /var/www/html/vendor/codeigniter4/framework/system/Database/MySQLi/Connection.php:246
Stack trace:
#0 /var/www/html/vendor/codeigniter4/framework/system/Database/BaseConnection.php(421): CodeIgniter\Database\MySQLi\Connection->connect(false)
#1 /var/www/html/vendor/codeigniter4/framework/system/Database/BaseConnection.php(620): CodeIgniter\Database\BaseConnection->initialize()
#2 /var/www/html/vendor/codeigniter4/framework/system/Database/BaseBuilder.php(1649): CodeIgniter\Database\BaseConnection->query('SELECT *\nFROM `...', Array, false)
#3 /var/www/html/app/Helpers/function_helper.php(2757): CodeIgniter\Database\BaseBuilder->get()
#4 /var/www/html/app/Config/Events.php(93): get_settings('general_setting...', true)
#5 /var/www/html/app/Config/Events.php(67): Config\set_system_timezone()
#6 /var/www/html/vendor/codeigniter4/framework/system/Events/Events.php(155): CodeIgniter\Events\Events::Config\{closure}()
#7 /var/www/html/app/Controllers/BaseController.php(71): CodeIgniter\Events\Events::trigger('post_controller...')
#8 /var/www/html/vendor/codeigniter4/framework/system/CodeIgniter.php(904): App\Controllers\BaseController->initController(Object(CodeIgniter\HTTP\IncomingRequest), Object(CodeIgniter\HTTP\Response), Object(CodeIgniter\Log\Logger))
#9 /var/www/html/vendor/codeigniter4/framework/system/CodeIgniter.php(498): CodeIgniter\CodeIgniter->createController()
#10 /var/www/html/vendor/codeigniter4/framework/system/CodeIgniter.php(354): CodeIgniter\CodeIgniter->handleRequest(NULL, Object(Config\Cache), false)
#11 /var/www/html/vendor/codeigniter4/framework/system/Boot.php(334): CodeIgniter\CodeIgniter->run()
#12 /var/www/html/vendor/codeigniter4/framework/system/Boot.php(67): CodeIgniter\Boot::runCodeIgniter(Object(CodeIgniter\CodeIgniter))
#13 /var/www/html/public/index.php(58): CodeIgniter\Boot::bootWeb(Object(Config\Paths))
#14 {main}
DEBUG - 2025-12-16 16:50:13 --> Session: Class initialized using 'CodeIgniter\Session\Handlers\FileHandler' driver.
DEBUG - 2025-12-16 16:53:13 --> Session: Class initialized using 'CodeIgniter\Session\Handlers\FileHandler' driver.
DEBUG - 2025-12-16 16:53:13 --> Session: Class initialized using 'CodeIgniter\Session\Handlers\FileHandler' driver.
INFO - 2025-12-16 16:53:13 --> Language filter: Requested language 'fr' not supported, using default 'en'
INFO - 2025-12-16 16:53:13 --> Language filter: Requested language 'fr' not supported, using default 'en'
DEBUG - 2025-12-16 16:53:13 --> Session: Class initialized using 'CodeIgniter\Session\Handlers\FileHandler' driver.
INFO - 2025-12-16 16:53:13 --> Language filter: Requested language 'fr' not supported, using default 'en'
DEBUG - 2025-12-16 16:53:15 --> Session: Class initialized using 'CodeIgniter\Session\Handlers\FileHandler' driver.
INFO - 2025-12-16 16:53:15 --> Language filter: Requested language 'fr' not supported, using default 'en'
ERROR - 2025-12-16 16:53:16 --> Xendit SDK initialized successfully
ERROR - 2025-12-16 16:53:16 --> Xendit SDK initialized successfully
ERROR - 2025-12-16 16:53:16 --> Xendit SDK initialized successfully
ERROR - 2025-12-16 16:53:17 --> Xendit SDK initialized successfully
DEBUG - 2025-12-16 16:53:53 --> Session: Class initialized using 'CodeIgniter\Session\Handlers\FileHandler' driver.
DEBUG - 2025-12-16 16:53:57 --> Session: Class initialized using 'CodeIgniter\Session\Handlers\FileHandler' driver.
DEBUG - 2025-12-16 16:54:28 --> Session: Class initialized using 'CodeIgniter\Session\Handlers\FileHandler' driver.
DEBUG - 2025-12-16 16:54:36 --> Session: Class initialized using 'CodeIgniter\Session\Handlers\FileHandler' driver.
DEBUG - 2025-12-16 16:54:51 --> Session: Class initialized using 'CodeIgniter\Session\Handlers\FileHandler' driver.
DEBUG - 2025-12-16 16:54:55 --> Session: Class initialized using 'CodeIgniter\Session\Handlers\FileHandler' driver.
DEBUG - 2025-12-16 16:54:55 --> Session: Class initialized using 'CodeIgniter\Session\Handlers\FileHandler' driver.
DEBUG - 2025-12-16 16:54:56 --> Session: Class initialized using 'CodeIgniter\Session\Handlers\FileHandler' driver.
DEBUG - 2025-12-16 16:54:57 --> Session: Class initialized using 'CodeIgniter\Session\Handlers\FileHandler' driver.
DEBUG - 2025-12-16 16:54:57 --> Session: Class initialized using 'CodeIgniter\Session\Handlers\FileHandler' driver.
DEBUG - 2025-12-16 16:54:58 --> Session: Class initialized using 'CodeIgniter\Session\Handlers\FileHandler' driver.
DEBUG - 2025-12-16 16:54:58 --> Session: Class initialized using 'CodeIgniter\Session\Handlers\FileHandler' driver.
DEBUG - 2025-12-16 16:54:58 --> Session: Class initialized using 'CodeIgniter\Session\Handlers\FileHandler' driver.
DEBUG - 2025-12-16 16:55:50 --> Session: Class initialized using 'CodeIgniter\Session\Handlers\FileHandler' driver.
INFO - 2025-12-16 16:55:50 --> Language filter: Requested language 'fr' not supported, using default 'en'
ERROR - 2025-12-16 16:55:52 --> Xendit SDK initialized successfully
DEBUG - 2025-12-16 16:55:57 --> Session: Class initialized using 'CodeIgniter\Session\Handlers\FileHandler' driver.
INFO - 2025-12-16 16:55:57 --> Language filter: Requested language 'fr' not supported, using default 'en'
ERROR - 2025-12-16 16:55:59 --> Xendit SDK initialized successfully
DEBUG - 2025-12-16 16:56:00 --> Session: Class initialized using 'CodeIgniter\Session\Handlers\FileHandler' driver.
INFO - 2025-12-16 16:56:00 --> Language filter: Requested language 'fr' not supported, using default 'en'
ERROR - 2025-12-16 16:56:01 --> Xendit SDK initialized successfully
DEBUG - 2025-12-16 16:56:02 --> Session: Class initialized using 'CodeIgniter\Session\Handlers\FileHandler' driver.
INFO - 2025-12-16 16:56:02 --> Language filter: Requested language 'fr' not supported, using default 'en'
ERROR - 2025-12-16 16:56:04 --> Xendit SDK initialized successfully
DEBUG - 2025-12-16 16:56:05 --> Session: Class initialized using 'CodeIgniter\Session\Handlers\FileHandler' driver.
INFO - 2025-12-16 16:56:05 --> Language filter: Requested language 'fr' not supported, using default 'en'
ERROR - 2025-12-16 16:56:06 --> Xendit SDK initialized successfully
DEBUG - 2025-12-16 16:59:02 --> Session: Class initialized using 'CodeIgniter\Session\Handlers\FileHandler' driver.
DEBUG - 2025-12-16 16:59:02 --> Session: Class initialized using 'CodeIgniter\Session\Handlers\FileHandler' driver.
DEBUG - 2025-12-16 16:59:02 --> Session: Class initialized using 'CodeIgniter\Session\Handlers\FileHandler' driver.
INFO - 2025-12-16 16:59:02 --> Language filter: Requested language 'fr' not supported, using default 'en'
INFO - 2025-12-16 16:59:02 --> Language filter: Requested language 'fr' not supported, using default 'en'
INFO - 2025-12-16 16:59:02 --> Language filter: Requested language 'fr' not supported, using default 'en'
DEBUG - 2025-12-16 16:59:03 --> Session: Class initialized using 'CodeIgniter\Session\Handlers\FileHandler' driver.
INFO - 2025-12-16 16:59:04 --> Language filter: Requested language 'fr' not supported, using default 'en'
ERROR - 2025-12-16 16:59:04 --> Xendit SDK initialized successfully
ERROR - 2025-12-16 16:59:04 --> Xendit SDK initialized successfully
ERROR - 2025-12-16 16:59:04 --> Xendit SDK initialized successfully
ERROR - 2025-12-16 16:59:05 --> Xendit SDK initialized successfully
DEBUG - 2025-12-16 16:59:19 --> Session: Class initialized using 'CodeIgniter\Session\Handlers\FileHandler' driver.
DEBUG - 2025-12-16 16:59:19 --> Session: Class initialized using 'CodeIgniter\Session\Handlers\FileHandler' driver.
INFO - 2025-12-16 16:59:19 --> Language filter: Set language to 'en' from request headers
INFO - 2025-12-16 16:59:19 --> Language filter: Set language to 'en' from request headers
ERROR - 2025-12-16 16:59:21 --> Xendit SDK initialized successfully
ERROR - 2025-12-16 16:59:21 --> Xendit SDK initialized successfully
DEBUG - 2025-12-16 16:59:23 --> Session: Class initialized using 'CodeIgniter\Session\Handlers\FileHandler' driver.
INFO - 2025-12-16 16:59:23 --> Language filter: Set language to 'en' from request headers
DEBUG - 2025-12-16 16:59:23 --> Session: Class initialized using 'CodeIgniter\Session\Handlers\FileHandler' driver.
INFO - 2025-12-16 16:59:23 --> Language filter: Set language to 'en' from request headers
ERROR - 2025-12-16 16:59:25 --> Xendit SDK initialized successfully
ERROR - 2025-12-16 16:59:25 --> Xendit SDK initialized successfully
DEBUG - 2025-12-16 16:59:27 --> Session: Class initialized using 'CodeIgniter\Session\Handlers\FileHandler' driver.
DEBUG - 2025-12-16 16:59:27 --> Session: Class initialized using 'CodeIgniter\Session\Handlers\FileHandler' driver.
DEBUG - 2025-12-16 16:59:27 --> Session: Class initialized using 'CodeIgniter\Session\Handlers\FileHandler' driver.
INFO - 2025-12-16 16:59:28 --> Language filter: Set language to 'en' from request headers
INFO - 2025-12-16 16:59:28 --> Language filter: Set language to 'en' from request headers
INFO - 2025-12-16 16:59:28 --> Language filter: Set language to 'en' from request headers
ERROR - 2025-12-16 16:59:29 --> Xendit SDK initialized successfully
ERROR - 2025-12-16 16:59:29 --> Xendit SDK initialized successfully
ERROR - 2025-12-16 16:59:29 --> Xendit SDK initialized successfully
DEBUG - 2025-12-16 16:59:31 --> Session: Class initialized using 'CodeIgniter\Session\Handlers\FileHandler' driver.
DEBUG - 2025-12-16 16:59:31 --> Session: Class initialized using 'CodeIgniter\Session\Handlers\FileHandler' driver.
INFO - 2025-12-16 16:59:31 --> Language filter: Set language to 'en' from request headers
INFO - 2025-12-16 16:59:31 --> Language filter: Set language to 'en' from request headers
DEBUG - 2025-12-16 16:59:32 --> Session: Class initialized using 'CodeIgniter\Session\Handlers\FileHandler' driver.
DEBUG - 2025-12-16 16:59:32 --> Session: Class initialized using 'CodeIgniter\Session\Handlers\FileHandler' driver.
INFO - 2025-12-16 16:59:32 --> Language filter: Set language to 'en' from request headers
INFO - 2025-12-16 16:59:32 --> Language filter: Set language to 'en' from request headers
ERROR - 2025-12-16 16:59:33 --> Xendit SDK initialized successfully
ERROR - 2025-12-16 16:59:33 --> Xendit SDK initialized successfully
ERROR - 2025-12-16 16:59:33 --> Xendit SDK initialized successfully
ERROR - 2025-12-16 16:59:33 --> Xendit SDK initialized successfully
DEBUG - 2025-12-16 16:59:38 --> Session: Class initialized using 'CodeIgniter\Session\Handlers\FileHandler' driver.
INFO - 2025-12-16 16:59:38 --> Language filter: Set language to 'en' from request headers
ERROR - 2025-12-16 16:59:40 --> Xendit SDK initialized successfully
DEBUG - 2025-12-16 16:59:50 --> Session: Class initialized using 'CodeIgniter\Session\Handlers\FileHandler' driver.
INFO - 2025-12-16 16:59:50 --> Language filter: Set language to 'en' from request headers
ERROR - 2025-12-16 16:59:52 --> Xendit SDK initialized successfully
DEBUG - 2025-12-16 16:59:55 --> Session: Class initialized using 'CodeIgniter\Session\Handlers\FileHandler' driver.
INFO - 2025-12-16 16:59:55 --> Language filter: Set language to 'en' from request headers
ERROR - 2025-12-16 16:59:57 --> Xendit SDK initialized successfully
DEBUG - 2025-12-16 17:00:34 --> Session: Class initialized using 'CodeIgniter\Session\Handlers\FileHandler' driver.
DEBUG - 2025-12-16 17:00:34 --> Session: Class initialized using 'CodeIgniter\Session\Handlers\FileHandler' driver.
INFO - 2025-12-16 17:00:34 --> Language filter: Set language to 'en' from request headers
INFO - 2025-12-16 17:00:34 --> Language filter: Set language to 'en' from request headers
ERROR - 2025-12-16 17:00:35 --> Xendit API key is not configured
ERROR - 2025-12-16 17:00:35 --> Xendit API key is not configured
DEBUG - 2025-12-16 17:00:37 --> Session: Class initialized using 'CodeIgniter\Session\Handlers\FileHandler' driver.
DEBUG - 2025-12-16 17:00:37 --> Session: Class initialized using 'CodeIgniter\Session\Handlers\FileHandler' driver.
INFO - 2025-12-16 17:00:37 --> Language filter: Set language to 'en' from request headers
INFO - 2025-12-16 17:00:37 --> Language filter: Set language to 'en' from request headers
ERROR - 2025-12-16 17:00:39 --> Xendit API key is not configured
ERROR - 2025-12-16 17:00:39 --> Xendit API key is not configured
DEBUG - 2025-12-16 17:00:41 --> Session: Class initialized using 'CodeIgniter\Session\Handlers\FileHandler' driver.
DEBUG - 2025-12-16 17:00:41 --> Session: Class initialized using 'CodeIgniter\Session\Handlers\FileHandler' driver.
INFO - 2025-12-16 17:00:41 --> Language filter: Set language to 'en' from request headers
INFO - 2025-12-16 17:00:41 --> Language filter: Set language to 'en' from request headers
ERROR - 2025-12-16 17:00:42 --> Xendit API key is not configured
ERROR - 2025-12-16 17:00:42 --> Xendit API key is not configured
DEBUG - 2025-12-16 17:00:42 --> Session: Class initialized using 'CodeIgniter\Session\Handlers\FileHandler' driver.
INFO - 2025-12-16 17:00:42 --> Language filter: Set language to 'en' from request headers
ERROR - 2025-12-16 17:00:44 --> Xendit API key is not configured
DEBUG - 2025-12-16 17:00:49 --> Session: Class initialized using 'CodeIgniter\Session\Handlers\FileHandler' driver.
INFO - 2025-12-16 17:00:49 --> Language filter: Set language to 'en' from request headers
ERROR - 2025-12-16 17:00:50 --> Xendit API key is not configured
DEBUG - 2025-12-16 17:01:03 --> Session: Class initialized using 'CodeIgniter\Session\Handlers\FileHandler' driver.
INFO - 2025-12-16 17:01:04 --> Language filter: Set language to 'en' from request headers
ERROR - 2025-12-16 17:01:05 --> Xendit API key is not configured
DEBUG - 2025-12-16 17:01:44 --> Session: Class initialized using 'CodeIgniter\Session\Handlers\FileHandler' driver.
INFO - 2025-12-16 17:01:44 --> Language filter: Set language to 'en' from request headers
ERROR - 2025-12-16 17:01:46 --> Xendit API key is not configured
DEBUG - 2025-12-16 17:02:46 --> Session: Class initialized using 'CodeIgniter\Session\Handlers\FileHandler' driver.
DEBUG - 2025-12-16 17:02:48 --> Session: Class initialized using 'CodeIgniter\Session\Handlers\FileHandler' driver.
DEBUG - 2025-12-16 17:03:29 --> Session: Class initialized using 'CodeIgniter\Session\Handlers\FileHandler' driver.
DEBUG - 2025-12-16 17:03:34 --> Session: Class initialized using 'CodeIgniter\Session\Handlers\FileHandler' driver.
DEBUG - 2025-12-16 17:03:38 --> Session: Class initialized using 'CodeIgniter\Session\Handlers\FileHandler' driver.
DEBUG - 2025-12-16 17:03:39 --> Session: Class initialized using 'CodeIgniter\Session\Handlers\FileHandler' driver.
DEBUG - 2025-12-16 17:04:03 --> Session: Class initialized using 'CodeIgniter\Session\Handlers\FileHandler' driver.
DEBUG - 2025-12-16 17:04:07 --> Session: Class initialized using 'CodeIgniter\Session\Handlers\FileHandler' driver.
DEBUG - 2025-12-16 17:04:07 --> Session: Class initialized using 'CodeIgniter\Session\Handlers\FileHandler' driver.
DEBUG - 2025-12-16 17:04:21 --> Session: Class initialized using 'CodeIgniter\Session\Handlers\FileHandler' driver.
DEBUG - 2025-12-16 17:04:25 --> Session: Class initialized using 'CodeIgniter\Session\Handlers\FileHandler' driver.
DEBUG - 2025-12-16 17:04:25 --> Session: Class initialized using 'CodeIgniter\Session\Handlers\FileHandler' driver.
DEBUG - 2025-12-16 17:04:29 --> Session: Class initialized using 'CodeIgniter\Session\Handlers\FileHandler' driver.
DEBUG - 2025-12-16 17:04:32 --> Session: Class initialized using 'CodeIgniter\Session\Handlers\FileHandler' driver.
DEBUG - 2025-12-16 17:04:36 --> Session: Class initialized using 'CodeIgniter\Session\Handlers\FileHandler' driver.
DEBUG - 2025-12-16 17:04:44 --> Session: Class initialized using 'CodeIgniter\Session\Handlers\FileHandler' driver.
DEBUG - 2025-12-16 17:04:47 --> Session: Class initialized using 'CodeIgniter\Session\Handlers\FileHandler' driver.
DEBUG - 2025-12-16 17:04:47 --> Session: Class initialized using 'CodeIgniter\Session\Handlers\FileHandler' driver.
DEBUG - 2025-12-16 17:04:48 --> Session: Class initialized using 'CodeIgniter\Session\Handlers\FileHandler' driver.
DEBUG - 2025-12-16 17:05:14 --> Session: Class initialized using 'CodeIgniter\Session\Handlers\FileHandler' driver.
DEBUG - 2025-12-16 17:05:16 --> Session: Class initialized using 'CodeIgniter\Session\Handlers\FileHandler' driver.
DEBUG - 2025-12-16 17:05:19 --> Session: Class initialized using 'CodeIgniter\Session\Handlers\FileHandler' driver.
DEBUG - 2025-12-16 17:05:20 --> Session: Class initialized using 'CodeIgniter\Session\Handlers\FileHandler' driver.
DEBUG - 2025-12-16 17:05:25 --> Session: Class initialized using 'CodeIgniter\Session\Handlers\FileHandler' driver.
DEBUG - 2025-12-16 17:05:29 --> Session: Class initialized using 'CodeIgniter\Session\Handlers\FileHandler' driver.
DEBUG - 2025-12-16 17:05:31 --> Session: Class initialized using 'CodeIgniter\Session\Handlers\FileHandler' driver.
DEBUG - 2025-12-16 17:05:32 --> Session: Class initialized using 'CodeIgniter\Session\Handlers\FileHandler' driver.
DEBUG - 2025-12-16 17:05:38 --> Session: Class initialized using 'CodeIgniter\Session\Handlers\FileHandler' driver.
DEBUG - 2025-12-16 17:05:42 --> Session: Class initialized using 'CodeIgniter\Session\Handlers\FileHandler' driver.
DEBUG - 2025-12-16 17:06:53 --> Session: Class initialized using 'CodeIgniter\Session\Handlers\FileHandler' driver.
DEBUG - 2025-12-16 17:06:57 --> Session: Class initialized using 'CodeIgniter\Session\Handlers\FileHandler' driver.
DEBUG - 2025-12-16 17:07:10 --> Session: Class initialized using 'CodeIgniter\Session\Handlers\FileHandler' driver.
DEBUG - 2025-12-16 17:07:15 --> Session: Class initialized using 'CodeIgniter\Session\Handlers\FileHandler' driver.
DEBUG - 2025-12-16 17:07:17 --> Session: Class initialized using 'CodeIgniter\Session\Handlers\FileHandler' driver.
DEBUG - 2025-12-16 17:07:17 --> Session: Class initialized using 'CodeIgniter\Session\Handlers\FileHandler' driver.
DEBUG - 2025-12-16 17:07:32 --> Session: Class initialized using 'CodeIgniter\Session\Handlers\FileHandler' driver.
DEBUG - 2025-12-16 17:07:36 --> Session: Class initialized using 'CodeIgniter\Session\Handlers\FileHandler' driver.
DEBUG - 2025-12-16 17:07:41 --> Session: Class initialized using 'CodeIgniter\Session\Handlers\FileHandler' driver.
DEBUG - 2025-12-16 17:07:48 --> Session: Class initialized using 'CodeIgniter\Session\Handlers\FileHandler' driver.
DEBUG - 2025-12-16 17:07:53 --> Session: Class initialized using 'CodeIgniter\Session\Handlers\FileHandler' driver.
DEBUG - 2025-12-16 17:07:55 --> Session: Class initialized using 'CodeIgniter\Session\Handlers\FileHandler' driver.
DEBUG - 2025-12-16 17:07:55 --> Session: Class initialized using 'CodeIgniter\Session\Handlers\FileHandler' driver.
DEBUG - 2025-12-16 17:08:01 --> Session: Class initialized using 'CodeIgniter\Session\Handlers\FileHandler' driver.
DEBUG - 2025-12-16 17:08:05 --> Session: Class initialized using 'CodeIgniter\Session\Handlers\FileHandler' driver.
DEBUG - 2025-12-16 17:08:56 --> Session: Class initialized using 'CodeIgniter\Session\Handlers\FileHandler' driver.
DEBUG - 2025-12-16 17:09:00 --> Session: Class initialized using 'CodeIgniter\Session\Handlers\FileHandler' driver.
DEBUG - 2025-12-16 17:09:02 --> Session: Class initialized using 'CodeIgniter\Session\Handlers\FileHandler' driver.
DEBUG - 2025-12-16 17:09:05 --> Session: Class initialized using 'CodeIgniter\Session\Handlers\FileHandler' driver.
DEBUG - 2025-12-16 17:09:08 --> Session: Class initialized using 'CodeIgniter\Session\Handlers\FileHandler' driver.
DEBUG - 2025-12-16 17:09:09 --> Session: Class initialized using 'CodeIgniter\Session\Handlers\FileHandler' driver.
DEBUG - 2025-12-16 17:09:14 --> Session: Class initialized using 'CodeIgniter\Session\Handlers\FileHandler' driver.
DEBUG - 2025-12-16 17:09:18 --> Session: Class initialized using 'CodeIgniter\Session\Handlers\FileHandler' driver.
DEBUG - 2025-12-16 17:09:19 --> Session: Class initialized using 'CodeIgniter\Session\Handlers\FileHandler' driver.
DEBUG - 2025-12-16 17:09:22 --> Session: Class initialized using 'CodeIgniter\Session\Handlers\FileHandler' driver.
DEBUG - 2025-12-16 17:09:24 --> Session: Class initialized using 'CodeIgniter\Session\Handlers\FileHandler' driver.
DEBUG - 2025-12-16 17:09:26 --> Session: Class initialized using 'CodeIgniter\Session\Handlers\FileHandler' driver.
DEBUG - 2025-12-16 17:09:31 --> Session: Class initialized using 'CodeIgniter\Session\Handlers\FileHandler' driver.
DEBUG - 2025-12-16 17:09:35 --> Session: Class initialized using 'CodeIgniter\Session\Handlers\FileHandler' driver.
DEBUG - 2025-12-16 17:09:39 --> Session: Class initialized using 'CodeIgniter\Session\Handlers\FileHandler' driver.
DEBUG - 2025-12-16 17:09:43 --> Session: Class initialized using 'CodeIgniter\Session\Handlers\FileHandler' driver.
DEBUG - 2025-12-16 17:09:44 --> Session: Class initialized using 'CodeIgniter\Session\Handlers\FileHandler' driver.
DEBUG - 2025-12-16 17:09:48 --> Session: Class initialized using 'CodeIgniter\Session\Handlers\FileHandler' driver.
DEBUG - 2025-12-16 17:09:48 --> Session: Class initialized using 'CodeIgniter\Session\Handlers\FileHandler' driver.
DEBUG - 2025-12-16 17:09:56 --> Session: Class initialized using 'CodeIgniter\Session\Handlers\FileHandler' driver.
DEBUG - 2025-12-16 17:09:59 --> Session: Class initialized using 'CodeIgniter\Session\Handlers\FileHandler' driver.
DEBUG - 2025-12-16 17:10:00 --> Session: Class initialized using 'CodeIgniter\Session\Handlers\FileHandler' driver.
DEBUG - 2025-12-16 17:10:06 --> Session: Class initialized using 'CodeIgniter\Session\Handlers\FileHandler' driver.
DEBUG - 2025-12-16 17:10:10 --> Session: Class initialized using 'CodeIgniter\Session\Handlers\FileHandler' driver.
DEBUG - 2025-12-16 17:10:10 --> Session: Class initialized using 'CodeIgniter\Session\Handlers\FileHandler' driver.
DEBUG - 2025-12-16 17:10:13 --> Session: Class initialized using 'CodeIgniter\Session\Handlers\FileHandler' driver.
DEBUG - 2025-12-16 17:10:18 --> Session: Class initialized using 'CodeIgniter\Session\Handlers\FileHandler' driver.
DEBUG - 2025-12-16 17:10:21 --> Session: Class initialized using 'CodeIgniter\Session\Handlers\FileHandler' driver.
DEBUG - 2025-12-16 17:10:25 --> Session: Class initialized using 'CodeIgniter\Session\Handlers\FileHandler' driver.
DEBUG - 2025-12-16 17:10:29 --> Session: Class initialized using 'CodeIgniter\Session\Handlers\FileHandler' driver.
DEBUG - 2025-12-16 17:10:53 --> Session: Class initialized using 'CodeIgniter\Session\Handlers\FileHandler' driver.
INFO - 2025-12-16 17:10:53 --> Language filter: Set language to 'en' from request headers
ERROR - 2025-12-16 17:10:55 --> Xendit API key is not configured
DEBUG - 2025-12-16 17:11:24 --> Session: Class initialized using 'CodeIgniter\Session\Handlers\FileHandler' driver.
INFO - 2025-12-16 17:11:24 --> Language filter: Set language to 'en' from request headers
ERROR - 2025-12-16 17:11:25 --> Xendit API key is not configured
DEBUG - 2025-12-16 17:11:30 --> Session: Class initialized using 'CodeIgniter\Session\Handlers\FileHandler' driver.
DEBUG - 2025-12-16 17:11:30 --> Session: Class initialized using 'CodeIgniter\Session\Handlers\FileHandler' driver.
INFO - 2025-12-16 17:11:30 --> Language filter: Set language to 'en' from request headers
INFO - 2025-12-16 17:11:30 --> Language filter: Set language to 'en' from request headers
DEBUG - 2025-12-16 17:11:30 --> Session: Class initialized using 'CodeIgniter\Session\Handlers\FileHandler' driver.
INFO - 2025-12-16 17:11:30 --> Language filter: Set language to 'en' from request headers
ERROR - 2025-12-16 17:11:31 --> Xendit API key is not configured
ERROR - 2025-12-16 17:11:31 --> Xendit API key is not configured
DEBUG - 2025-12-16 17:11:32 --> Session: Class initialized using 'CodeIgniter\Session\Handlers\FileHandler' driver.
INFO - 2025-12-16 17:11:32 --> Language filter: Set language to 'en' from request headers
ERROR - 2025-12-16 17:11:32 --> Xendit API key is not configured
ERROR - 2025-12-16 17:11:34 --> Xendit API key is not configured
DEBUG - 2025-12-16 17:11:47 --> Session: Class initialized using 'CodeIgniter\Session\Handlers\FileHandler' driver.
DEBUG - 2025-12-16 17:11:47 --> Session: Class initialized using 'CodeIgniter\Session\Handlers\FileHandler' driver.
DEBUG - 2025-12-16 17:11:47 --> Session: Class initialized using 'CodeIgniter\Session\Handlers\FileHandler' driver.
INFO - 2025-12-16 17:11:47 --> Language filter: Set language to 'en' from request headers
INFO - 2025-12-16 17:11:47 --> Language filter: Set language to 'en' from request headers
INFO - 2025-12-16 17:11:47 --> Language filter: Set language to 'en' from request headers
DEBUG - 2025-12-16 17:11:47 --> Session: Class initialized using 'CodeIgniter\Session\Handlers\FileHandler' driver.
INFO - 2025-12-16 17:11:47 --> Language filter: Set language to 'en' from request headers
DEBUG - 2025-12-16 17:11:48 --> Session: Class initialized using 'CodeIgniter\Session\Handlers\FileHandler' driver.
INFO - 2025-12-16 17:11:49 --> Language filter: Set language to 'en' from request headers
ERROR - 2025-12-16 17:11:49 --> Xendit API key is not configured
ERROR - 2025-12-16 17:11:49 --> Xendit API key is not configured
ERROR - 2025-12-16 17:11:49 --> Xendit API key is not configured
ERROR - 2025-12-16 17:11:49 --> Xendit API key is not configured
ERROR - 2025-12-16 17:11:50 --> Xendit API key is not configured
