DEBUG - 2025-12-10 19:55:15 --> Session: Class initialized using 'CodeIgniter\Session\Handlers\FileHandler' driver.
DEBUG - 2025-12-10 19:55:15 --> Session: Class initialized using 'CodeIgniter\Session\Handlers\FileHandler' driver.
DEBUG - 2025-12-10 19:55:18 --> Session: Class initialized using 'CodeIgniter\Session\Handlers\FileHandler' driver.
DEBUG - 2025-12-10 19:55:22 --> Session: Class initialized using 'CodeIgniter\Session\Handlers\FileHandler' driver.
DEBUG - 2025-12-10 19:55:37 --> Session: Class initialized using 'CodeIgniter\Session\Handlers\FileHandler' driver.
DEBUG - 2025-12-10 19:55:53 --> Session: Class initialized using 'CodeIgniter\Session\Handlers\FileHandler' driver.
DEBUG - 2025-12-10 19:56:00 --> Session: Class initialized using 'CodeIgniter\Session\Handlers\FileHandler' driver.
DEBUG - 2025-12-10 19:56:04 --> Session: Class initialized using 'CodeIgniter\Session\Handlers\FileHandler' driver.
DEBUG - 2025-12-10 19:56:06 --> Session: Class initialized using 'CodeIgniter\Session\Handlers\FileHandler' driver.
DEBUG - 2025-12-10 19:56:17 --> Session: Class initialized using 'CodeIgniter\Session\Handlers\FileHandler' driver.
DEBUG - 2025-12-10 19:56:17 --> Session: Class initialized using 'CodeIgniter\Session\Handlers\FileHandler' driver.
INFO - 2025-12-10 19:56:17 --> Language filter: Set language to 'en' from request headers
INFO - 2025-12-10 19:56:17 --> Language filter: Set language to 'en' from request headers
ERROR - 2025-12-10 19:56:17 --> Xendit API key is not configured
ERROR - 2025-12-10 19:56:17 --> Xendit API key is not configured
DEBUG - 2025-12-10 19:56:17 --> Session: Class initialized using 'CodeIgniter\Session\Handlers\FileHandler' driver.
INFO - 2025-12-10 19:56:17 --> Language filter: Set language to 'en' from request headers
ERROR - 2025-12-10 19:56:17 --> Xendit API key is not configured
DEBUG - 2025-12-10 19:56:20 --> Session: Class initialized using 'CodeIgniter\Session\Handlers\FileHandler' driver.
INFO - 2025-12-10 19:56:20 --> Language filter: Set language to 'en' from request headers
DEBUG - 2025-12-10 19:56:20 --> Session: Class initialized using 'CodeIgniter\Session\Handlers\FileHandler' driver.
INFO - 2025-12-10 19:56:20 --> Language filter: Set language to 'en' from request headers
ERROR - 2025-12-10 19:56:20 --> Xendit API key is not configured
ERROR - 2025-12-10 19:56:20 --> Xendit API key is not configured
DEBUG - 2025-12-10 19:56:20 --> Session: Class initialized using 'CodeIgniter\Session\Handlers\FileHandler' driver.
INFO - 2025-12-10 19:56:20 --> Language filter: Set language to 'en' from request headers
ERROR - 2025-12-10 19:56:20 --> Xendit API key is not configured
DEBUG - 2025-12-10 19:56:21 --> Session: Class initialized using 'CodeIgniter\Session\Handlers\FileHandler' driver.
INFO - 2025-12-10 19:56:21 --> Language filter: Set language to 'en' from request headers
DEBUG - 2025-12-10 19:56:21 --> Session: Class initialized using 'CodeIgniter\Session\Handlers\FileHandler' driver.
INFO - 2025-12-10 19:56:21 --> Language filter: Set language to 'en' from request headers
ERROR - 2025-12-10 19:56:22 --> Xendit API key is not configured
ERROR - 2025-12-10 19:56:22 --> Xendit API key is not configured
DEBUG - 2025-12-10 19:56:22 --> Session: Class initialized using 'CodeIgniter\Session\Handlers\FileHandler' driver.
INFO - 2025-12-10 19:56:22 --> Language filter: Set language to 'en' from request headers
ERROR - 2025-12-10 19:56:22 --> Xendit API key is not configured
DEBUG - 2025-12-10 19:57:09 --> Session: Class initialized using 'CodeIgniter\Session\Handlers\FileHandler' driver.
DEBUG - 2025-12-10 19:57:09 --> Session: Class initialized using 'CodeIgniter\Session\Handlers\FileHandler' driver.
INFO - 2025-12-10 19:57:09 --> Language filter: Set language to 'en' from request headers
INFO - 2025-12-10 19:57:09 --> Language filter: Set language to 'en' from request headers
ERROR - 2025-12-10 19:57:09 --> Xendit API key is not configured
ERROR - 2025-12-10 19:57:09 --> Xendit API key is not configured
DEBUG - 2025-12-10 19:57:17 --> Session: Class initialized using 'CodeIgniter\Session\Handlers\FileHandler' driver.
DEBUG - 2025-12-10 19:57:18 --> Session: Class initialized using 'CodeIgniter\Session\Handlers\FileHandler' driver.
DEBUG - 2025-12-10 19:57:18 --> Session: Class initialized using 'CodeIgniter\Session\Handlers\FileHandler' driver.
DEBUG - 2025-12-10 19:57:22 --> Session: Class initialized using 'CodeIgniter\Session\Handlers\FileHandler' driver.
DEBUG - 2025-12-10 19:57:22 --> Session: Class initialized using 'CodeIgniter\Session\Handlers\FileHandler' driver.
DEBUG - 2025-12-10 19:57:24 --> Session: Class initialized using 'CodeIgniter\Session\Handlers\FileHandler' driver.
DEBUG - 2025-12-10 19:57:25 --> Session: Class initialized using 'CodeIgniter\Session\Handlers\FileHandler' driver.
DEBUG - 2025-12-10 19:57:25 --> Session: Class initialized using 'CodeIgniter\Session\Handlers\FileHandler' driver.
DEBUG - 2025-12-10 19:57:25 --> Session: Class initialized using 'CodeIgniter\Session\Handlers\FileHandler' driver.
DEBUG - 2025-12-10 19:57:26 --> Session: Class initialized using 'CodeIgniter\Session\Handlers\FileHandler' driver.
DEBUG - 2025-12-10 19:57:27 --> Session: Class initialized using 'CodeIgniter\Session\Handlers\FileHandler' driver.
DEBUG - 2025-12-10 19:57:27 --> Session: Class initialized using 'CodeIgniter\Session\Handlers\FileHandler' driver.
DEBUG - 2025-12-10 19:57:28 --> Session: Class initialized using 'CodeIgniter\Session\Handlers\FileHandler' driver.
DEBUG - 2025-12-10 19:57:29 --> Session: Class initialized using 'CodeIgniter\Session\Handlers\FileHandler' driver.
DEBUG - 2025-12-10 19:57:31 --> Session: Class initialized using 'CodeIgniter\Session\Handlers\FileHandler' driver.
DEBUG - 2025-12-10 19:57:36 --> Session: Class initialized using 'CodeIgniter\Session\Handlers\FileHandler' driver.
DEBUG - 2025-12-10 19:57:37 --> Session: Class initialized using 'CodeIgniter\Session\Handlers\FileHandler' driver.
DEBUG - 2025-12-10 19:57:51 --> Session: Class initialized using 'CodeIgniter\Session\Handlers\FileHandler' driver.
DEBUG - 2025-12-10 19:57:52 --> Session: Class initialized using 'CodeIgniter\Session\Handlers\FileHandler' driver.
DEBUG - 2025-12-10 19:57:54 --> Session: Class initialized using 'CodeIgniter\Session\Handlers\FileHandler' driver.
DEBUG - 2025-12-10 19:57:55 --> Session: Class initialized using 'CodeIgniter\Session\Handlers\FileHandler' driver.
DEBUG - 2025-12-10 19:57:55 --> Session: Class initialized using 'CodeIgniter\Session\Handlers\FileHandler' driver.
DEBUG - 2025-12-10 19:57:55 --> Session: Class initialized using 'CodeIgniter\Session\Handlers\FileHandler' driver.
DEBUG - 2025-12-10 19:57:55 --> Session: Class initialized using 'CodeIgniter\Session\Handlers\FileHandler' driver.
DEBUG - 2025-12-10 19:57:55 --> Session: Class initialized using 'CodeIgniter\Session\Handlers\FileHandler' driver.
DEBUG - 2025-12-10 19:57:55 --> Session: Class initialized using 'CodeIgniter\Session\Handlers\FileHandler' driver.
DEBUG - 2025-12-10 19:57:55 --> Session: Class initialized using 'CodeIgniter\Session\Handlers\FileHandler' driver.
DEBUG - 2025-12-10 19:58:00 --> Session: Class initialized using 'CodeIgniter\Session\Handlers\FileHandler' driver.
DEBUG - 2025-12-10 19:58:00 --> Session: Class initialized using 'CodeIgniter\Session\Handlers\FileHandler' driver.
DEBUG - 2025-12-10 19:58:04 --> Session: Class initialized using 'CodeIgniter\Session\Handlers\FileHandler' driver.
DEBUG - 2025-12-10 19:58:08 --> Session: Class initialized using 'CodeIgniter\Session\Handlers\FileHandler' driver.
DEBUG - 2025-12-10 19:58:18 --> Session: Class initialized using 'CodeIgniter\Session\Handlers\FileHandler' driver.
DEBUG - 2025-12-10 19:58:18 --> Session: Class initialized using 'CodeIgniter\Session\Handlers\FileHandler' driver.
DEBUG - 2025-12-10 19:58:21 --> Session: Class initialized using 'CodeIgniter\Session\Handlers\FileHandler' driver.
DEBUG - 2025-12-10 19:58:22 --> Session: Class initialized using 'CodeIgniter\Session\Handlers\FileHandler' driver.
DEBUG - 2025-12-10 19:58:24 --> Session: Class initialized using 'CodeIgniter\Session\Handlers\FileHandler' driver.
DEBUG - 2025-12-10 19:58:24 --> Session: Class initialized using 'CodeIgniter\Session\Handlers\FileHandler' driver.
DEBUG - 2025-12-10 19:58:29 --> Session: Class initialized using 'CodeIgniter\Session\Handlers\FileHandler' driver.
DEBUG - 2025-12-10 19:58:29 --> Session: Class initialized using 'CodeIgniter\Session\Handlers\FileHandler' driver.
DEBUG - 2025-12-10 19:58:31 --> Session: Class initialized using 'CodeIgniter\Session\Handlers\FileHandler' driver.
DEBUG - 2025-12-10 19:58:31 --> Session: Class initialized using 'CodeIgniter\Session\Handlers\FileHandler' driver.
DEBUG - 2025-12-10 19:58:33 --> Session: Class initialized using 'CodeIgniter\Session\Handlers\FileHandler' driver.
DEBUG - 2025-12-10 19:58:33 --> Session: Class initialized using 'CodeIgniter\Session\Handlers\FileHandler' driver.
DEBUG - 2025-12-10 19:58:34 --> Session: Class initialized using 'CodeIgniter\Session\Handlers\FileHandler' driver.
DEBUG - 2025-12-10 19:58:34 --> Session: Class initialized using 'CodeIgniter\Session\Handlers\FileHandler' driver.
DEBUG - 2025-12-10 19:58:34 --> Session: Class initialized using 'CodeIgniter\Session\Handlers\FileHandler' driver.
DEBUG - 2025-12-10 20:18:22 --> Session: Class initialized using 'CodeIgniter\Session\Handlers\FileHandler' driver.
DEBUG - 2025-12-10 20:22:18 --> Session: Class initialized using 'CodeIgniter\Session\Handlers\FileHandler' driver.
DEBUG - 2025-12-10 20:22:51 --> Session: Class initialized using 'CodeIgniter\Session\Handlers\FileHandler' driver.
DEBUG - 2025-12-10 20:22:52 --> Session: Class initialized using 'CodeIgniter\Session\Handlers\FileHandler' driver.
DEBUG - 2025-12-10 20:22:58 --> Session: Class initialized using 'CodeIgniter\Session\Handlers\FileHandler' driver.
DEBUG - 2025-12-10 20:22:59 --> Session: Class initialized using 'CodeIgniter\Session\Handlers\FileHandler' driver.
DEBUG - 2025-12-10 20:23:01 --> Session: Class initialized using 'CodeIgniter\Session\Handlers\FileHandler' driver.
DEBUG - 2025-12-10 20:23:05 --> Session: Class initialized using 'CodeIgniter\Session\Handlers\FileHandler' driver.
DEBUG - 2025-12-10 20:23:17 --> Session: Class initialized using 'CodeIgniter\Session\Handlers\FileHandler' driver.
DEBUG - 2025-12-10 20:23:26 --> Session: Class initialized using 'CodeIgniter\Session\Handlers\FileHandler' driver.
DEBUG - 2025-12-10 20:23:29 --> Session: Class initialized using 'CodeIgniter\Session\Handlers\FileHandler' driver.
DEBUG - 2025-12-10 20:23:38 --> Session: Class initialized using 'CodeIgniter\Session\Handlers\FileHandler' driver.
DEBUG - 2025-12-10 20:23:42 --> Session: Class initialized using 'CodeIgniter\Session\Handlers\FileHandler' driver.
DEBUG - 2025-12-10 20:23:43 --> Session: Class initialized using 'CodeIgniter\Session\Handlers\FileHandler' driver.
DEBUG - 2025-12-10 20:23:43 --> Session: Class initialized using 'CodeIgniter\Session\Handlers\FileHandler' driver.
DEBUG - 2025-12-10 20:23:57 --> Session: Class initialized using 'CodeIgniter\Session\Handlers\FileHandler' driver.
DEBUG - 2025-12-10 20:24:08 --> Session: Class initialized using 'CodeIgniter\Session\Handlers\FileHandler' driver.
DEBUG - 2025-12-10 20:24:09 --> Session: Class initialized using 'CodeIgniter\Session\Handlers\FileHandler' driver.
DEBUG - 2025-12-10 20:24:12 --> Session: Class initialized using 'CodeIgniter\Session\Handlers\FileHandler' driver.
DEBUG - 2025-12-10 20:24:14 --> Session: Class initialized using 'CodeIgniter\Session\Handlers\FileHandler' driver.
DEBUG - 2025-12-10 20:24:14 --> Session: Class initialized using 'CodeIgniter\Session\Handlers\FileHandler' driver.
DEBUG - 2025-12-10 20:24:14 --> Session: Class initialized using 'CodeIgniter\Session\Handlers\FileHandler' driver.
DEBUG - 2025-12-10 20:24:14 --> Session: Class initialized using 'CodeIgniter\Session\Handlers\FileHandler' driver.
DEBUG - 2025-12-10 20:24:14 --> Session: Class initialized using 'CodeIgniter\Session\Handlers\FileHandler' driver.
DEBUG - 2025-12-10 20:24:14 --> Session: Class initialized using 'CodeIgniter\Session\Handlers\FileHandler' driver.
DEBUG - 2025-12-10 20:24:14 --> Session: Class initialized using 'CodeIgniter\Session\Handlers\FileHandler' driver.
DEBUG - 2025-12-10 20:24:14 --> Session: Class initialized using 'CodeIgniter\Session\Handlers\FileHandler' driver.
DEBUG - 2025-12-10 20:24:15 --> Session: Class initialized using 'CodeIgniter\Session\Handlers\FileHandler' driver.
DEBUG - 2025-12-10 20:24:15 --> Session: Class initialized using 'CodeIgniter\Session\Handlers\FileHandler' driver.
DEBUG - 2025-12-10 20:24:15 --> Session: Class initialized using 'CodeIgniter\Session\Handlers\FileHandler' driver.
DEBUG - 2025-12-10 20:24:15 --> Session: Class initialized using 'CodeIgniter\Session\Handlers\FileHandler' driver.
DEBUG - 2025-12-10 20:24:15 --> Session: Class initialized using 'CodeIgniter\Session\Handlers\FileHandler' driver.
DEBUG - 2025-12-10 20:24:15 --> Session: Class initialized using 'CodeIgniter\Session\Handlers\FileHandler' driver.
DEBUG - 2025-12-10 20:24:15 --> Session: Class initialized using 'CodeIgniter\Session\Handlers\FileHandler' driver.
DEBUG - 2025-12-10 20:24:16 --> Session: Class initialized using 'CodeIgniter\Session\Handlers\FileHandler' driver.
DEBUG - 2025-12-10 20:24:16 --> Session: Class initialized using 'CodeIgniter\Session\Handlers\FileHandler' driver.
DEBUG - 2025-12-10 20:24:31 --> Session: Class initialized using 'CodeIgniter\Session\Handlers\FileHandler' driver.
DEBUG - 2025-12-10 20:24:33 --> Session: Class initialized using 'CodeIgniter\Session\Handlers\FileHandler' driver.
DEBUG - 2025-12-10 20:24:33 --> Session: Class initialized using 'CodeIgniter\Session\Handlers\FileHandler' driver.
DEBUG - 2025-12-10 20:24:34 --> Session: Class initialized using 'CodeIgniter\Session\Handlers\FileHandler' driver.
DEBUG - 2025-12-10 20:24:46 --> Session: Class initialized using 'CodeIgniter\Session\Handlers\FileHandler' driver.
DEBUG - 2025-12-10 20:24:59 --> Session: Class initialized using 'CodeIgniter\Session\Handlers\FileHandler' driver.
DEBUG - 2025-12-10 20:25:07 --> Session: Class initialized using 'CodeIgniter\Session\Handlers\FileHandler' driver.
DEBUG - 2025-12-10 20:25:08 --> Session: Class initialized using 'CodeIgniter\Session\Handlers\FileHandler' driver.
DEBUG - 2025-12-10 20:25:11 --> Session: Class initialized using 'CodeIgniter\Session\Handlers\FileHandler' driver.
DEBUG - 2025-12-10 20:25:12 --> Session: Class initialized using 'CodeIgniter\Session\Handlers\FileHandler' driver.
DEBUG - 2025-12-10 20:25:14 --> Session: Class initialized using 'CodeIgniter\Session\Handlers\FileHandler' driver.
DEBUG - 2025-12-10 20:25:44 --> Session: Class initialized using 'CodeIgniter\Session\Handlers\FileHandler' driver.
DEBUG - 2025-12-10 20:25:51 --> Session: Class initialized using 'CodeIgniter\Session\Handlers\FileHandler' driver.
DEBUG - 2025-12-10 20:26:12 --> Session: Class initialized using 'CodeIgniter\Session\Handlers\FileHandler' driver.
DEBUG - 2025-12-10 20:28:00 --> Session: Class initialized using 'CodeIgniter\Session\Handlers\FileHandler' driver.
DEBUG - 2025-12-10 20:28:06 --> Session: Class initialized using 'CodeIgniter\Session\Handlers\FileHandler' driver.
DEBUG - 2025-12-10 20:30:04 --> Session: Class initialized using 'CodeIgniter\Session\Handlers\FileHandler' driver.
INFO - 2025-12-10 20:30:04 --> Language filter: Set language to 'en' from request headers
ERROR - 2025-12-10 20:30:04 --> Xendit API key is not configured
DEBUG - 2025-12-10 20:30:06 --> Session: Class initialized using 'CodeIgniter\Session\Handlers\FileHandler' driver.
INFO - 2025-12-10 20:30:06 --> Language filter: Set language to 'en' from request headers
ERROR - 2025-12-10 20:30:06 --> Xendit API key is not configured
DEBUG - 2025-12-10 20:30:29 --> Session: Class initialized using 'CodeIgniter\Session\Handlers\FileHandler' driver.
INFO - 2025-12-10 20:30:29 --> Language filter: Set language to 'en' from request headers
ERROR - 2025-12-10 20:30:29 --> Xendit API key is not configured
DEBUG - 2025-12-10 20:30:29 --> Session: Class initialized using 'CodeIgniter\Session\Handlers\FileHandler' driver.
INFO - 2025-12-10 20:30:29 --> Language filter: Set language to 'en' from request headers
ERROR - 2025-12-10 20:30:29 --> Xendit API key is not configured
DEBUG - 2025-12-10 20:31:38 --> Session: Class initialized using 'CodeIgniter\Session\Handlers\FileHandler' driver.
INFO - 2025-12-10 20:31:38 --> Language filter: Set language to 'en' from request headers
ERROR - 2025-12-10 20:31:38 --> Xendit API key is not configured
DEBUG - 2025-12-10 20:31:39 --> Session: Class initialized using 'CodeIgniter\Session\Handlers\FileHandler' driver.
INFO - 2025-12-10 20:31:39 --> Language filter: Set language to 'en' from request headers
ERROR - 2025-12-10 20:31:39 --> Xendit API key is not configured
DEBUG - 2025-12-10 20:31:48 --> Session: Class initialized using 'CodeIgniter\Session\Handlers\FileHandler' driver.
INFO - 2025-12-10 20:31:48 --> Language filter: Set language to 'en' from request headers
ERROR - 2025-12-10 20:31:48 --> Xendit API key is not configured
DEBUG - 2025-12-10 20:31:48 --> Session: Class initialized using 'CodeIgniter\Session\Handlers\FileHandler' driver.
INFO - 2025-12-10 20:31:48 --> Language filter: Set language to 'en' from request headers
ERROR - 2025-12-10 20:31:48 --> Xendit API key is not configured
DEBUG - 2025-12-10 20:36:04 --> Session: Class initialized using 'CodeIgniter\Session\Handlers\FileHandler' driver.
INFO - 2025-12-10 20:36:04 --> Language filter: Set language to 'en' from request headers
ERROR - 2025-12-10 20:36:04 --> Xendit API key is not configured
DEBUG - 2025-12-10 20:36:04 --> Session: Class initialized using 'CodeIgniter\Session\Handlers\FileHandler' driver.
INFO - 2025-12-10 20:36:04 --> Language filter: Set language to 'en' from request headers
ERROR - 2025-12-10 20:36:04 --> Xendit API key is not configured
DEBUG - 2025-12-10 20:42:36 --> Session: Class initialized using 'CodeIgniter\Session\Handlers\FileHandler' driver.
INFO - 2025-12-10 20:42:36 --> Language filter: Set language to 'en' from request headers
ERROR - 2025-12-10 20:42:36 --> Xendit API key is not configured
DEBUG - 2025-12-10 20:42:36 --> Session: Class initialized using 'CodeIgniter\Session\Handlers\FileHandler' driver.
INFO - 2025-12-10 20:42:36 --> Language filter: Set language to 'en' from request headers
ERROR - 2025-12-10 20:42:37 --> Xendit API key is not configured
DEBUG - 2025-12-10 20:44:56 --> Session: Class initialized using 'CodeIgniter\Session\Handlers\FileHandler' driver.
INFO - 2025-12-10 20:44:56 --> Language filter: Set language to 'en' from request headers
ERROR - 2025-12-10 20:44:56 --> Xendit API key is not configured
DEBUG - 2025-12-10 20:44:57 --> Session: Class initialized using 'CodeIgniter\Session\Handlers\FileHandler' driver.
INFO - 2025-12-10 20:44:57 --> Language filter: Set language to 'en' from request headers
ERROR - 2025-12-10 20:44:57 --> Xendit API key is not configured
DEBUG - 2025-12-10 20:47:39 --> Session: Class initialized using 'CodeIgniter\Session\Handlers\FileHandler' driver.
DEBUG - 2025-12-10 20:47:39 --> Session: Class initialized using 'CodeIgniter\Session\Handlers\FileHandler' driver.
DEBUG - 2025-12-10 20:47:39 --> Session: Class initialized using 'CodeIgniter\Session\Handlers\FileHandler' driver.
INFO - 2025-12-10 20:47:39 --> Language filter: Set language to 'en' from request headers
INFO - 2025-12-10 20:47:39 --> Language filter: Set language to 'en' from request headers
INFO - 2025-12-10 20:47:39 --> Language filter: Set language to 'en' from request headers
ERROR - 2025-12-10 20:47:39 --> Xendit API key is not configured
ERROR - 2025-12-10 20:47:39 --> Xendit API key is not configured
ERROR - 2025-12-10 20:47:39 --> Xendit API key is not configured
DEBUG - 2025-12-10 20:47:39 --> Session: Class initialized using 'CodeIgniter\Session\Handlers\FileHandler' driver.
INFO - 2025-12-10 20:47:39 --> Language filter: Set language to 'en' from request headers
ERROR - 2025-12-10 20:47:39 --> Xendit API key is not configured
DEBUG - 2025-12-10 20:55:50 --> Session: Class initialized using 'CodeIgniter\Session\Handlers\FileHandler' driver.
DEBUG - 2025-12-10 20:55:50 --> Session: Class initialized using 'CodeIgniter\Session\Handlers\FileHandler' driver.
INFO - 2025-12-10 20:55:50 --> Language filter: Set language to 'en' from request headers
INFO - 2025-12-10 20:55:50 --> Language filter: Set language to 'en' from request headers
ERROR - 2025-12-10 20:55:50 --> Xendit API key is not configured
ERROR - 2025-12-10 20:55:50 --> Xendit API key is not configured
DEBUG - 2025-12-10 21:20:25 --> Session: Class initialized using 'CodeIgniter\Session\Handlers\FileHandler' driver.
INFO - 2025-12-10 21:20:25 --> Language filter: Set language to 'en' from request headers
ERROR - 2025-12-10 21:20:25 --> Xendit API key is not configured
DEBUG - 2025-12-10 21:20:25 --> Session: Class initialized using 'CodeIgniter\Session\Handlers\FileHandler' driver.
INFO - 2025-12-10 21:20:25 --> Language filter: Set language to 'en' from request headers
ERROR - 2025-12-10 21:20:25 --> Xendit API key is not configured
DEBUG - 2025-12-10 21:21:08 --> Session: Class initialized using 'CodeIgniter\Session\Handlers\FileHandler' driver.
DEBUG - 2025-12-10 21:27:49 --> Session: Class initialized using 'CodeIgniter\Session\Handlers\FileHandler' driver.
DEBUG - 2025-12-10 21:27:49 --> Session: Class initialized using 'CodeIgniter\Session\Handlers\FileHandler' driver.
DEBUG - 2025-12-10 21:27:49 --> Session: Class initialized using 'CodeIgniter\Session\Handlers\FileHandler' driver.
INFO - 2025-12-10 21:27:49 --> Language filter: Set language to 'fr' from request headers
INFO - 2025-12-10 21:27:49 --> Language filter: Set language to 'fr' from request headers
INFO - 2025-12-10 21:27:49 --> Language filter: Set language to 'fr' from request headers
ERROR - 2025-12-10 21:27:49 --> Xendit API key is not configured
ERROR - 2025-12-10 21:27:49 --> Xendit API key is not configured
ERROR - 2025-12-10 21:27:49 --> Xendit API key is not configured
DEBUG - 2025-12-10 21:27:50 --> Session: Class initialized using 'CodeIgniter\Session\Handlers\FileHandler' driver.
INFO - 2025-12-10 21:27:50 --> Language filter: Set language to 'fr' from request headers
ERROR - 2025-12-10 21:27:50 --> Xendit API key is not configured
DEBUG - 2025-12-10 21:28:00 --> Session: Class initialized using 'CodeIgniter\Session\Handlers\FileHandler' driver.
DEBUG - 2025-12-10 21:28:00 --> Session: Class initialized using 'CodeIgniter\Session\Handlers\FileHandler' driver.
INFO - 2025-12-10 21:28:00 --> Language filter: Set language to 'fr' from request headers
DEBUG - 2025-12-10 21:28:00 --> Session: Class initialized using 'CodeIgniter\Session\Handlers\FileHandler' driver.
INFO - 2025-12-10 21:28:00 --> Language filter: Set language to 'fr' from request headers
INFO - 2025-12-10 21:28:00 --> Language filter: Set language to 'fr' from request headers
ERROR - 2025-12-10 21:28:00 --> Xendit API key is not configured
ERROR - 2025-12-10 21:28:00 --> Xendit API key is not configured
ERROR - 2025-12-10 21:28:00 --> Xendit API key is not configured
DEBUG - 2025-12-10 21:28:04 --> Session: Class initialized using 'CodeIgniter\Session\Handlers\FileHandler' driver.
DEBUG - 2025-12-10 21:28:04 --> Session: Class initialized using 'CodeIgniter\Session\Handlers\FileHandler' driver.
INFO - 2025-12-10 21:28:04 --> Language filter: Set language to 'fr' from request headers
DEBUG - 2025-12-10 21:28:04 --> Session: Class initialized using 'CodeIgniter\Session\Handlers\FileHandler' driver.
INFO - 2025-12-10 21:28:04 --> Language filter: Set language to 'fr' from request headers
INFO - 2025-12-10 21:28:04 --> Language filter: Set language to 'fr' from request headers
ERROR - 2025-12-10 21:28:04 --> Xendit API key is not configured
ERROR - 2025-12-10 21:28:04 --> Xendit API key is not configured
ERROR - 2025-12-10 21:28:04 --> Xendit API key is not configured
DEBUG - 2025-12-10 21:28:08 --> Session: Class initialized using 'CodeIgniter\Session\Handlers\FileHandler' driver.
INFO - 2025-12-10 21:28:08 --> Language filter: Set language to 'fr' from request headers
ERROR - 2025-12-10 21:28:08 --> Xendit API key is not configured
DEBUG - 2025-12-10 21:28:09 --> Session: Class initialized using 'CodeIgniter\Session\Handlers\FileHandler' driver.
DEBUG - 2025-12-10 21:28:09 --> Session: Class initialized using 'CodeIgniter\Session\Handlers\FileHandler' driver.
INFO - 2025-12-10 21:28:09 --> Language filter: Set language to 'en' from request headers
INFO - 2025-12-10 21:28:09 --> Language filter: Set language to 'en' from request headers
DEBUG - 2025-12-10 21:28:09 --> Session: Class initialized using 'CodeIgniter\Session\Handlers\FileHandler' driver.
ERROR - 2025-12-10 21:28:09 --> Xendit API key is not configured
INFO - 2025-12-10 21:28:09 --> Language filter: Set language to 'en' from request headers
ERROR - 2025-12-10 21:28:09 --> Xendit API key is not configured
ERROR - 2025-12-10 21:28:09 --> Xendit API key is not configured
DEBUG - 2025-12-10 21:28:09 --> Session: Class initialized using 'CodeIgniter\Session\Handlers\FileHandler' driver.
DEBUG - 2025-12-10 21:28:09 --> Session: Class initialized using 'CodeIgniter\Session\Handlers\FileHandler' driver.
INFO - 2025-12-10 21:28:09 --> Language filter: Set language to 'en' from request headers
DEBUG - 2025-12-10 21:28:09 --> Session: Class initialized using 'CodeIgniter\Session\Handlers\FileHandler' driver.
INFO - 2025-12-10 21:28:09 --> Language filter: Set language to 'en' from request headers
INFO - 2025-12-10 21:28:09 --> Language filter: Set language to 'en' from request headers
ERROR - 2025-12-10 21:28:09 --> Xendit API key is not configured
ERROR - 2025-12-10 21:28:09 --> Xendit API key is not configured
ERROR - 2025-12-10 21:28:09 --> Xendit API key is not configured
DEBUG - 2025-12-10 21:28:09 --> Session: Class initialized using 'CodeIgniter\Session\Handlers\FileHandler' driver.
INFO - 2025-12-10 21:28:09 --> Language filter: Set language to 'en' from request headers
ERROR - 2025-12-10 21:28:09 --> Xendit API key is not configured
DEBUG - 2025-12-10 21:28:17 --> Session: Class initialized using 'CodeIgniter\Session\Handlers\FileHandler' driver.
INFO - 2025-12-10 21:28:17 --> Language filter: Set language to 'en' from request headers
DEBUG - 2025-12-10 21:28:17 --> Session: Class initialized using 'CodeIgniter\Session\Handlers\FileHandler' driver.
INFO - 2025-12-10 21:28:17 --> Language filter: Set language to 'en' from request headers
DEBUG - 2025-12-10 21:28:17 --> Session: Class initialized using 'CodeIgniter\Session\Handlers\FileHandler' driver.
ERROR - 2025-12-10 21:28:17 --> Xendit API key is not configured
INFO - 2025-12-10 21:28:17 --> Language filter: Set language to 'en' from request headers
ERROR - 2025-12-10 21:28:17 --> Xendit API key is not configured
ERROR - 2025-12-10 21:28:17 --> Xendit API key is not configured
DEBUG - 2025-12-10 21:28:21 --> Session: Class initialized using 'CodeIgniter\Session\Handlers\FileHandler' driver.
INFO - 2025-12-10 21:28:21 --> Language filter: Set language to 'en' from request headers
ERROR - 2025-12-10 21:28:21 --> Xendit API key is not configured
DEBUG - 2025-12-10 21:28:21 --> Session: Class initialized using 'CodeIgniter\Session\Handlers\FileHandler' driver.
DEBUG - 2025-12-10 21:28:21 --> Session: Class initialized using 'CodeIgniter\Session\Handlers\FileHandler' driver.
INFO - 2025-12-10 21:28:21 --> Language filter: Set language to 'en' from request headers
INFO - 2025-12-10 21:28:21 --> Language filter: Set language to 'en' from request headers
ERROR - 2025-12-10 21:28:21 --> Xendit API key is not configured
ERROR - 2025-12-10 21:28:21 --> Xendit API key is not configured
DEBUG - 2025-12-10 21:28:43 --> Session: Class initialized using 'CodeIgniter\Session\Handlers\FileHandler' driver.
DEBUG - 2025-12-10 21:28:43 --> Session: Class initialized using 'CodeIgniter\Session\Handlers\FileHandler' driver.
INFO - 2025-12-10 21:28:43 --> Language filter: Set language to 'en' from request headers
INFO - 2025-12-10 21:28:43 --> Language filter: Set language to 'en' from request headers
ERROR - 2025-12-10 21:28:43 --> Xendit API key is not configured
ERROR - 2025-12-10 21:28:43 --> Xendit API key is not configured
DEBUG - 2025-12-10 21:28:53 --> Session: Class initialized using 'CodeIgniter\Session\Handlers\FileHandler' driver.
DEBUG - 2025-12-10 21:28:53 --> Session: Class initialized using 'CodeIgniter\Session\Handlers\FileHandler' driver.
INFO - 2025-12-10 21:28:53 --> Language filter: Set language to 'en' from request headers
INFO - 2025-12-10 21:28:53 --> Language filter: Set language to 'en' from request headers
DEBUG - 2025-12-10 21:28:53 --> Session: Class initialized using 'CodeIgniter\Session\Handlers\FileHandler' driver.
ERROR - 2025-12-10 21:28:53 --> Xendit API key is not configured
INFO - 2025-12-10 21:28:53 --> Language filter: Set language to 'en' from request headers
ERROR - 2025-12-10 21:28:53 --> Xendit API key is not configured
ERROR - 2025-12-10 21:28:53 --> Xendit API key is not configured
DEBUG - 2025-12-10 21:28:55 --> Session: Class initialized using 'CodeIgniter\Session\Handlers\FileHandler' driver.
INFO - 2025-12-10 21:28:55 --> Language filter: Set language to 'en' from request headers
ERROR - 2025-12-10 21:28:55 --> Xendit API key is not configured
DEBUG - 2025-12-10 21:29:10 --> Session: Class initialized using 'CodeIgniter\Session\Handlers\FileHandler' driver.
DEBUG - 2025-12-10 21:29:10 --> Session: Class initialized using 'CodeIgniter\Session\Handlers\FileHandler' driver.
INFO - 2025-12-10 21:29:10 --> Language filter: Set language to 'en' from request headers
INFO - 2025-12-10 21:29:10 --> Language filter: Set language to 'en' from request headers
DEBUG - 2025-12-10 21:29:10 --> Session: Class initialized using 'CodeIgniter\Session\Handlers\FileHandler' driver.
ERROR - 2025-12-10 21:29:10 --> Xendit API key is not configured
INFO - 2025-12-10 21:29:10 --> Language filter: Set language to 'en' from request headers
ERROR - 2025-12-10 21:29:10 --> Xendit API key is not configured
ERROR - 2025-12-10 21:29:10 --> Xendit API key is not configured
DEBUG - 2025-12-10 21:29:12 --> Session: Class initialized using 'CodeIgniter\Session\Handlers\FileHandler' driver.
INFO - 2025-12-10 21:29:12 --> Language filter: Set language to 'en' from request headers
ERROR - 2025-12-10 21:29:12 --> Xendit API key is not configured
DEBUG - 2025-12-10 21:29:25 --> Session: Class initialized using 'CodeIgniter\Session\Handlers\FileHandler' driver.
DEBUG - 2025-12-10 21:29:25 --> Session: Class initialized using 'CodeIgniter\Session\Handlers\FileHandler' driver.
INFO - 2025-12-10 21:29:25 --> Language filter: Set language to 'en' from request headers
INFO - 2025-12-10 21:29:25 --> Language filter: Set language to 'en' from request headers
DEBUG - 2025-12-10 21:29:25 --> Session: Class initialized using 'CodeIgniter\Session\Handlers\FileHandler' driver.
INFO - 2025-12-10 21:29:25 --> Language filter: Set language to 'en' from request headers
ERROR - 2025-12-10 21:29:25 --> Xendit API key is not configured
ERROR - 2025-12-10 21:29:25 --> Xendit API key is not configured
ERROR - 2025-12-10 21:29:25 --> Xendit API key is not configured
DEBUG - 2025-12-10 21:29:34 --> Session: Class initialized using 'CodeIgniter\Session\Handlers\FileHandler' driver.
INFO - 2025-12-10 21:29:34 --> Language filter: Set language to 'en' from request headers
ERROR - 2025-12-10 21:29:34 --> Xendit API key is not configured
DEBUG - 2025-12-10 21:29:34 --> Session: Class initialized using 'CodeIgniter\Session\Handlers\FileHandler' driver.
INFO - 2025-12-10 21:29:34 --> Language filter: Set language to 'en' from request headers
DEBUG - 2025-12-10 21:29:34 --> Session: Class initialized using 'CodeIgniter\Session\Handlers\FileHandler' driver.
INFO - 2025-12-10 21:29:34 --> Language filter: Set language to 'en' from request headers
ERROR - 2025-12-10 21:29:34 --> Xendit API key is not configured
ERROR - 2025-12-10 21:29:34 --> Xendit API key is not configured
DEBUG - 2025-12-10 21:30:40 --> Session: Class initialized using 'CodeIgniter\Session\Handlers\FileHandler' driver.
INFO - 2025-12-10 21:30:40 --> Language filter: Set language to 'en' from request headers
ERROR - 2025-12-10 21:30:40 --> Xendit API key is not configured
DEBUG - 2025-12-10 21:30:41 --> Session: Class initialized using 'CodeIgniter\Session\Handlers\FileHandler' driver.
DEBUG - 2025-12-10 21:30:41 --> Session: Class initialized using 'CodeIgniter\Session\Handlers\FileHandler' driver.
INFO - 2025-12-10 21:30:41 --> Language filter: Set language to 'en' from request headers
INFO - 2025-12-10 21:30:41 --> Language filter: Set language to 'en' from request headers
ERROR - 2025-12-10 21:30:41 --> Xendit API key is not configured
ERROR - 2025-12-10 21:30:41 --> Xendit API key is not configured
DEBUG - 2025-12-10 21:30:43 --> Session: Class initialized using 'CodeIgniter\Session\Handlers\FileHandler' driver.
INFO - 2025-12-10 21:30:43 --> Language filter: Set language to 'en' from request headers
ERROR - 2025-12-10 21:30:43 --> Xendit API key is not configured
DEBUG - 2025-12-10 21:31:20 --> Session: Class initialized using 'CodeIgniter\Session\Handlers\FileHandler' driver.
INFO - 2025-12-10 21:31:20 --> Language filter: Set language to 'en' from request headers
ERROR - 2025-12-10 21:31:20 --> Xendit API key is not configured
DEBUG - 2025-12-10 21:31:20 --> Session: Class initialized using 'CodeIgniter\Session\Handlers\FileHandler' driver.
DEBUG - 2025-12-10 21:31:20 --> Session: Class initialized using 'CodeIgniter\Session\Handlers\FileHandler' driver.
INFO - 2025-12-10 21:31:20 --> Language filter: Set language to 'en' from request headers
INFO - 2025-12-10 21:31:20 --> Language filter: Set language to 'en' from request headers
ERROR - 2025-12-10 21:31:20 --> Xendit API key is not configured
ERROR - 2025-12-10 21:31:20 --> Xendit API key is not configured
DEBUG - 2025-12-10 21:31:22 --> Session: Class initialized using 'CodeIgniter\Session\Handlers\FileHandler' driver.
INFO - 2025-12-10 21:31:22 --> Language filter: Set language to 'en' from request headers
ERROR - 2025-12-10 21:31:22 --> Xendit API key is not configured
DEBUG - 2025-12-10 21:31:31 --> Session: Class initialized using 'CodeIgniter\Session\Handlers\FileHandler' driver.
DEBUG - 2025-12-10 21:31:31 --> Session: Class initialized using 'CodeIgniter\Session\Handlers\FileHandler' driver.
INFO - 2025-12-10 21:31:31 --> Language filter: Set language to 'en' from request headers
DEBUG - 2025-12-10 21:31:31 --> Session: Class initialized using 'CodeIgniter\Session\Handlers\FileHandler' driver.
INFO - 2025-12-10 21:31:31 --> Language filter: Set language to 'en' from request headers
INFO - 2025-12-10 21:31:31 --> Language filter: Set language to 'en' from request headers
ERROR - 2025-12-10 21:31:31 --> Xendit API key is not configured
ERROR - 2025-12-10 21:31:31 --> Xendit API key is not configured
ERROR - 2025-12-10 21:31:31 --> Xendit API key is not configured
DEBUG - 2025-12-10 21:35:58 --> Session: Class initialized using 'CodeIgniter\Session\Handlers\FileHandler' driver.
DEBUG - 2025-12-10 21:35:58 --> Session: Class initialized using 'CodeIgniter\Session\Handlers\FileHandler' driver.
DEBUG - 2025-12-10 21:35:58 --> Session: Class initialized using 'CodeIgniter\Session\Handlers\FileHandler' driver.
INFO - 2025-12-10 21:35:59 --> Language filter: Set language to 'en' from request headers
INFO - 2025-12-10 21:35:59 --> Language filter: Set language to 'en' from request headers
INFO - 2025-12-10 21:35:59 --> Language filter: Set language to 'en' from request headers
ERROR - 2025-12-10 21:35:59 --> Xendit API key is not configured
ERROR - 2025-12-10 21:35:59 --> Xendit API key is not configured
ERROR - 2025-12-10 21:35:59 --> Xendit API key is not configured
DEBUG - 2025-12-10 21:36:08 --> Session: Class initialized using 'CodeIgniter\Session\Handlers\FileHandler' driver.
DEBUG - 2025-12-10 21:36:08 --> Session: Class initialized using 'CodeIgniter\Session\Handlers\FileHandler' driver.
DEBUG - 2025-12-10 21:36:08 --> Session: Class initialized using 'CodeIgniter\Session\Handlers\FileHandler' driver.
INFO - 2025-12-10 21:36:08 --> Language filter: Set language to 'en' from request headers
INFO - 2025-12-10 21:36:08 --> Language filter: Set language to 'en' from request headers
INFO - 2025-12-10 21:36:08 --> Language filter: Set language to 'en' from request headers
ERROR - 2025-12-10 21:36:08 --> Xendit API key is not configured
ERROR - 2025-12-10 21:36:08 --> Xendit API key is not configured
ERROR - 2025-12-10 21:36:08 --> Xendit API key is not configured
DEBUG - 2025-12-10 21:36:12 --> Session: Class initialized using 'CodeIgniter\Session\Handlers\FileHandler' driver.
DEBUG - 2025-12-10 21:36:12 --> Session: Class initialized using 'CodeIgniter\Session\Handlers\FileHandler' driver.
INFO - 2025-12-10 21:36:12 --> Language filter: Set language to 'en' from request headers
DEBUG - 2025-12-10 21:36:12 --> Session: Class initialized using 'CodeIgniter\Session\Handlers\FileHandler' driver.
INFO - 2025-12-10 21:36:12 --> Language filter: Set language to 'en' from request headers
INFO - 2025-12-10 21:36:12 --> Language filter: Set language to 'en' from request headers
ERROR - 2025-12-10 21:36:12 --> Xendit API key is not configured
ERROR - 2025-12-10 21:36:12 --> Xendit API key is not configured
ERROR - 2025-12-10 21:36:12 --> Xendit API key is not configured
DEBUG - 2025-12-10 21:36:14 --> Session: Class initialized using 'CodeIgniter\Session\Handlers\FileHandler' driver.
INFO - 2025-12-10 21:36:14 --> Language filter: Set language to 'en' from request headers
ERROR - 2025-12-10 21:36:14 --> Xendit API key is not configured
DEBUG - 2025-12-10 21:36:23 --> Session: Class initialized using 'CodeIgniter\Session\Handlers\FileHandler' driver.
DEBUG - 2025-12-10 21:36:23 --> Session: Class initialized using 'CodeIgniter\Session\Handlers\FileHandler' driver.
INFO - 2025-12-10 21:36:23 --> Language filter: Set language to 'en' from request headers
DEBUG - 2025-12-10 21:36:23 --> Session: Class initialized using 'CodeIgniter\Session\Handlers\FileHandler' driver.
INFO - 2025-12-10 21:36:23 --> Language filter: Set language to 'en' from request headers
INFO - 2025-12-10 21:36:23 --> Language filter: Set language to 'en' from request headers
ERROR - 2025-12-10 21:36:23 --> Xendit API key is not configured
ERROR - 2025-12-10 21:36:23 --> Xendit API key is not configured
ERROR - 2025-12-10 21:36:23 --> Xendit API key is not configured
DEBUG - 2025-12-10 21:36:27 --> Session: Class initialized using 'CodeIgniter\Session\Handlers\FileHandler' driver.
DEBUG - 2025-12-10 21:36:27 --> Session: Class initialized using 'CodeIgniter\Session\Handlers\FileHandler' driver.
INFO - 2025-12-10 21:36:27 --> Language filter: Set language to 'en' from request headers
DEBUG - 2025-12-10 21:36:27 --> Session: Class initialized using 'CodeIgniter\Session\Handlers\FileHandler' driver.
INFO - 2025-12-10 21:36:27 --> Language filter: Set language to 'en' from request headers
INFO - 2025-12-10 21:36:27 --> Language filter: Set language to 'en' from request headers
ERROR - 2025-12-10 21:36:27 --> Xendit API key is not configured
ERROR - 2025-12-10 21:36:27 --> Xendit API key is not configured
ERROR - 2025-12-10 21:36:27 --> Xendit API key is not configured
DEBUG - 2025-12-10 21:37:25 --> Session: Class initialized using 'CodeIgniter\Session\Handlers\FileHandler' driver.
DEBUG - 2025-12-10 21:37:25 --> Session: Class initialized using 'CodeIgniter\Session\Handlers\FileHandler' driver.
INFO - 2025-12-10 21:37:25 --> Language filter: Set language to 'en' from request headers
INFO - 2025-12-10 21:37:25 --> Language filter: Set language to 'en' from request headers
ERROR - 2025-12-10 21:37:25 --> Xendit API key is not configured
ERROR - 2025-12-10 21:37:25 --> Xendit API key is not configured
DEBUG - 2025-12-10 21:37:27 --> Session: Class initialized using 'CodeIgniter\Session\Handlers\FileHandler' driver.
INFO - 2025-12-10 21:37:27 --> Language filter: Set language to 'en' from request headers
DEBUG - 2025-12-10 21:37:27 --> Session: Class initialized using 'CodeIgniter\Session\Handlers\FileHandler' driver.
ERROR - 2025-12-10 21:37:27 --> Xendit API key is not configured
INFO - 2025-12-10 21:37:27 --> Language filter: Set language to 'en' from request headers
ERROR - 2025-12-10 21:37:27 --> Xendit API key is not configured
DEBUG - 2025-12-10 21:39:53 --> Session: Class initialized using 'CodeIgniter\Session\Handlers\FileHandler' driver.
DEBUG - 2025-12-10 21:39:53 --> Session: Class initialized using 'CodeIgniter\Session\Handlers\FileHandler' driver.
INFO - 2025-12-10 21:39:53 --> Language filter: Set language to 'en' from request headers
INFO - 2025-12-10 21:39:53 --> Language filter: Set language to 'en' from request headers
ERROR - 2025-12-10 21:39:53 --> Xendit API key is not configured
ERROR - 2025-12-10 21:39:53 --> Xendit API key is not configured
DEBUG - 2025-12-10 21:39:54 --> Session: Class initialized using 'CodeIgniter\Session\Handlers\FileHandler' driver.
INFO - 2025-12-10 21:39:54 --> Language filter: Set language to 'en' from request headers
ERROR - 2025-12-10 21:39:54 --> Xendit API key is not configured
DEBUG - 2025-12-10 21:39:59 --> Session: Class initialized using 'CodeIgniter\Session\Handlers\FileHandler' driver.
DEBUG - 2025-12-10 21:39:59 --> Session: Class initialized using 'CodeIgniter\Session\Handlers\FileHandler' driver.
INFO - 2025-12-10 21:39:59 --> Language filter: Set language to 'en' from request headers
DEBUG - 2025-12-10 21:39:59 --> Session: Class initialized using 'CodeIgniter\Session\Handlers\FileHandler' driver.
INFO - 2025-12-10 21:39:59 --> Language filter: Set language to 'en' from request headers
ERROR - 2025-12-10 21:39:59 --> Xendit API key is not configured
INFO - 2025-12-10 21:39:59 --> Language filter: Set language to 'en' from request headers
ERROR - 2025-12-10 21:39:59 --> Xendit API key is not configured
ERROR - 2025-12-10 21:39:59 --> Xendit API key is not configured
DEBUG - 2025-12-10 21:40:06 --> Session: Class initialized using 'CodeIgniter\Session\Handlers\FileHandler' driver.
DEBUG - 2025-12-10 21:40:06 --> Session: Class initialized using 'CodeIgniter\Session\Handlers\FileHandler' driver.
INFO - 2025-12-10 21:40:06 --> Language filter: Set language to 'en' from request headers
DEBUG - 2025-12-10 21:40:06 --> Session: Class initialized using 'CodeIgniter\Session\Handlers\FileHandler' driver.
INFO - 2025-12-10 21:40:06 --> Language filter: Set language to 'en' from request headers
INFO - 2025-12-10 21:40:06 --> Language filter: Set language to 'en' from request headers
ERROR - 2025-12-10 21:40:06 --> Xendit API key is not configured
ERROR - 2025-12-10 21:40:06 --> Xendit API key is not configured
ERROR - 2025-12-10 21:40:06 --> Xendit API key is not configured
DEBUG - 2025-12-10 21:40:08 --> Session: Class initialized using 'CodeIgniter\Session\Handlers\FileHandler' driver.
INFO - 2025-12-10 21:40:08 --> Language filter: Set language to 'en' from request headers
ERROR - 2025-12-10 21:40:08 --> Xendit API key is not configured
DEBUG - 2025-12-10 21:41:46 --> Session: Class initialized using 'CodeIgniter\Session\Handlers\FileHandler' driver.
INFO - 2025-12-10 21:41:46 --> Language filter: Set language to 'en' from request headers
DEBUG - 2025-12-10 21:41:46 --> Session: Class initialized using 'CodeIgniter\Session\Handlers\FileHandler' driver.
INFO - 2025-12-10 21:41:46 --> Language filter: Set language to 'en' from request headers
DEBUG - 2025-12-10 21:41:46 --> Session: Class initialized using 'CodeIgniter\Session\Handlers\FileHandler' driver.
INFO - 2025-12-10 21:41:46 --> Language filter: Set language to 'en' from request headers
DEBUG - 2025-12-10 21:41:46 --> Session: Class initialized using 'CodeIgniter\Session\Handlers\FileHandler' driver.
INFO - 2025-12-10 21:41:46 --> Language filter: Set language to 'en' from request headers
ERROR - 2025-12-10 21:41:46 --> Xendit API key is not configured
ERROR - 2025-12-10 21:41:46 --> Xendit API key is not configured
ERROR - 2025-12-10 21:41:46 --> Xendit API key is not configured
ERROR - 2025-12-10 21:41:46 --> Xendit API key is not configured
DEBUG - 2025-12-10 21:41:55 --> Session: Class initialized using 'CodeIgniter\Session\Handlers\FileHandler' driver.
DEBUG - 2025-12-10 21:41:55 --> Session: Class initialized using 'CodeIgniter\Session\Handlers\FileHandler' driver.
INFO - 2025-12-10 21:41:55 --> Language filter: Set language to 'en' from request headers
INFO - 2025-12-10 21:41:55 --> Language filter: Set language to 'en' from request headers
ERROR - 2025-12-10 21:41:55 --> Xendit API key is not configured
ERROR - 2025-12-10 21:41:55 --> Xendit API key is not configured
DEBUG - 2025-12-10 21:42:08 --> Session: Class initialized using 'CodeIgniter\Session\Handlers\FileHandler' driver.
INFO - 2025-12-10 21:42:08 --> Language filter: Set language to 'en' from request headers
ERROR - 2025-12-10 21:42:08 --> Xendit API key is not configured
DEBUG - 2025-12-10 21:42:08 --> Session: Class initialized using 'CodeIgniter\Session\Handlers\FileHandler' driver.
INFO - 2025-12-10 21:42:08 --> Language filter: Set language to 'en' from request headers
DEBUG - 2025-12-10 21:42:08 --> Session: Class initialized using 'CodeIgniter\Session\Handlers\FileHandler' driver.
INFO - 2025-12-10 21:42:08 --> Language filter: Set language to 'en' from request headers
ERROR - 2025-12-10 21:42:08 --> Xendit API key is not configured
ERROR - 2025-12-10 21:42:08 --> Xendit API key is not configured
DEBUG - 2025-12-10 21:42:17 --> Session: Class initialized using 'CodeIgniter\Session\Handlers\FileHandler' driver.
INFO - 2025-12-10 21:42:17 --> Language filter: Set language to 'en' from request headers
DEBUG - 2025-12-10 21:42:17 --> Session: Class initialized using 'CodeIgniter\Session\Handlers\FileHandler' driver.
ERROR - 2025-12-10 21:42:17 --> Xendit API key is not configured
INFO - 2025-12-10 21:42:17 --> Language filter: Set language to 'en' from request headers
ERROR - 2025-12-10 21:42:17 --> Xendit API key is not configured
DEBUG - 2025-12-10 21:42:24 --> Session: Class initialized using 'CodeIgniter\Session\Handlers\FileHandler' driver.
INFO - 2025-12-10 21:42:24 --> Language filter: Set language to 'en' from request headers
DEBUG - 2025-12-10 21:42:24 --> Session: Class initialized using 'CodeIgniter\Session\Handlers\FileHandler' driver.
ERROR - 2025-12-10 21:42:24 --> Xendit API key is not configured
INFO - 2025-12-10 21:42:24 --> Language filter: Set language to 'en' from request headers
ERROR - 2025-12-10 21:42:24 --> Xendit API key is not configured
DEBUG - 2025-12-10 21:42:30 --> Session: Class initialized using 'CodeIgniter\Session\Handlers\FileHandler' driver.
INFO - 2025-12-10 21:42:30 --> Language filter: Set language to 'en' from request headers
DEBUG - 2025-12-10 21:42:30 --> Session: Class initialized using 'CodeIgniter\Session\Handlers\FileHandler' driver.
INFO - 2025-12-10 21:42:30 --> Language filter: Set language to 'en' from request headers
ERROR - 2025-12-10 21:42:30 --> Xendit API key is not configured
DEBUG - 2025-12-10 21:42:30 --> Session: Class initialized using 'CodeIgniter\Session\Handlers\FileHandler' driver.
ERROR - 2025-12-10 21:42:30 --> Xendit API key is not configured
INFO - 2025-12-10 21:42:30 --> Language filter: Set language to 'en' from request headers
ERROR - 2025-12-10 21:42:30 --> Xendit API key is not configured
DEBUG - 2025-12-10 21:42:32 --> Session: Class initialized using 'CodeIgniter\Session\Handlers\FileHandler' driver.
INFO - 2025-12-10 21:42:32 --> Language filter: Set language to 'en' from request headers
DEBUG - 2025-12-10 21:42:32 --> Session: Class initialized using 'CodeIgniter\Session\Handlers\FileHandler' driver.
ERROR - 2025-12-10 21:42:32 --> Xendit API key is not configured
INFO - 2025-12-10 21:42:32 --> Language filter: Set language to 'en' from request headers
ERROR - 2025-12-10 21:42:32 --> Xendit API key is not configured
DEBUG - 2025-12-10 21:42:44 --> Session: Class initialized using 'CodeIgniter\Session\Handlers\FileHandler' driver.
DEBUG - 2025-12-10 21:42:47 --> Session: Class initialized using 'CodeIgniter\Session\Handlers\FileHandler' driver.
DEBUG - 2025-12-10 21:42:47 --> Session: Class initialized using 'CodeIgniter\Session\Handlers\FileHandler' driver.
DEBUG - 2025-12-10 21:43:00 --> Session: Class initialized using 'CodeIgniter\Session\Handlers\FileHandler' driver.
DEBUG - 2025-12-10 21:43:00 --> Session: Class initialized using 'CodeIgniter\Session\Handlers\FileHandler' driver.
DEBUG - 2025-12-10 21:43:00 --> Session: Class initialized using 'CodeIgniter\Session\Handlers\FileHandler' driver.
DEBUG - 2025-12-10 21:43:00 --> Session: Class initialized using 'CodeIgniter\Session\Handlers\FileHandler' driver.
DEBUG - 2025-12-10 21:43:00 --> Session: Class initialized using 'CodeIgniter\Session\Handlers\FileHandler' driver.
DEBUG - 2025-12-10 21:43:00 --> Session: Class initialized using 'CodeIgniter\Session\Handlers\FileHandler' driver.
DEBUG - 2025-12-10 21:43:00 --> Session: Class initialized using 'CodeIgniter\Session\Handlers\FileHandler' driver.
DEBUG - 2025-12-10 21:43:00 --> Session: Class initialized using 'CodeIgniter\Session\Handlers\FileHandler' driver.
DEBUG - 2025-12-10 21:43:02 --> Session: Class initialized using 'CodeIgniter\Session\Handlers\FileHandler' driver.
DEBUG - 2025-12-10 21:43:02 --> Session: Class initialized using 'CodeIgniter\Session\Handlers\FileHandler' driver.
DEBUG - 2025-12-10 21:43:02 --> Session: Class initialized using 'CodeIgniter\Session\Handlers\FileHandler' driver.
DEBUG - 2025-12-10 21:43:03 --> Session: Class initialized using 'CodeIgniter\Session\Handlers\FileHandler' driver.
DEBUG - 2025-12-10 21:43:03 --> Session: Class initialized using 'CodeIgniter\Session\Handlers\FileHandler' driver.
DEBUG - 2025-12-10 21:43:03 --> Session: Class initialized using 'CodeIgniter\Session\Handlers\FileHandler' driver.
DEBUG - 2025-12-10 21:43:03 --> Session: Class initialized using 'CodeIgniter\Session\Handlers\FileHandler' driver.
DEBUG - 2025-12-10 21:43:03 --> Session: Class initialized using 'CodeIgniter\Session\Handlers\FileHandler' driver.
DEBUG - 2025-12-10 21:43:09 --> Session: Class initialized using 'CodeIgniter\Session\Handlers\FileHandler' driver.
DEBUG - 2025-12-10 21:43:09 --> Session: Class initialized using 'CodeIgniter\Session\Handlers\FileHandler' driver.
DEBUG - 2025-12-10 21:43:09 --> Session: Class initialized using 'CodeIgniter\Session\Handlers\FileHandler' driver.
DEBUG - 2025-12-10 21:43:42 --> Session: Class initialized using 'CodeIgniter\Session\Handlers\FileHandler' driver.
DEBUG - 2025-12-10 21:43:42 --> Session: Class initialized using 'CodeIgniter\Session\Handlers\FileHandler' driver.
DEBUG - 2025-12-10 21:43:42 --> Session: Class initialized using 'CodeIgniter\Session\Handlers\FileHandler' driver.
INFO - 2025-12-10 21:43:42 --> Language filter: Set language to 'en' from request headers
INFO - 2025-12-10 21:43:42 --> Language filter: Set language to 'en' from request headers
INFO - 2025-12-10 21:43:42 --> Language filter: Set language to 'en' from request headers
ERROR - 2025-12-10 21:43:42 --> Xendit API key is not configured
ERROR - 2025-12-10 21:43:42 --> Xendit API key is not configured
ERROR - 2025-12-10 21:43:42 --> Xendit API key is not configured
DEBUG - 2025-12-10 21:43:43 --> Session: Class initialized using 'CodeIgniter\Session\Handlers\FileHandler' driver.
INFO - 2025-12-10 21:43:43 --> Language filter: Set language to 'en' from request headers
ERROR - 2025-12-10 21:43:43 --> Xendit API key is not configured
DEBUG - 2025-12-10 21:44:19 --> Session: Class initialized using 'CodeIgniter\Session\Handlers\FileHandler' driver.
DEBUG - 2025-12-10 21:51:19 --> Session: Class initialized using 'CodeIgniter\Session\Handlers\FileHandler' driver.
DEBUG - 2025-12-10 21:51:19 --> Session: Class initialized using 'CodeIgniter\Session\Handlers\FileHandler' driver.
DEBUG - 2025-12-10 21:51:19 --> Session: Class initialized using 'CodeIgniter\Session\Handlers\FileHandler' driver.
INFO - 2025-12-10 21:51:19 --> Language filter: Set language to 'en' from request headers
INFO - 2025-12-10 21:51:19 --> Language filter: Set language to 'en' from request headers
INFO - 2025-12-10 21:51:19 --> Language filter: Set language to 'en' from request headers
ERROR - 2025-12-10 21:51:19 --> Xendit API key is not configured
ERROR - 2025-12-10 21:51:19 --> Xendit API key is not configured
ERROR - 2025-12-10 21:51:19 --> Xendit API key is not configured
DEBUG - 2025-12-10 21:51:20 --> Session: Class initialized using 'CodeIgniter\Session\Handlers\FileHandler' driver.
INFO - 2025-12-10 21:51:20 --> Language filter: Set language to 'en' from request headers
ERROR - 2025-12-10 21:51:20 --> Xendit API key is not configured
DEBUG - 2025-12-10 21:55:31 --> Session: Class initialized using 'CodeIgniter\Session\Handlers\FileHandler' driver.
DEBUG - 2025-12-10 21:55:31 --> Session: Class initialized using 'CodeIgniter\Session\Handlers\FileHandler' driver.
DEBUG - 2025-12-10 21:55:31 --> Session: Class initialized using 'CodeIgniter\Session\Handlers\FileHandler' driver.
INFO - 2025-12-10 21:55:31 --> Language filter: Set language to 'en' from request headers
INFO - 2025-12-10 21:55:31 --> Language filter: Set language to 'en' from request headers
INFO - 2025-12-10 21:55:31 --> Language filter: Set language to 'en' from request headers
ERROR - 2025-12-10 21:55:31 --> Xendit API key is not configured
ERROR - 2025-12-10 21:55:31 --> Xendit API key is not configured
ERROR - 2025-12-10 21:55:31 --> Xendit API key is not configured
DEBUG - 2025-12-10 21:55:32 --> Session: Class initialized using 'CodeIgniter\Session\Handlers\FileHandler' driver.
INFO - 2025-12-10 21:55:32 --> Language filter: Set language to 'en' from request headers
ERROR - 2025-12-10 21:55:32 --> Xendit API key is not configured
DEBUG - 2025-12-10 21:57:37 --> Session: Class initialized using 'CodeIgniter\Session\Handlers\FileHandler' driver.
DEBUG - 2025-12-10 21:57:37 --> Session: Class initialized using 'CodeIgniter\Session\Handlers\FileHandler' driver.
INFO - 2025-12-10 21:57:37 --> Language filter: Set language to 'en' from request headers
INFO - 2025-12-10 21:57:37 --> Language filter: Set language to 'en' from request headers
ERROR - 2025-12-10 21:57:37 --> Xendit API key is not configured
ERROR - 2025-12-10 21:57:37 --> Xendit API key is not configured
DEBUG - 2025-12-10 21:57:51 --> Session: Class initialized using 'CodeIgniter\Session\Handlers\FileHandler' driver.
INFO - 2025-12-10 21:57:51 --> Language filter: Set language to 'en' from request headers
DEBUG - 2025-12-10 21:57:51 --> Session: Class initialized using 'CodeIgniter\Session\Handlers\FileHandler' driver.
INFO - 2025-12-10 21:57:51 --> Language filter: Set language to 'en' from request headers
DEBUG - 2025-12-10 21:57:51 --> Session: Class initialized using 'CodeIgniter\Session\Handlers\FileHandler' driver.
ERROR - 2025-12-10 21:57:51 --> Xendit API key is not configured
INFO - 2025-12-10 21:57:51 --> Language filter: Set language to 'en' from request headers
ERROR - 2025-12-10 21:57:51 --> Xendit API key is not configured
ERROR - 2025-12-10 21:57:51 --> Xendit API key is not configured
DEBUG - 2025-12-10 21:57:53 --> Session: Class initialized using 'CodeIgniter\Session\Handlers\FileHandler' driver.
INFO - 2025-12-10 21:57:53 --> Language filter: Set language to 'en' from request headers
ERROR - 2025-12-10 21:57:53 --> Xendit API key is not configured
DEBUG - 2025-12-10 21:58:23 --> Session: Class initialized using 'CodeIgniter\Session\Handlers\FileHandler' driver.
DEBUG - 2025-12-10 21:58:23 --> Session: Class initialized using 'CodeIgniter\Session\Handlers\FileHandler' driver.
DEBUG - 2025-12-10 21:58:26 --> Session: Class initialized using 'CodeIgniter\Session\Handlers\FileHandler' driver.
DEBUG - 2025-12-10 21:58:27 --> Session: Class initialized using 'CodeIgniter\Session\Handlers\FileHandler' driver.
DEBUG - 2025-12-10 21:58:27 --> Session: Class initialized using 'CodeIgniter\Session\Handlers\FileHandler' driver.
DEBUG - 2025-12-10 21:58:36 --> Session: Class initialized using 'CodeIgniter\Session\Handlers\FileHandler' driver.
DEBUG - 2025-12-10 21:58:36 --> Session: Class initialized using 'CodeIgniter\Session\Handlers\FileHandler' driver.
DEBUG - 2025-12-10 21:58:40 --> Session: Class initialized using 'CodeIgniter\Session\Handlers\FileHandler' driver.
DEBUG - 2025-12-10 21:58:41 --> Session: Class initialized using 'CodeIgniter\Session\Handlers\FileHandler' driver.
DEBUG - 2025-12-10 21:58:41 --> Session: Class initialized using 'CodeIgniter\Session\Handlers\FileHandler' driver.
DEBUG - 2025-12-10 21:58:46 --> Session: Class initialized using 'CodeIgniter\Session\Handlers\FileHandler' driver.
DEBUG - 2025-12-10 21:58:46 --> Session: Class initialized using 'CodeIgniter\Session\Handlers\FileHandler' driver.
DEBUG - 2025-12-10 21:58:46 --> Session: Class initialized using 'CodeIgniter\Session\Handlers\FileHandler' driver.
INFO - 2025-12-10 21:58:46 --> Language filter: Set language to 'en' from request headers
INFO - 2025-12-10 21:58:46 --> Language filter: Set language to 'en' from request headers
INFO - 2025-12-10 21:58:46 --> Language filter: Set language to 'en' from request headers
ERROR - 2025-12-10 21:58:46 --> Xendit API key is not configured
ERROR - 2025-12-10 21:58:46 --> Xendit API key is not configured
ERROR - 2025-12-10 21:58:46 --> Xendit API key is not configured
DEBUG - 2025-12-10 21:58:47 --> Session: Class initialized using 'CodeIgniter\Session\Handlers\FileHandler' driver.
INFO - 2025-12-10 21:58:47 --> Language filter: Set language to 'en' from request headers
ERROR - 2025-12-10 21:58:47 --> Xendit API key is not configured
DEBUG - 2025-12-10 21:58:58 --> Session: Class initialized using 'CodeIgniter\Session\Handlers\FileHandler' driver.
DEBUG - 2025-12-10 21:58:58 --> Session: Class initialized using 'CodeIgniter\Session\Handlers\FileHandler' driver.
DEBUG - 2025-12-10 21:58:58 --> Session: Class initialized using 'CodeIgniter\Session\Handlers\FileHandler' driver.
INFO - 2025-12-10 21:58:58 --> Language filter: Set language to 'en' from request headers
INFO - 2025-12-10 21:58:58 --> Language filter: Set language to 'en' from request headers
INFO - 2025-12-10 21:58:58 --> Language filter: Set language to 'en' from request headers
ERROR - 2025-12-10 21:58:58 --> Xendit API key is not configured
ERROR - 2025-12-10 21:58:58 --> Xendit API key is not configured
ERROR - 2025-12-10 21:58:58 --> Xendit API key is not configured
DEBUG - 2025-12-10 21:58:59 --> Session: Class initialized using 'CodeIgniter\Session\Handlers\FileHandler' driver.
INFO - 2025-12-10 21:58:59 --> Language filter: Set language to 'en' from request headers
ERROR - 2025-12-10 21:58:59 --> Xendit API key is not configured
DEBUG - 2025-12-10 21:59:25 --> Session: Class initialized using 'CodeIgniter\Session\Handlers\FileHandler' driver.
DEBUG - 2025-12-10 21:59:25 --> Session: Class initialized using 'CodeIgniter\Session\Handlers\FileHandler' driver.
INFO - 2025-12-10 21:59:25 --> Language filter: Set language to 'en' from request headers
INFO - 2025-12-10 21:59:25 --> Language filter: Set language to 'en' from request headers
ERROR - 2025-12-10 21:59:25 --> Xendit API key is not configured
ERROR - 2025-12-10 21:59:25 --> Xendit API key is not configured
DEBUG - 2025-12-10 21:59:27 --> Session: Class initialized using 'CodeIgniter\Session\Handlers\FileHandler' driver.
INFO - 2025-12-10 21:59:27 --> Language filter: Set language to 'en' from request headers
ERROR - 2025-12-10 21:59:27 --> Xendit API key is not configured
DEBUG - 2025-12-10 21:59:31 --> Session: Class initialized using 'CodeIgniter\Session\Handlers\FileHandler' driver.
DEBUG - 2025-12-10 21:59:31 --> Session: Class initialized using 'CodeIgniter\Session\Handlers\FileHandler' driver.
INFO - 2025-12-10 21:59:31 --> Language filter: Set language to 'en' from request headers
INFO - 2025-12-10 21:59:31 --> Language filter: Set language to 'en' from request headers
ERROR - 2025-12-10 21:59:31 --> Xendit API key is not configured
ERROR - 2025-12-10 21:59:31 --> Xendit API key is not configured
DEBUG - 2025-12-10 21:59:32 --> Session: Class initialized using 'CodeIgniter\Session\Handlers\FileHandler' driver.
INFO - 2025-12-10 21:59:32 --> Language filter: Set language to 'en' from request headers
DEBUG - 2025-12-10 21:59:32 --> Session: Class initialized using 'CodeIgniter\Session\Handlers\FileHandler' driver.
ERROR - 2025-12-10 21:59:32 --> Xendit API key is not configured
INFO - 2025-12-10 21:59:32 --> Language filter: Set language to 'en' from request headers
ERROR - 2025-12-10 21:59:32 --> Xendit API key is not configured
DEBUG - 2025-12-10 21:59:32 --> Session: Class initialized using 'CodeIgniter\Session\Handlers\FileHandler' driver.
INFO - 2025-12-10 21:59:32 --> Language filter: Set language to 'fr' from request headers
DEBUG - 2025-12-10 21:59:32 --> Session: Class initialized using 'CodeIgniter\Session\Handlers\FileHandler' driver.
ERROR - 2025-12-10 21:59:32 --> Xendit API key is not configured
INFO - 2025-12-10 21:59:32 --> Language filter: Set language to 'fr' from request headers
ERROR - 2025-12-10 21:59:32 --> Xendit API key is not configured
DEBUG - 2025-12-10 21:59:32 --> Session: Class initialized using 'CodeIgniter\Session\Handlers\FileHandler' driver.
INFO - 2025-12-10 21:59:32 --> Language filter: Set language to 'fr' from request headers
ERROR - 2025-12-10 21:59:32 --> Xendit API key is not configured
DEBUG - 2025-12-10 21:59:45 --> Session: Class initialized using 'CodeIgniter\Session\Handlers\FileHandler' driver.
INFO - 2025-12-10 21:59:45 --> Language filter: Set language to 'fr' from request headers
ERROR - 2025-12-10 21:59:45 --> Xendit API key is not configured
DEBUG - 2025-12-10 21:59:47 --> Session: Class initialized using 'CodeIgniter\Session\Handlers\FileHandler' driver.
INFO - 2025-12-10 21:59:47 --> Language filter: Set language to 'fr' from request headers
ERROR - 2025-12-10 21:59:47 --> Xendit API key is not configured
DEBUG - 2025-12-10 21:59:49 --> Session: Class initialized using 'CodeIgniter\Session\Handlers\FileHandler' driver.
INFO - 2025-12-10 21:59:49 --> Language filter: Set language to 'fr' from request headers
ERROR - 2025-12-10 21:59:49 --> Xendit API key is not configured
DEBUG - 2025-12-10 21:59:54 --> Session: Class initialized using 'CodeIgniter\Session\Handlers\FileHandler' driver.
INFO - 2025-12-10 21:59:54 --> Language filter: Set language to 'fr' from request headers
ERROR - 2025-12-10 21:59:54 --> Xendit API key is not configured
DEBUG - 2025-12-10 21:59:56 --> Session: Class initialized using 'CodeIgniter\Session\Handlers\FileHandler' driver.
INFO - 2025-12-10 21:59:56 --> Language filter: Set language to 'fr' from request headers
ERROR - 2025-12-10 21:59:56 --> Xendit API key is not configured
DEBUG - 2025-12-10 21:59:57 --> Session: Class initialized using 'CodeIgniter\Session\Handlers\FileHandler' driver.
INFO - 2025-12-10 21:59:57 --> Language filter: Set language to 'fr' from request headers
ERROR - 2025-12-10 21:59:57 --> Xendit API key is not configured
DEBUG - 2025-12-10 21:59:59 --> Session: Class initialized using 'CodeIgniter\Session\Handlers\FileHandler' driver.
INFO - 2025-12-10 21:59:59 --> Language filter: Set language to 'fr' from request headers
ERROR - 2025-12-10 21:59:59 --> Xendit API key is not configured
DEBUG - 2025-12-10 22:00:00 --> Session: Class initialized using 'CodeIgniter\Session\Handlers\FileHandler' driver.
INFO - 2025-12-10 22:00:00 --> Language filter: Set language to 'fr' from request headers
ERROR - 2025-12-10 22:00:00 --> Xendit API key is not configured
DEBUG - 2025-12-10 22:00:07 --> Session: Class initialized using 'CodeIgniter\Session\Handlers\FileHandler' driver.
INFO - 2025-12-10 22:00:07 --> Language filter: Set language to 'fr' from request headers
ERROR - 2025-12-10 22:00:07 --> Xendit API key is not configured
DEBUG - 2025-12-10 22:00:09 --> Session: Class initialized using 'CodeIgniter\Session\Handlers\FileHandler' driver.
INFO - 2025-12-10 22:00:09 --> Language filter: Set language to 'fr' from request headers
ERROR - 2025-12-10 22:00:09 --> Xendit API key is not configured
DEBUG - 2025-12-10 22:00:09 --> Session: Class initialized using 'CodeIgniter\Session\Handlers\FileHandler' driver.
INFO - 2025-12-10 22:00:09 --> Language filter: Set language to 'fr' from request headers
ERROR - 2025-12-10 22:00:09 --> Xendit API key is not configured
DEBUG - 2025-12-10 22:00:11 --> Session: Class initialized using 'CodeIgniter\Session\Handlers\FileHandler' driver.
INFO - 2025-12-10 22:00:11 --> Language filter: Set language to 'fr' from request headers
ERROR - 2025-12-10 22:00:11 --> Xendit API key is not configured
DEBUG - 2025-12-10 22:00:13 --> Session: Class initialized using 'CodeIgniter\Session\Handlers\FileHandler' driver.
INFO - 2025-12-10 22:00:13 --> Language filter: Set language to 'fr' from request headers
ERROR - 2025-12-10 22:00:13 --> Xendit API key is not configured
DEBUG - 2025-12-10 22:01:26 --> Session: Class initialized using 'CodeIgniter\Session\Handlers\FileHandler' driver.
DEBUG - 2025-12-10 22:01:27 --> Session: Class initialized using 'CodeIgniter\Session\Handlers\FileHandler' driver.
DEBUG - 2025-12-10 22:01:34 --> Session: Class initialized using 'CodeIgniter\Session\Handlers\FileHandler' driver.
DEBUG - 2025-12-10 22:01:35 --> Session: Class initialized using 'CodeIgniter\Session\Handlers\FileHandler' driver.
DEBUG - 2025-12-10 22:01:35 --> Session: Class initialized using 'CodeIgniter\Session\Handlers\FileHandler' driver.
DEBUG - 2025-12-10 22:01:35 --> Session: Class initialized using 'CodeIgniter\Session\Handlers\FileHandler' driver.
DEBUG - 2025-12-10 22:01:35 --> Session: Class initialized using 'CodeIgniter\Session\Handlers\FileHandler' driver.
DEBUG - 2025-12-10 22:01:35 --> Session: Class initialized using 'CodeIgniter\Session\Handlers\FileHandler' driver.
DEBUG - 2025-12-10 22:01:35 --> Session: Class initialized using 'CodeIgniter\Session\Handlers\FileHandler' driver.
DEBUG - 2025-12-10 22:01:35 --> Session: Class initialized using 'CodeIgniter\Session\Handlers\FileHandler' driver.
DEBUG - 2025-12-10 22:01:52 --> Session: Class initialized using 'CodeIgniter\Session\Handlers\FileHandler' driver.
INFO - 2025-12-10 22:01:52 --> Language filter: Set language to 'en' from request headers
ERROR - 2025-12-10 22:01:53 --> Xendit API key is not configured
DEBUG - 2025-12-10 22:01:54 --> Session: Class initialized using 'CodeIgniter\Session\Handlers\FileHandler' driver.
INFO - 2025-12-10 22:01:54 --> Language filter: Set language to 'en' from request headers
ERROR - 2025-12-10 22:01:54 --> Xendit API key is not configured
DEBUG - 2025-12-10 22:03:56 --> Session: Class initialized using 'CodeIgniter\Session\Handlers\FileHandler' driver.
DEBUG - 2025-12-10 22:04:10 --> Session: Class initialized using 'CodeIgniter\Session\Handlers\FileHandler' driver.
DEBUG - 2025-12-10 22:04:11 --> Session: Class initialized using 'CodeIgniter\Session\Handlers\FileHandler' driver.
DEBUG - 2025-12-10 22:04:12 --> Session: Class initialized using 'CodeIgniter\Session\Handlers\FileHandler' driver.
DEBUG - 2025-12-10 22:04:12 --> Session: Class initialized using 'CodeIgniter\Session\Handlers\FileHandler' driver.
DEBUG - 2025-12-10 22:04:12 --> Session: Class initialized using 'CodeIgniter\Session\Handlers\FileHandler' driver.
DEBUG - 2025-12-10 22:04:12 --> Session: Class initialized using 'CodeIgniter\Session\Handlers\FileHandler' driver.
DEBUG - 2025-12-10 22:04:12 --> Session: Class initialized using 'CodeIgniter\Session\Handlers\FileHandler' driver.
DEBUG - 2025-12-10 22:04:12 --> Session: Class initialized using 'CodeIgniter\Session\Handlers\FileHandler' driver.
DEBUG - 2025-12-10 22:04:12 --> Session: Class initialized using 'CodeIgniter\Session\Handlers\FileHandler' driver.
DEBUG - 2025-12-10 22:04:26 --> Session: Class initialized using 'CodeIgniter\Session\Handlers\FileHandler' driver.
DEBUG - 2025-12-10 22:04:26 --> Session: Class initialized using 'CodeIgniter\Session\Handlers\FileHandler' driver.
INFO - 2025-12-10 22:04:26 --> Language filter: Set language to 'fr' from request headers
DEBUG - 2025-12-10 22:04:26 --> Session: Class initialized using 'CodeIgniter\Session\Handlers\FileHandler' driver.
INFO - 2025-12-10 22:04:27 --> Language filter: Set language to 'fr' from request headers
INFO - 2025-12-10 22:04:27 --> Language filter: Set language to 'fr' from request headers
ERROR - 2025-12-10 22:04:27 --> Xendit API key is not configured
ERROR - 2025-12-10 22:04:27 --> Xendit API key is not configured
ERROR - 2025-12-10 22:04:27 --> Xendit API key is not configured
DEBUG - 2025-12-10 22:04:28 --> Session: Class initialized using 'CodeIgniter\Session\Handlers\FileHandler' driver.
INFO - 2025-12-10 22:04:28 --> Language filter: Set language to 'fr' from request headers
ERROR - 2025-12-10 22:04:28 --> Xendit API key is not configured
DEBUG - 2025-12-10 22:04:31 --> Session: Class initialized using 'CodeIgniter\Session\Handlers\FileHandler' driver.
INFO - 2025-12-10 22:04:31 --> Language filter: Set language to 'fr' from request headers
ERROR - 2025-12-10 22:04:31 --> Xendit API key is not configured
DEBUG - 2025-12-10 22:04:32 --> Session: Class initialized using 'CodeIgniter\Session\Handlers\FileHandler' driver.
DEBUG - 2025-12-10 22:04:32 --> Session: Class initialized using 'CodeIgniter\Session\Handlers\FileHandler' driver.
INFO - 2025-12-10 22:04:32 --> Language filter: Set language to 'en' from request headers
INFO - 2025-12-10 22:04:32 --> Language filter: Set language to 'en' from request headers
DEBUG - 2025-12-10 22:04:32 --> Session: Class initialized using 'CodeIgniter\Session\Handlers\FileHandler' driver.
INFO - 2025-12-10 22:04:32 --> Language filter: Set language to 'en' from request headers
ERROR - 2025-12-10 22:04:32 --> Xendit API key is not configured
ERROR - 2025-12-10 22:04:32 --> Xendit API key is not configured
ERROR - 2025-12-10 22:04:32 --> Xendit API key is not configured
DEBUG - 2025-12-10 22:04:32 --> Session: Class initialized using 'CodeIgniter\Session\Handlers\FileHandler' driver.
INFO - 2025-12-10 22:04:32 --> Language filter: Set language to 'en' from request headers
ERROR - 2025-12-10 22:04:32 --> Xendit API key is not configured
DEBUG - 2025-12-10 23:45:46 --> Session: Class initialized using 'CodeIgniter\Session\Handlers\FileHandler' driver.
